 # Detector n:            1   10        
 # N. of x1 intervals          30
  1.1000000E-02  1.1221405E-02   0.000000       0.000000    
  1.1221405E-02  1.1447268E-02   0.000000       0.000000    
  1.1447268E-02  1.1677675E-02   0.000000       0.000000    
  1.1677675E-02  1.1912721E-02   0.000000       0.000000    
  1.1912721E-02  1.2152498E-02   113.9210       57.42875    
  1.2152498E-02  1.2397100E-02   260.5833       37.19167    
  1.2397100E-02  1.2646627E-02   145.9355       49.60160    
  1.2646627E-02  1.2901175E-02   178.8023       44.24560    
  1.2901175E-02  1.3160846E-02   175.3445       44.24559    
  1.3160846E-02  1.3425745E-02   274.9676       34.69444    
  1.3425745E-02  1.3695976E-02   67.37714       70.52338    
  1.3695976E-02  1.3971645E-02   33.00735       99.00000    
  1.3971645E-02  1.4252863E-02   0.000000       0.000000    
  1.4252863E-02  1.4539742E-02   0.000000       0.000000    
  1.4539742E-02  1.4832394E-02   0.000000       0.000000    
  1.4832394E-02  1.5130937E-02   30.50893       99.00000    
  1.5130937E-02  1.5435489E-02   0.000000       0.000000    
  1.5435489E-02  1.5746171E-02   0.000000       0.000000    
  1.5746171E-02  1.6063107E-02   0.000000       0.000000    
  1.6063107E-02  1.6386421E-02   0.000000       0.000000    
  1.6386421E-02  1.6716244E-02   0.000000       0.000000    
  1.6716244E-02  1.7052704E-02   0.000000       0.000000    
  1.7052704E-02  1.7395938E-02   0.000000       0.000000    
  1.7395938E-02  1.7746078E-02   0.000000       0.000000    
  1.7746078E-02  1.8103268E-02   0.000000       0.000000    
  1.8103268E-02  1.8467646E-02   0.000000       0.000000    
  1.8467646E-02  1.8839359E-02   0.000000       0.000000    
  1.8839359E-02  1.9218553E-02   0.000000       0.000000    
  1.9218553E-02  1.9605380E-02   0.000000       0.000000    
  1.9605380E-02  1.9999992E-02   0.000000       0.000000    


 # Detector n:            2   9         
 # N. of x1 intervals          30
  1.1000000E-02  1.1221405E-02   399.7394       28.97330    
  1.1221405E-02  1.1447268E-02   391.9126       32.82112    
  1.1447268E-02  1.1677675E-02   236.4139       38.95767    
  1.1677675E-02  1.1912721E-02   347.5950       28.01487    
  1.1912721E-02  1.2152498E-02   198.8009       37.19167    
  1.2152498E-02  1.2397100E-02   111.3750       49.58893    
  1.2397100E-02  1.2646627E-02   0.000000       0.000000    
  1.2646627E-02  1.2901175E-02   0.000000       0.000000    
  1.2901175E-02  1.3160846E-02   0.000000       0.000000    
  1.3160846E-02  1.3425745E-02   0.000000       0.000000    
  1.3425745E-02  1.3695976E-02   0.000000       0.000000    
  1.3695976E-02  1.3971645E-02   0.000000       0.000000    
  1.3971645E-02  1.4252863E-02   0.000000       0.000000    
  1.4252863E-02  1.4539742E-02   23.74057       99.00000    
  1.4539742E-02  1.4832394E-02   0.000000       0.000000    
  1.4832394E-02  1.5130937E-02   0.000000       0.000000    
  1.5130937E-02  1.5435489E-02   0.000000       0.000000    
  1.5435489E-02  1.5746171E-02   0.000000       0.000000    
  1.5746171E-02  1.6063107E-02   0.000000       0.000000    
  1.6063107E-02  1.6386421E-02   0.000000       0.000000    
  1.6386421E-02  1.6716244E-02   0.000000       0.000000    
  1.6716244E-02  1.7052704E-02   0.000000       0.000000    
  1.7052704E-02  1.7395938E-02   0.000000       0.000000    
  1.7395938E-02  1.7746078E-02   0.000000       0.000000    
  1.7746078E-02  1.8103268E-02   0.000000       0.000000    
  1.8103268E-02  1.8467646E-02   0.000000       0.000000    
  1.8467646E-02  1.8839359E-02   0.000000       0.000000    
  1.8839359E-02  1.9218553E-02   0.000000       0.000000    
  1.9218553E-02  1.9605380E-02   0.000000       0.000000    
  1.9605380E-02  1.9999992E-02   0.000000       0.000000    


 # Detector n:            3   8         
 # N. of x1 intervals          30
  9.3000000E-03  9.5069809E-03   0.000000       0.000000    
  9.5069809E-03  9.7185681E-03   178.5791       34.69444    
  9.7185681E-03  9.9348649E-03   305.6494       25.79060    
  9.9348649E-03  1.0155976E-02   469.9684       20.10076    
  1.0155976E-02  1.0382007E-02   355.1759       26.03183    
  1.0382007E-02  1.0613069E-02   367.9532       23.82346    
  1.0613069E-02  1.0849274E-02   359.9023       23.82375    
  1.0849274E-02  1.1090736E-02   117.3295       40.28121    
  1.1090736E-02  1.1337571E-02   19.14194       99.00000    
  1.1337571E-02  1.1589901E-02   18.72519       99.00000    
  1.1589901E-02  1.1847845E-02   0.000000       0.000000    
  1.1847845E-02  1.2111532E-02   35.83744       70.52336    
  1.2111532E-02  1.2381086E-02   0.000000       0.000000    
  1.2381086E-02  1.2656639E-02   0.000000       0.000000    
  1.2656639E-02  1.2938325E-02   0.000000       0.000000    
  1.2938325E-02  1.3226281E-02   0.000000       0.000000    
  1.3226281E-02  1.3520646E-02   0.000000       0.000000    
  1.3520646E-02  1.3821562E-02   0.000000       0.000000    
  1.3821562E-02  1.4129174E-02   0.000000       0.000000    
  1.4129174E-02  1.4443633E-02   0.000000       0.000000    
  1.4443633E-02  1.4765091E-02   0.000000       0.000000    
  1.4765091E-02  1.5093704E-02   0.000000       0.000000    
  1.5093704E-02  1.5429629E-02   0.000000       0.000000    
  1.5429629E-02  1.5773032E-02   0.000000       0.000000    
  1.5773032E-02  1.6124075E-02   0.000000       0.000000    
  1.6124075E-02  1.6482934E-02   0.000000       0.000000    
  1.6482934E-02  1.6849779E-02   0.000000       0.000000    
  1.6849779E-02  1.7224787E-02   0.000000       0.000000    
  1.7224787E-02  1.7608142E-02   0.000000       0.000000    
  1.7608142E-02  1.8000029E-02   0.000000       0.000000    


 # Detector n:            4   7         
 # N. of x1 intervals          30
  8.2000000E-03  8.3475234E-03   188.2048       32.62024    
  8.3475234E-03  8.4977020E-03   410.8095       21.20697    
  8.4977020E-03  8.6505814E-03   342.9988       24.65882    
  8.6505814E-03  8.8062119E-03   515.2596       21.27606    
  8.8062119E-03  8.9646410E-03   389.4118       21.20697    
  8.9646410E-03  9.1259219E-03   248.6425       26.84010    
  9.1259219E-03  9.2901038E-03   432.1894       22.32031    
  9.2901038E-03  9.4572389E-03   332.2047       23.82607    
  9.4572389E-03  9.6273813E-03   181.3026       30.85416    
  9.6273813E-03  9.8005850E-03   106.8733       40.28120    
  9.8005850E-03  9.9769039E-03   52.50103       57.42874    
  9.9769039E-03  1.0156396E-02   0.000000       0.000000    
  1.0156396E-02  1.0339117E-02   50.66175       57.42874    
  1.0339117E-02  1.0525125E-02   16.58881       99.00000    
  1.0525125E-02  1.0714479E-02   0.000000       0.000000    
  1.0714479E-02  1.0907240E-02   16.00765       99.00000    
  1.0907240E-02  1.1103469E-02   0.000000       0.000000    
  1.1103469E-02  1.1303228E-02   0.000000       0.000000    
  1.1303228E-02  1.1506582E-02   0.000000       0.000000    
  1.1506582E-02  1.1713593E-02   0.000000       0.000000    
  1.1713593E-02  1.1924329E-02   0.000000       0.000000    
  1.1924329E-02  1.2138856E-02   0.000000       0.000000    
  1.2138856E-02  1.2357242E-02   0.000000       0.000000    
  1.2357242E-02  1.2579558E-02   0.000000       0.000000    
  1.2579558E-02  1.2805874E-02   0.000000       0.000000    
  1.2805874E-02  1.3036260E-02   0.000000       0.000000    
  1.3036260E-02  1.3270792E-02   0.000000       0.000000    
  1.3270792E-02  1.3509543E-02   0.000000       0.000000    
  1.3509543E-02  1.3752589E-02   0.000000       0.000000    
  1.3752589E-02  1.4000008E-02   0.000000       0.000000    


 # Detector n:            5   6         
 # N. of x1 intervals          30
  6.0000001E-03  6.1402433E-03   13.98733       99.00000    
  6.1402433E-03  6.2837643E-03   0.000000       0.000000    
  6.2837643E-03  6.4306399E-03   0.000000       0.000000    
  6.4306399E-03  6.5809488E-03   0.000000       0.000000    
  6.5809488E-03  6.7347707E-03   12.75256       99.00000    
  6.7347707E-03  6.8921880E-03   12.47377       99.00000    
  6.8921880E-03  7.0532849E-03   231.5154       24.24036    
  7.0532849E-03  7.2181476E-03   452.4789       16.35043    
  7.2181476E-03  7.3868632E-03   546.8321       13.72241    
  7.3868632E-03  7.5595225E-03   454.8023       17.28979    
  7.5595225E-03  7.7362177E-03   499.8567       14.49892    
  7.7362177E-03  7.9170428E-03   412.4809       14.54786    
  7.9170428E-03  8.1020948E-03   477.3794       16.42422    
  8.1020948E-03  8.2914717E-03   248.8066       22.48470    
  8.2914717E-03  8.4852753E-03   172.1807       24.65882    
  8.4852753E-03  8.6836088E-03   49.48238       44.24559    
  8.6836088E-03  8.8865785E-03   38.68757       49.60159    
  8.8865785E-03  9.0942914E-03   18.88779       70.52336    
  9.0942914E-03  9.3068602E-03   27.71230       57.42874    
  9.3068602E-03  9.5243976E-03   0.000000       0.000000    
  9.5243976E-03  9.7470190E-03   0.000000       0.000000    
  9.7470190E-03  9.9748438E-03   17.23766       70.52336    
  9.9748438E-03  1.0207995E-02   8.421976       99.00000    
  1.0207995E-02  1.0446595E-02   0.000000       0.000000    
  1.0446595E-02  1.0690772E-02   0.000000       0.000000    
  1.0690772E-02  1.0940656E-02   0.000000       0.000000    
  1.0940656E-02  1.1196381E-02   0.000000       0.000000    
  1.1196381E-02  1.1458084E-02   0.000000       0.000000    
  1.1458084E-02  1.1725903E-02   0.000000       0.000000    
  1.1725903E-02  1.1999982E-02   0.000000       0.000000    


 # Detector n:            6   5         
 # N. of x1 intervals          30
  4.9999999E-03  5.0989306E-03   0.000000       0.000000    
  5.0989306E-03  5.1998184E-03   0.000000       0.000000    
  5.1998184E-03  5.3027025E-03   10.96704       99.00000    
  5.3027025E-03  5.4076225E-03   0.000000       0.000000    
  5.4076225E-03  5.5146185E-03   10.53505       99.00000    
  5.5146185E-03  5.6237313E-03   10.34099       99.00000    
  5.6237313E-03  5.7350034E-03   101.3731       30.86067    
  5.7350034E-03  5.8484767E-03   367.7644       15.75302    
  5.8484767E-03  5.9641954E-03   321.6750       19.03925    
  5.9641954E-03  6.0822037E-03   525.7293       13.52899    
  6.0822037E-03  6.2025469E-03   571.7381       12.66976    
  6.2025469E-03  6.3252710E-03   735.3599       10.80463    
  6.3252710E-03  6.4504240E-03   540.7156       11.93979    
  6.4504240E-03  6.5780524E-03   548.0033       11.85855    
  6.5780524E-03  6.7082066E-03   355.3083       16.24966    
  6.7082066E-03  6.8409364E-03   484.4480       13.38524    
  6.8409364E-03  6.9762915E-03   375.0406       15.16699    
  6.9762915E-03  7.1143257E-03   220.6420       19.35349    
  7.1143257E-03  7.2550904E-03   120.2202       24.84520    
  7.2550904E-03  7.3986403E-03   86.46248       29.33982    
  7.3986403E-03  7.5450307E-03   46.23861       40.28120    
  7.5450307E-03  7.6943175E-03   37.79087       44.24559    
  7.6943175E-03  7.8465585E-03   7.411529       99.00000    
  7.8465585E-03  8.0018118E-03   29.07091       49.60159    
  8.0018118E-03  8.1601357E-03   14.25344       70.52336    
  8.1601357E-03  8.3215935E-03   6.988444       99.00000    
  8.3215935E-03  8.4862458E-03   6.852853       99.00000    
  8.4862458E-03  8.6541558E-03   0.000000       0.000000    
  8.6541558E-03  8.8253878E-03   0.000000       0.000000    
  8.8253878E-03  9.0000080E-03   6.461661       99.00000    


 # Detector n:            7   4         
 # N. of x1 intervals          30
  4.0000002E-03  4.0753162E-03   0.000000       0.000000    
  4.0753162E-03  4.1520502E-03   0.000000       0.000000    
  4.1520502E-03  4.2302292E-03   14.65144       70.52336    
  4.2302292E-03  4.3098801E-03   7.183143       99.00000    
  4.3098801E-03  4.3910309E-03   7.057449       99.00000    
  4.3910309E-03  4.4737095E-03   159.3076       23.96335    
  4.4737095E-03  4.5579448E-03   373.8160       13.77306    
  4.5579448E-03  4.6437662E-03   440.3077       12.25413    
  4.6437662E-03  4.7312039E-03   464.9336       11.33901    
  4.7312039E-03  4.8202877E-03   488.4603       10.84632    
  4.8202877E-03  4.9110488E-03   561.4210       11.56045    
  4.9110488E-03  5.0035189E-03   507.7154       12.14171    
  5.0035189E-03  5.0977301E-03   413.2070       12.48229    
  5.0977301E-03  5.1937150E-03   453.3521       10.68561    
  5.1937150E-03  5.2915076E-03   491.7903       11.12452    
  5.2915076E-03  5.3911409E-03   356.2808       12.29154    
  5.3911409E-03  5.4926509E-03   485.1042       9.547879    
  5.4926509E-03  5.5960719E-03   476.1058       10.75314    
  5.5960719E-03  5.7014404E-03   342.3529       12.13129    
  5.7014404E-03  5.8087925E-03   181.3130       17.67263    
  5.8087925E-03  5.9181661E-03   136.1185       18.26856    
  5.9181661E-03  6.0295993E-03   102.7399       22.36181    
  6.0295993E-03  6.1431308E-03   80.70317       25.57254    
  6.1431308E-03  6.2587997E-03   49.49370       33.95877    
  6.2587997E-03  6.3766465E-03   48.57416       30.86068    
  6.3766465E-03  6.4967121E-03   19.08012       49.60159    
  6.4967121E-03  6.6190390E-03   4.681875       99.00000    
  6.6190390E-03  6.7436686E-03   22.97215       44.24559    
  6.7436686E-03  6.8706451E-03   13.52676       57.42875    
  6.8706451E-03  7.0000123E-03   17.69498       49.60159    


 # Detector n:            8   3         
 # N. of x1 intervals          30
  3.0000000E-03  3.0701216E-03   5.859253       99.00000    
  3.0701216E-03  3.1418821E-03   0.000000       0.000000    
  3.1418821E-03  3.2153199E-03   0.000000       0.000000    
  3.2153199E-03  3.2904744E-03   5.466877       99.00000    
  3.2904744E-03  3.3673854E-03   16.02604       74.37769    
  3.3673854E-03  3.4460940E-03   88.69305       23.20426    
  3.4460940E-03  3.5266425E-03   525.2117       9.693345    
  3.5266425E-03  3.6090738E-03   543.0966       9.754390    
  3.6090738E-03  3.6934316E-03   671.9299       8.650831    
  3.6934316E-03  3.7797613E-03   737.4370       7.989635    
  3.7797613E-03  3.8681088E-03   702.0244       7.771912    
  3.8681088E-03  3.9585214E-03   731.4102       7.891780    
  3.9585214E-03  4.0510474E-03   643.7014       7.894674    
  4.0510474E-03  4.1457359E-03   602.9346       8.872839    
  4.1457359E-03  4.2426377E-03   466.2471       8.565440    
  4.2426377E-03  4.3418044E-03   244.3735       12.79500    
  4.3418044E-03  4.4432892E-03   149.7455       16.65836    
  4.4432892E-03  4.5471457E-03   134.4612       16.12918    
  4.5471457E-03  4.6534301E-03   77.30172       23.45515    
  4.6534301E-03  4.7621988E-03   41.53600       29.34265    
  4.7621988E-03  4.8735095E-03   33.21250       36.22721    
  4.8735095E-03  4.9874219E-03   36.03909       30.86068    
  4.9874219E-03  5.1039974E-03   42.27887       30.40641    
  5.1039974E-03  5.2232975E-03   10.32486       57.42875    
  5.2232975E-03  5.3453860E-03   30.28395       32.62024    
  5.3453860E-03  5.4703280E-03   16.43868       44.24559    
  5.4703280E-03  5.5981907E-03   12.84351       49.60159    
  5.5981907E-03  5.7290420E-03   3.139896       99.00000    
  5.7290420E-03  5.8629517E-03   3.068181       99.00000    
  5.8629517E-03  5.9999912E-03   2.998103       99.00000    


 # Detector n:            9   2         
 # N. of x1 intervals          30
  2.0000001E-03  2.0620285E-03   0.000000       0.000000    
  2.0620285E-03  2.1259806E-03   2.814538       99.00000    
  2.1259806E-03  2.1919163E-03   0.000000       0.000000    
  2.1919163E-03  2.2598968E-03   0.000000       0.000000    
  2.2598968E-03  2.3299856E-03   115.5340       14.83540    
  2.3299856E-03  2.4022483E-03   154.3832       12.29117    
  2.4022483E-03  2.4767523E-03   183.5573       11.16391    
  2.4767523E-03  2.5535666E-03   227.2182       10.71592    
  2.5535666E-03  2.6327635E-03   233.9993       10.07648    
  2.6327635E-03  2.7144165E-03   264.4439       9.006904    
  2.7144165E-03  2.7986020E-03   230.8513       9.675396    
  2.7986020E-03  2.8853985E-03   93.27195       15.16617    
  2.8853985E-03  2.9748869E-03   42.22708       21.71215    
  2.9748869E-03  3.0671505E-03   35.09834       26.30114    
  3.0671505E-03  3.1622758E-03   28.36972       24.84521    
  3.1622758E-03  3.2603513E-03   25.68105       25.79060    
  3.2603513E-03  3.3614684E-03   23.13557       26.84010    
  3.3614684E-03  3.4657216E-03   6.902643       49.60160    
  3.4657216E-03  3.5732083E-03   16.74085       30.86067    
  3.5732083E-03  3.6840285E-03   16.23402       30.86068    
  3.6840285E-03  3.7982857E-03   4.722917       57.42876    
  3.7982857E-03  3.9160866E-03   7.638304       44.24559    
  3.9160866E-03  4.0375409E-03   10.37402       37.19167    
  4.0375409E-03  4.1627618E-03   1.437423       99.00000    
  4.1627618E-03  4.2918669E-03   4.179761       57.42875    
  4.2918669E-03  4.4249757E-03   4.054030       57.42876    
  4.4249757E-03  4.5622126E-03   2.623134       70.52336    
  4.5622126E-03  4.7037061E-03   0.000000       0.000000    
  4.7037061E-03  4.8495876E-03   2.467693       70.52336    
  4.8495876E-03  4.9999938E-03   1.194339       99.00000    


 # Detector n:           10   1         
 # N. of x1 intervals          30
  8.9999998E-04  9.4588078E-04  0.9265189       70.52338    
  9.4588078E-04  9.9410047E-04  0.4410091       99.00000    
  9.9410047E-04  1.0447784E-03   14.68074       17.78617    
  1.0447784E-03  1.0980398E-03   19.55952       14.22999    
  1.0980398E-03  1.1540165E-03   27.34384       13.11594    
  1.1540165E-03  1.2128466E-03   21.68132       12.17180    
  1.2128466E-03  1.2746759E-03   30.60311       11.33975    
  1.2746759E-03  1.3396572E-03   21.92074       13.33153    
  1.3396572E-03  1.4079511E-03   21.79097       13.60383    
  1.4079511E-03  1.4797266E-03   26.06605       11.79850    
  1.4797266E-03  1.5551611E-03   13.81023       15.63242    
  1.5551611E-03  1.6344411E-03   6.971583       19.83019    
  1.6344411E-03  1.7177628E-03   2.296469       36.22036    
  1.7177628E-03  1.8053320E-03   3.642117       26.58321    
  1.8053320E-03  1.8973654E-03   2.079087       42.53318    
  1.8973654E-03  1.9940906E-03  0.6595595       57.42874    
  1.9940906E-03  2.0957466E-03  0.6273578       57.42875    
  2.0957466E-03  2.2025849E-03  0.3976863       70.52340    
  2.2025849E-03  2.3148698E-03   1.514720       38.96170    
  2.3148698E-03  2.4328788E-03   0.000000       0.000000    
  2.4328788E-03  2.5569038E-03  0.3429202       70.52336    
  2.5569038E-03  2.6872512E-03  0.6524100       49.60159    
  2.6872512E-03  2.8242436E-03  0.3104598       70.52336    
  2.8242436E-03  2.9682198E-03  0.1475526       99.00000    
  2.9682198E-03  3.1195357E-03  0.1405360       99.00000    
  3.1195357E-03  3.2785654E-03  0.1337191       99.00000    
  3.2785654E-03  3.4457024E-03  0.1272330       99.00000    
  3.4457024E-03  3.6213596E-03  0.3628210       74.37769    
  3.6213596E-03  3.8059717E-03  0.1151892       99.00000    
  3.8059717E-03  3.9999951E-03   0.000000       0.000000    
