 # Detector n:            1   l-log5    
 # N. of x1 intervals          70
  8.9999998E-04  9.4076752E-04   0.000000       0.000000    
  9.4076752E-04  9.8338176E-04   0.000000       0.000000    
  9.8338176E-04  1.0279262E-03   3.546676       25.83842    
  1.0279262E-03  1.0744885E-03   14.53963       12.50275    
  1.0744885E-03  1.1231599E-03   12.28693       14.02045    
  1.1231599E-03  1.1740359E-03   8.872161       15.45026    
  1.1740359E-03  1.2272166E-03   10.60924       12.91676    
  1.2272166E-03  1.2828060E-03   12.38013       12.12084    
  1.2828060E-03  1.3409137E-03   9.902755       13.33046    
  1.3409137E-03  1.4016534E-03   7.802301       14.93990    
  1.4016534E-03  1.4651445E-03   9.063981       15.47825    
  1.4651445E-03  1.5315115E-03   9.182090       13.05103    
  1.5315115E-03  1.6008848E-03   9.108127       13.43349    
  1.6008848E-03  1.6734005E-03   11.20305       13.06757    
  1.6734005E-03  1.7492010E-03   10.27116       13.40988    
  1.7492010E-03  1.8284350E-03   9.113944       11.45937    
  1.8284350E-03  1.9112581E-03   9.401211       11.73209    
  1.9112581E-03  1.9978329E-03   8.080550       11.74762    
  1.9978329E-03  2.0883293E-03   7.731256       13.98241    
  2.0883293E-03  2.1829249E-03   10.25833       10.36171    
  2.1829249E-03  2.2818053E-03   11.75420       11.34957    
  2.2818053E-03  2.3851648E-03   12.88134       9.242629    
  2.3851648E-03  2.4932064E-03   14.41222       9.324421    
  2.4932064E-03  2.6061418E-03   12.48822       8.669423    
  2.6061418E-03  2.7241928E-03   16.44032       7.907959    
  2.7241928E-03  2.8475914E-03   18.65432       6.913180    
  2.8475914E-03  2.9765794E-03   18.80807       6.882350    
  2.9765794E-03  3.1114104E-03   21.42366       6.579971    
  3.1114104E-03  3.2523489E-03   22.57701       6.181793    
  3.2523489E-03  3.3996713E-03   22.67003       5.943052    
  3.3996713E-03  3.5536671E-03   21.02762       5.513585    
  3.5536671E-03  3.7146385E-03   17.59564       6.464876    
  3.7146385E-03  3.8829015E-03   18.97769       6.202488    
  3.8829015E-03  4.0587862E-03   17.57826       6.385901    
  4.0587862E-03  4.2426381E-03   16.26436       6.637737    
  4.2426381E-03  4.4348179E-03   15.85286       5.721931    
  4.4348179E-03  4.6357033E-03   13.76128       6.324174    
  4.6357033E-03  4.8456881E-03   12.73509       6.417100    
  4.8456881E-03  5.0651841E-03   10.69228       7.273250    
  5.0651841E-03  5.2946233E-03   9.245297       6.382875    
  5.2946233E-03  5.5344552E-03   9.362062       7.387042    
  5.5344552E-03  5.7851509E-03   7.607026       8.181068    
  5.7851509E-03  6.0472023E-03   6.243354       8.058801    
  6.0472023E-03  6.3211243E-03   5.190477       9.367238    
  6.3211243E-03  6.6074538E-03   4.374058       8.913101    
  6.6074538E-03  6.9067534E-03   4.901105       8.910102    
  6.9067534E-03  7.2196103E-03   3.462631       9.791625    
  7.2196103E-03  7.5466391E-03   3.243483       9.994267    
  7.5466391E-03  7.8884810E-03   2.541584       12.02815    
  7.8884810E-03  8.2458081E-03   2.305191       11.84227    
  8.2458081E-03  8.6193206E-03   1.601045       13.50280    
  8.6193206E-03  9.0097524E-03   1.647186       12.52904    
  9.0097524E-03  9.4178692E-03   1.161264       15.68472    
  9.4178692E-03  9.8444726E-03   1.216800       14.68810    
  9.8444726E-03  1.0290400E-02  0.8350985       17.59721    
  1.0290400E-02  1.0756527E-02  0.5325986       20.16379    
  1.0756527E-02  1.1243769E-02  0.6946784       19.34217    
  1.1243769E-02  1.1753080E-02  0.3322874       26.63030    
  1.1753080E-02  1.2285464E-02  0.4874961       20.60814    
  1.2285464E-02  1.2841961E-02  0.4257453       21.77041    
  1.2841961E-02  1.3423666E-02  0.1939754       30.89942    
  1.3423666E-02  1.4031722E-02  7.4250117E-02   49.62169    
  1.4031722E-02  1.4667321E-02   0.000000       0.000000    
  1.4667321E-02  1.5331711E-02   0.000000       0.000000    
  1.5331711E-02  1.6026195E-02   0.000000       0.000000    
  1.6026195E-02  1.6752137E-02   0.000000       0.000000    
  1.6752137E-02  1.7510964E-02   0.000000       0.000000    
  1.7510964E-02  1.8304162E-02   0.000000       0.000000    
  1.8304162E-02  1.9133290E-02   0.000000       0.000000    
  1.9133290E-02  1.9999977E-02  1.3023227E-02   99.00000    


 # Detector n:            2   l-log65   
 # N. of x1 intervals          70
  8.9999998E-04  9.4377127E-04   0.000000       0.000000    
  9.4377127E-04  9.8967133E-04   0.000000       0.000000    
  9.8967133E-04  1.0378038E-03   0.000000       0.000000    
  1.0378038E-03  1.0882772E-03   0.000000       0.000000    
  1.0882772E-03  1.1412053E-03   0.000000       0.000000    
  1.1412053E-03  1.1967075E-03  0.2033623       99.00000    
  1.1967075E-03  1.2549091E-03   0.000000       0.000000    
  1.2549091E-03  1.3159413E-03  0.1849362       99.00000    
  1.3159413E-03  1.3799418E-03   6.523167       17.17042    
  1.3799418E-03  1.4470550E-03   5.211382       17.17098    
  1.4470550E-03  1.5174322E-03   4.650046       19.18440    
  1.5174322E-03  1.5912321E-03   4.739958       16.55145    
  1.5912321E-03  1.6686213E-03   6.559954       14.24344    
  1.6686213E-03  1.7497743E-03   3.614926       19.89191    
  1.7497743E-03  1.8348742E-03   4.773998       15.63399    
  1.8348742E-03  1.9241129E-03   4.552078       17.50576    
  1.9241129E-03  2.0176917E-03   3.255778       17.94381    
  2.0176917E-03  2.1158217E-03   4.023915       16.42345    
  2.1158217E-03  2.2187240E-03   5.044395       15.32031    
  2.2187240E-03  2.3266312E-03   3.242071       18.91033    
  2.3266312E-03  2.4397864E-03   3.788151       16.42885    
  2.4397864E-03  2.5584449E-03   3.709484       17.31885    
  2.5584449E-03  2.6828742E-03   3.808848       16.04440    
  2.6828742E-03  2.8133553E-03   4.929491       12.52992    
  2.8133553E-03  2.9501820E-03   4.783439       13.95512    
  2.9501820E-03  3.0936634E-03   6.133957       11.17385    
  3.0936634E-03  3.2441232E-03   5.774753       11.44995    
  3.2441232E-03  3.4019002E-03   6.651103       9.982576    
  3.4019002E-03  3.5673508E-03   7.501760       9.536686    
  3.5673508E-03  3.7408483E-03   8.259724       9.149164    
  3.7408483E-03  3.9227833E-03   8.620864       8.546340    
  3.9227833E-03  4.1135671E-03   8.990018       8.036055    
  4.1135671E-03  4.3136296E-03   10.65957       7.910172    
  4.3136296E-03  4.5234216E-03   9.680706       8.260372    
  4.5234216E-03  4.7434173E-03   7.693624       8.116973    
  4.7434173E-03  4.9741124E-03   9.195170       7.336507    
  4.9741124E-03  5.2160271E-03   8.955288       7.488263    
  5.2160271E-03  5.4697073E-03   7.028291       8.587439    
  5.4697073E-03  5.7357256E-03   7.465806       7.580582    
  5.7357256E-03  6.0146810E-03   5.662112       8.038649    
  6.0146810E-03  6.3072038E-03   4.937449       9.069439    
  6.3072038E-03  6.6139530E-03   4.561088       8.288362    
  6.6139530E-03  6.9356211E-03   4.349759       9.258019    
  6.9356211E-03  7.2729336E-03   4.248406       9.614426    
  7.2729336E-03  7.6266509E-03   3.253687       10.30661    
  7.6266509E-03  7.9975715E-03   2.464030       10.94479    
  7.9975715E-03  8.3865318E-03   2.001817       12.08629    
  8.3865318E-03  8.7944083E-03   1.963989       11.96507    
  8.7944083E-03  9.2221228E-03   1.820227       11.36602    
  9.2221228E-03  9.6706385E-03   1.333438       13.23392    
  9.6706385E-03  1.0140968E-02   1.103630       14.36073    
  1.0140968E-02  1.0634171E-02  0.9379045       16.32891    
  1.0634171E-02  1.1151361E-02   1.025348       13.81606    
  1.1151361E-02  1.1693705E-02  0.6449528       17.76987    
  1.1693705E-02  1.2262426E-02  0.4365219       20.16379    
  1.2262426E-02  1.2858806E-02  0.5487770       17.89393    
  1.2858806E-02  1.3484191E-02  0.2886808       25.61834    
  1.3484191E-02  1.4139992E-02  0.3269082       26.48612    
  1.4139992E-02  1.4827687E-02  0.2132692       26.88579    
  1.4827687E-02  1.5548828E-02  0.1408181       32.65645    
  1.5548828E-02  1.6305042E-02  0.1640939       32.08908    
  1.6305042E-02  1.7098034E-02  0.1423067       30.89942    
  1.7098034E-02  1.7929593E-02  1.3573383E-02   99.00000    
  1.7929593E-02  1.8801594E-02   0.000000       0.000000    
  1.8801594E-02  1.9716006E-02   0.000000       0.000000    
  1.9716006E-02  2.0674888E-02   0.000000       0.000000    
  2.0674888E-02  2.1680407E-02   0.000000       0.000000    
  2.1680407E-02  2.2734828E-02   0.000000       0.000000    
  2.2734828E-02  2.3840532E-02  1.0208045E-02   99.00000    
  2.3840532E-02  2.5000010E-02   0.000000       0.000000    


 # Detector n:            3   l-log75   
 # N. of x1 intervals          70
  8.9999998E-04  9.4623258E-04   0.000000       0.000000    
  9.4623258E-04  9.9484017E-04   0.000000       0.000000    
  9.9484017E-04  1.0459446E-03   0.000000       0.000000    
  1.0459446E-03  1.0996743E-03   0.000000       0.000000    
  1.0996743E-03  1.1561641E-03   0.000000       0.000000    
  1.1561641E-03  1.2155557E-03   0.000000       0.000000    
  1.2155557E-03  1.2779982E-03   0.000000       0.000000    
  1.2779982E-03  1.3436484E-03   0.000000       0.000000    
  1.3436484E-03  1.4126711E-03   0.000000       0.000000    
  1.4126711E-03  1.4852394E-03   0.000000       0.000000    
  1.4852394E-03  1.5615354E-03   2.957566       25.56223    
  1.5615354E-03  1.6417508E-03   3.515763       20.39667    
  1.6417508E-03  1.7260867E-03   3.211488       22.54202    
  1.7260867E-03  1.8147550E-03   3.308656       19.13243    
  1.8147550E-03  1.9079782E-03   3.751164       16.55082    
  1.9079782E-03  2.0059901E-03   2.993235       19.13165    
  2.0059901E-03  2.1090370E-03   2.190335       21.26644    
  2.1090370E-03  2.2173773E-03   2.916247       18.28495    
  2.2173773E-03  2.3312829E-03   1.882336       21.87943    
  2.3312829E-03  2.4510399E-03   2.732013       17.89501    
  2.4510399E-03  2.5769486E-03   3.674442       15.57911    
  2.5769486E-03  2.7093254E-03   1.960148       21.51152    
  2.7093254E-03  2.8485022E-03   2.675686       18.61601    
  2.8485022E-03  2.9948284E-03   2.776130       16.12276    
  2.9948284E-03  3.1486715E-03   2.200432       17.52308    
  3.1486715E-03  3.3104173E-03   3.558214       14.70947    
  3.3104173E-03  3.4804719E-03   3.317324       13.52555    
  3.4804719E-03  3.6592621E-03   3.155430       14.10601    
  3.6592621E-03  3.8472367E-03   4.982339       10.84058    
  3.8472367E-03  4.0448676E-03   4.796187       11.97776    
  4.0448676E-03  4.2526508E-03   4.996634       10.54611    
  4.2526508E-03  4.4711074E-03   5.474962       10.00177    
  4.4711074E-03  4.7007860E-03   5.404421       8.812400    
  4.7007860E-03  4.9422635E-03   6.635440       9.290187    
  4.9422635E-03  5.1961453E-03   6.265844       8.925337    
  5.1961453E-03  5.4630688E-03   5.241898       9.258042    
  5.4630688E-03  5.7437043E-03   5.870168       8.670392    
  5.7437043E-03  6.0387556E-03   5.851326       8.287080    
  6.0387556E-03  6.3489638E-03   5.165302       8.906506    
  6.3489638E-03  6.6751074E-03   3.840369       9.445729    
  6.6751074E-03  7.0180045E-03   3.981304       8.838587    
  7.0180045E-03  7.3785163E-03   2.722952       10.50872    
  7.3785163E-03  7.7575473E-03   2.857798       10.01138    
  7.7575473E-03  8.1560491E-03   2.548451       11.22288    
  8.1560491E-03  8.5750213E-03   2.342981       11.47427    
  8.5750213E-03  9.0155164E-03   1.434302       12.18322    
  9.0155164E-03  9.4786398E-03   1.705717       11.59134    
  9.4786398E-03  9.9655529E-03   1.228071       13.76463    
  9.9655529E-03  1.0477479E-02   1.278331       13.07131    
  1.0477479E-02  1.1015702E-02   1.111164       12.96121    
  1.1015702E-02  1.1581574E-02  0.7576991       16.42965    
  1.1581574E-02  1.2176515E-02  0.5879331       17.77045    
  1.2176515E-02  1.2802016E-02  0.6854300       15.99982    
  1.2802016E-02  1.3459650E-02  0.4117941       20.08548    
  1.3459650E-02  1.4151067E-02  0.3264249       21.26644    
  1.4151067E-02  1.4878000E-02  0.4036372       19.13219    
  1.4878000E-02  1.5642276E-02  0.2066818       27.74970    
  1.5642276E-02  1.6445814E-02  0.1123454       38.99048    
  1.6445814E-02  1.7290628E-02  0.1602577       28.05834    
  1.7290628E-02  1.8178839E-02  0.1397453       32.08767    
  1.8178839E-02  1.9112676E-02  8.4558539E-02   37.22229    
  1.9112676E-02  2.0094486E-02  8.0450028E-02   37.22229    
  2.0094486E-02  2.1126732E-02  1.0934447E-02   99.00000    
  2.1126732E-02  2.2212002E-02   0.000000       0.000000    
  2.2212002E-02  2.3353023E-02   0.000000       0.000000    
  2.3353023E-02  2.4552656E-02   0.000000       0.000000    
  2.4552656E-02  2.5813917E-02   0.000000       0.000000    
  2.5813917E-02  2.7139965E-02   0.000000       0.000000    
  2.7139965E-02  2.8534133E-02   0.000000       0.000000    
  2.8534133E-02  2.9999917E-02   0.000000       0.000000    


 # Detector n:            4   l-log9    
 # N. of x1 intervals          70
  8.9999998E-04  9.5316296E-04   0.000000       0.000000    
  9.5316296E-04  1.0094664E-03   0.000000       0.000000    
  1.0094664E-03  1.0690955E-03   0.000000       0.000000    
  1.0690955E-03  1.1322469E-03   0.000000       0.000000    
  1.1322469E-03  1.1991287E-03   0.000000       0.000000    
  1.1991287E-03  1.2699612E-03   0.000000       0.000000    
  1.2699612E-03  1.3449779E-03   0.000000       0.000000    
  1.3449779E-03  1.4244257E-03   0.000000       0.000000    
  1.4244257E-03  1.5085666E-03   0.000000       0.000000    
  1.5085666E-03  1.5976775E-03   0.000000       0.000000    
  1.5976775E-03  1.6920523E-03   0.000000       0.000000    
  1.6920523E-03  1.7920019E-03   0.000000       0.000000    
  1.7920019E-03  1.8978554E-03   2.238355       23.77340    
  1.8978554E-03  2.0099618E-03   1.811465       22.54099    
  2.0099618E-03  2.1286900E-03   1.995913       22.79330    
  2.1286900E-03  2.2544318E-03   1.794198       23.51029    
  2.2544318E-03  2.3876010E-03   2.202754       19.13183    
  2.3876010E-03  2.5286367E-03   1.440216       22.54099    
  2.5286367E-03  2.6780032E-03   1.586510       22.79330    
  2.6780032E-03  2.8361927E-03   1.212545       23.25812    
  2.8361927E-03  3.0037267E-03   1.616382       20.08555    
  3.0037267E-03  3.1811567E-03   1.080930       23.25813    
  3.1811567E-03  3.3690678E-03   1.380976       19.66511    
  3.3690678E-03  3.5680784E-03   1.304292       22.37716    
  3.5680784E-03  3.7788448E-03   1.284829       19.19569    
  3.7788448E-03  4.0020612E-03   1.921135       16.84675    
  4.0020612E-03  4.2384630E-03   2.004725       14.15735    
  4.2384630E-03  4.4888291E-03   2.884448       13.79137    
  4.4888291E-03  4.7539840E-03   2.638346       12.60596    
  4.7539840E-03  5.0348016E-03   2.732634       11.69028    
  5.0348016E-03  5.3322073E-03   2.617982       11.73153    
  5.3322073E-03  5.6471811E-03   3.331642       10.98012    
  5.6471811E-03  5.9807599E-03   3.889775       9.584639    
  5.9807599E-03  6.3340431E-03   3.417294       9.992191    
  6.3340431E-03  6.7081950E-03   3.046203       10.78179    
  6.7081950E-03  7.1044480E-03   3.559271       8.962599    
  7.1044480E-03  7.5241080E-03   2.850325       10.09001    
  7.5241080E-03  7.9685571E-03   2.437417       10.01188    
  7.9685571E-03  8.4392596E-03   2.277250       10.11551    
  8.4392596E-03  8.9377668E-03   1.584375       12.44482    
  8.9377668E-03  9.4657205E-03   1.218187       13.25007    
  9.4657205E-03  1.0024861E-02   1.291568       13.06067    
  1.0024861E-02  1.0617029E-02  0.9335842       13.09916    
  1.0617029E-02  1.1244176E-02  0.9895696       13.62534    
  1.1244176E-02  1.1908370E-02  0.7133574       15.68458    
  1.1908370E-02  1.2611797E-02  0.7379452       15.00843    
  1.2611797E-02  1.3356776E-02  0.4846594       16.83517    
  1.3356776E-02  1.4145761E-02  0.4146957       18.55064    
  1.4145761E-02  1.4981350E-02  0.3510964       21.33795    
  1.4981350E-02  1.5866298E-02  0.2549998       21.26644    
  1.5866298E-02  1.6803520E-02  0.1564877       29.01540    
  1.6803520E-02  1.7796105E-02  0.2501359       21.16884    
  1.7796105E-02  1.8847320E-02  0.1073283       30.89942    
  1.8847320E-02  1.9960631E-02  6.0799148E-02   46.73006    
  1.9960631E-02  2.1139706E-02  8.6126395E-02   32.65645    
  2.1139706E-02  2.2388428E-02  6.3244931E-02   37.22229    
  2.2388428E-02  2.3710912E-02  7.6786861E-02   32.65645    
  2.3710912E-02  2.5111515E-02  8.0586914E-03   99.00000    
  2.5111515E-02  2.6594853E-02   0.000000       0.000000    
  2.6594853E-02  2.8165810E-02   0.000000       0.000000    
  2.8165810E-02  2.9829564E-02   0.000000       0.000000    
  2.9829564E-02  3.1591598E-02   0.000000       0.000000    
  3.1591598E-02  3.3457711E-02   0.000000       0.000000    
  3.3457711E-02  3.5434060E-02   0.000000       0.000000    
  3.5434060E-02  3.7527148E-02   0.000000       0.000000    
  3.7527148E-02  3.9743878E-02   0.000000       0.000000    
  3.9743878E-02  4.2091548E-02   0.000000       0.000000    
  4.2091548E-02  4.4577893E-02   0.000000       0.000000    
  4.4577893E-02  4.7211111E-02   0.000000       0.000000    
  4.7211111E-02  4.9999870E-02   0.000000       0.000000    
