# Detector n:           11   10        
 # N. of x1 intervals          30
  1.0000000E-03  1.1132637E-03   0.000000       0.000000    
  1.1132637E-03  1.2393559E-03   0.000000       0.000000    
  1.2393559E-03  1.3797298E-03   0.000000       0.000000    
  1.3797298E-03  1.5360030E-03   0.000000       0.000000    
  1.5360030E-03  1.7099762E-03   0.000000       0.000000    
  1.7099762E-03  1.9036543E-03   0.000000       0.000000    
  1.9036543E-03  2.1192690E-03   0.000000       0.000000    
  2.1192690E-03  2.3593050E-03   0.000000       0.000000    
  2.3593050E-03  2.6265285E-03   0.000000       0.000000    
  2.6265285E-03  2.9240188E-03   0.000000       0.000000    
  2.9240188E-03  3.2552036E-03   0.000000       0.000000    
  3.2552036E-03  3.6238998E-03   0.000000       0.000000    
  3.6238998E-03  4.0343557E-03   0.000000       0.000000    
  4.0343557E-03  4.4913013E-03   0.000000       0.000000    
  4.4913013E-03  5.0000022E-03   0.000000       0.000000    
  5.0000022E-03  5.5663204E-03   0.000000       0.000000    
  5.5663204E-03  6.1967820E-03   0.000000       0.000000    
  6.1967820E-03  6.8986518E-03   0.000000       0.000000    
  6.8986518E-03  7.6800184E-03   0.000000       0.000000    
  7.6800184E-03  8.5498849E-03   0.000000       0.000000    
  8.5498849E-03  9.5182760E-03   0.000000       0.000000    
  9.5182760E-03  1.0596350E-02   0.000000       0.000000    
  1.0596350E-02  1.1796530E-02   0.000000       0.000000    
  1.1796530E-02  1.3132649E-02   0.000000       0.000000    
  1.3132649E-02  1.4620099E-02   0.000000       0.000000    
  1.4620099E-02  1.6276024E-02   0.000000       0.000000    
  1.6276024E-02  1.8119507E-02   0.000000       0.000000    
  1.8119507E-02  2.0171786E-02   0.000000       0.000000    
  2.0171786E-02  2.2456516E-02   19.92092       52.54771    
  2.2456516E-02  2.5000021E-02   17.89058       44.24560    


 # Detector n:           12   9         
 # N. of x1 intervals          30
  1.0000000E-03  1.1132637E-03   0.000000       0.000000    
  1.1132637E-03  1.2393559E-03   0.000000       0.000000    
  1.2393559E-03  1.3797298E-03   0.000000       0.000000    
  1.3797298E-03  1.5360030E-03   0.000000       0.000000    
  1.5360030E-03  1.7099762E-03   0.000000       0.000000    
  1.7099762E-03  1.9036543E-03   0.000000       0.000000    
  1.9036543E-03  2.1192690E-03   0.000000       0.000000    
  2.1192690E-03  2.3593050E-03   0.000000       0.000000    
  2.3593050E-03  2.6265285E-03   0.000000       0.000000    
  2.6265285E-03  2.9240188E-03   0.000000       0.000000    
  2.9240188E-03  3.2552036E-03   0.000000       0.000000    
  3.2552036E-03  3.6238998E-03   0.000000       0.000000    
  3.6238998E-03  4.0343557E-03   0.000000       0.000000    
  4.0343557E-03  4.4913013E-03   0.000000       0.000000    
  4.4913013E-03  5.0000022E-03   0.000000       0.000000    
  5.0000022E-03  5.5663204E-03   0.000000       0.000000    
  5.5663204E-03  6.1967820E-03   0.000000       0.000000    
  6.1967820E-03  6.8986518E-03   0.000000       0.000000    
  6.8986518E-03  7.6800184E-03   0.000000       0.000000    
  7.6800184E-03  8.5498849E-03   0.000000       0.000000    
  8.5498849E-03  9.5182760E-03   0.000000       0.000000    
  9.5182760E-03  1.0596350E-02   0.000000       0.000000    
  1.0596350E-02  1.1796530E-02   5.674703       99.00000    
  1.1796530E-02  1.3132649E-02   0.000000       0.000000    
  1.3132649E-02  1.4620099E-02   0.000000       0.000000    
  1.4620099E-02  1.6276024E-02   0.000000       0.000000    
  1.6276024E-02  1.8119507E-02   0.000000       0.000000    
  1.8119507E-02  2.0171786E-02   16.58298       44.24560    
  2.0171786E-02  2.2456516E-02   44.70238       26.58198    
  2.2456516E-02  2.5000021E-02   2.677670       99.00000    


 # Detector n:           13   8         
 # N. of x1 intervals          30
  1.0000000E-03  1.1132637E-03   0.000000       0.000000    
  1.1132637E-03  1.2393559E-03   0.000000       0.000000    
  1.2393559E-03  1.3797298E-03   0.000000       0.000000    
  1.3797298E-03  1.5360030E-03   0.000000       0.000000    
  1.5360030E-03  1.7099762E-03   0.000000       0.000000    
  1.7099762E-03  1.9036543E-03   0.000000       0.000000    
  1.9036543E-03  2.1192690E-03   0.000000       0.000000    
  2.1192690E-03  2.3593050E-03   0.000000       0.000000    
  2.3593050E-03  2.6265285E-03   0.000000       0.000000    
  2.6265285E-03  2.9240188E-03   0.000000       0.000000    
  2.9240188E-03  3.2552036E-03   0.000000       0.000000    
  3.2552036E-03  3.6238998E-03   0.000000       0.000000    
  3.6238998E-03  4.0343557E-03   0.000000       0.000000    
  4.0343557E-03  4.4913013E-03   0.000000       0.000000    
  4.4913013E-03  5.0000022E-03   0.000000       0.000000    
  5.0000022E-03  5.5663204E-03   0.000000       0.000000    
  5.5663204E-03  6.1967820E-03   0.000000       0.000000    
  6.1967820E-03  6.8986518E-03   0.000000       0.000000    
  6.8986518E-03  7.6800184E-03   0.000000       0.000000    
  7.6800184E-03  8.5498849E-03   0.000000       0.000000    
  8.5498849E-03  9.5182760E-03   0.000000       0.000000    
  9.5182760E-03  1.0596350E-02   0.000000       0.000000    
  1.0596350E-02  1.1796530E-02   0.000000       0.000000    
  1.1796530E-02  1.3132649E-02   0.000000       0.000000    
  1.3132649E-02  1.4620099E-02   0.000000       0.000000    
  1.4620099E-02  1.6276024E-02   0.000000       0.000000    
  1.6276024E-02  1.8119507E-02   28.18054       29.34265    
  1.8119507E-02  2.0171786E-02   48.32233       20.63493    
  2.0171786E-02  2.2456516E-02   0.000000       0.000000    
  2.2456516E-02  2.5000021E-02   0.000000       0.000000    


 # Detector n:           14   7         
 # N. of x1 intervals          30
  1.0000000E-03  1.1132637E-03   0.000000       0.000000    
  1.1132637E-03  1.2393559E-03   0.000000       0.000000    
  1.2393559E-03  1.3797298E-03   0.000000       0.000000    
  1.3797298E-03  1.5360030E-03   0.000000       0.000000    
  1.5360030E-03  1.7099762E-03   0.000000       0.000000    
  1.7099762E-03  1.9036543E-03   0.000000       0.000000    
  1.9036543E-03  2.1192690E-03   0.000000       0.000000    
  2.1192690E-03  2.3593050E-03   0.000000       0.000000    
  2.3593050E-03  2.6265285E-03   0.000000       0.000000    
  2.6265285E-03  2.9240188E-03   0.000000       0.000000    
  2.9240188E-03  3.2552036E-03   0.000000       0.000000    
  3.2552036E-03  3.6238998E-03   0.000000       0.000000    
  3.6238998E-03  4.0343557E-03   0.000000       0.000000    
  4.0343557E-03  4.4913013E-03   0.000000       0.000000    
  4.4913013E-03  5.0000022E-03   0.000000       0.000000    
  5.0000022E-03  5.5663204E-03   0.000000       0.000000    
  5.5663204E-03  6.1967820E-03   0.000000       0.000000    
  6.1967820E-03  6.8986518E-03   0.000000       0.000000    
  6.8986518E-03  7.6800184E-03   0.000000       0.000000    
  7.6800184E-03  8.5498849E-03   0.000000       0.000000    
  8.5498849E-03  9.5182760E-03   0.000000       0.000000    
  9.5182760E-03  1.0596350E-02   0.000000       0.000000    
  1.0596350E-02  1.1796530E-02   0.000000       0.000000    
  1.1796530E-02  1.3132649E-02   0.000000       0.000000    
  1.3132649E-02  1.4620099E-02   0.000000       0.000000    
  1.4620099E-02  1.6276024E-02   57.73931       16.47354    
  1.6276024E-02  1.8119507E-02   43.50920       19.82835    
  1.8119507E-02  2.0171786E-02   0.000000       0.000000    
  2.0171786E-02  2.2456516E-02   0.000000       0.000000    
  2.2456516E-02  2.5000021E-02   0.000000       0.000000    


 # Detector n:           15   6         
 # N. of x1 intervals          30
  1.0000000E-03  1.1132637E-03   0.000000       0.000000    
  1.1132637E-03  1.2393559E-03   0.000000       0.000000    
  1.2393559E-03  1.3797298E-03   0.000000       0.000000    
  1.3797298E-03  1.5360030E-03   0.000000       0.000000    
  1.5360030E-03  1.7099762E-03   0.000000       0.000000    
  1.7099762E-03  1.9036543E-03   0.000000       0.000000    
  1.9036543E-03  2.1192690E-03   0.000000       0.000000    
  2.1192690E-03  2.3593050E-03   0.000000       0.000000    
  2.3593050E-03  2.6265285E-03   0.000000       0.000000    
  2.6265285E-03  2.9240188E-03   0.000000       0.000000    
  2.9240188E-03  3.2552036E-03   0.000000       0.000000    
  3.2552036E-03  3.6238998E-03   0.000000       0.000000    
  3.6238998E-03  4.0343557E-03   0.000000       0.000000    
  4.0343557E-03  4.4913013E-03   0.000000       0.000000    
  4.4913013E-03  5.0000022E-03   0.000000       0.000000    
  5.0000022E-03  5.5663204E-03   0.000000       0.000000    
  5.5663204E-03  6.1967820E-03   0.000000       0.000000    
  6.1967820E-03  6.8986518E-03   0.000000       0.000000    
  6.8986518E-03  7.6800184E-03   0.000000       0.000000    
  7.6800184E-03  8.5498849E-03   0.000000       0.000000    
  8.5498849E-03  9.5182760E-03   0.000000       0.000000    
  9.5182760E-03  1.0596350E-02   0.000000       0.000000    
  1.0596350E-02  1.1796530E-02   0.000000       0.000000    
  1.1796530E-02  1.3132649E-02   51.41494       18.24360    
  1.3132649E-02  1.4620099E-02   83.14303       12.33905    
  1.4620099E-02  1.6276024E-02   13.03787       32.04902    
  1.6276024E-02  1.8119507E-02   1.065156       99.00000    
  1.8119507E-02  2.0171786E-02   0.000000       0.000000    
  2.0171786E-02  2.2456516E-02   0.000000       0.000000    
  2.2456516E-02  2.5000021E-02   0.000000       0.000000    


 # Detector n:           16   5         
 # N. of x1 intervals          30
  1.0000000E-03  1.1132637E-03   0.000000       0.000000    
  1.1132637E-03  1.2393559E-03   0.000000       0.000000    
  1.2393559E-03  1.3797298E-03   0.000000       0.000000    
  1.3797298E-03  1.5360030E-03   0.000000       0.000000    
  1.5360030E-03  1.7099762E-03   0.000000       0.000000    
  1.7099762E-03  1.9036543E-03   0.000000       0.000000    
  1.9036543E-03  2.1192690E-03   0.000000       0.000000    
  2.1192690E-03  2.3593050E-03   0.000000       0.000000    
  2.3593050E-03  2.6265285E-03   0.000000       0.000000    
  2.6265285E-03  2.9240188E-03   0.000000       0.000000    
  2.9240188E-03  3.2552036E-03   0.000000       0.000000    
  3.2552036E-03  3.6238998E-03   0.000000       0.000000    
  3.6238998E-03  4.0343557E-03   0.000000       0.000000    
  4.0343557E-03  4.4913013E-03   0.000000       0.000000    
  4.4913013E-03  5.0000022E-03   0.000000       0.000000    
  5.0000022E-03  5.5663204E-03   0.000000       0.000000    
  5.5663204E-03  6.1967820E-03   0.000000       0.000000    
  6.1967820E-03  6.8986518E-03   0.000000       0.000000    
  6.8986518E-03  7.6800184E-03   0.000000       0.000000    
  7.6800184E-03  8.5498849E-03   0.000000       0.000000    
  8.5498849E-03  9.5182760E-03   1.163999       99.00000    
  9.5182760E-03  1.0596350E-02   25.10529       19.13012    
  1.0596350E-02  1.1796530E-02   100.5703       9.024147    
  1.1796530E-02  1.3132649E-02   49.81042       12.56667    
  1.3132649E-02  1.4620099E-02   2.275708       57.42874    
  1.4620099E-02  1.6276024E-02   0.000000       0.000000    
  1.6276024E-02  1.8119507E-02   0.000000       0.000000    
  1.8119507E-02  2.0171786E-02   0.000000       0.000000    
  2.0171786E-02  2.2456516E-02   0.000000       0.000000    
  2.2456516E-02  2.5000021E-02   0.000000       0.000000    


 # Detector n:           17   4         
 # N. of x1 intervals          30
  1.0000000E-03  1.1132637E-03   0.000000       0.000000    
  1.1132637E-03  1.2393559E-03   0.000000       0.000000    
  1.2393559E-03  1.3797298E-03   0.000000       0.000000    
  1.3797298E-03  1.5360030E-03   0.000000       0.000000    
  1.5360030E-03  1.7099762E-03   0.000000       0.000000    
  1.7099762E-03  1.9036543E-03   0.000000       0.000000    
  1.9036543E-03  2.1192690E-03   0.000000       0.000000    
  2.1192690E-03  2.3593050E-03   0.000000       0.000000    
  2.3593050E-03  2.6265285E-03   0.000000       0.000000    
  2.6265285E-03  2.9240188E-03   0.000000       0.000000    
  2.9240188E-03  3.2552036E-03   0.000000       0.000000    
  3.2552036E-03  3.6238998E-03   0.000000       0.000000    
  3.6238998E-03  4.0343557E-03   0.000000       0.000000    
  4.0343557E-03  4.4913013E-03   0.000000       0.000000    
  4.4913013E-03  5.0000022E-03   0.000000       0.000000    
  5.0000022E-03  5.5663204E-03   0.000000       0.000000    
  5.5663204E-03  6.1967820E-03   0.000000       0.000000    
  6.1967820E-03  6.8986518E-03   0.000000       0.000000    
  6.8986518E-03  7.6800184E-03   0.000000       0.000000    
  7.6800184E-03  8.5498849E-03   60.55320       10.30687    
  8.5498849E-03  9.5182760E-03   85.14047       8.321751    
  9.5182760E-03  1.0596350E-02   52.04180       9.783995    
  1.0596350E-02  1.1796530E-02   2.859330       40.28122    
  1.1796530E-02  1.3132649E-02   0.000000       0.000000    
  1.3132649E-02  1.4620099E-02   0.000000       0.000000    
  1.4620099E-02  1.6276024E-02   0.000000       0.000000    
  1.6276024E-02  1.8119507E-02   0.000000       0.000000    
  1.8119507E-02  2.0171786E-02   0.000000       0.000000    
  2.0171786E-02  2.2456516E-02   0.000000       0.000000    
  2.2456516E-02  2.5000021E-02   0.000000       0.000000    


 # Detector n:           18   3         
 # N. of x1 intervals          30
  1.0000000E-03  1.1132637E-03   0.000000       0.000000    
  1.1132637E-03  1.2393559E-03   0.000000       0.000000    
  1.2393559E-03  1.3797298E-03   0.000000       0.000000    
  1.3797298E-03  1.5360030E-03   0.000000       0.000000    
  1.5360030E-03  1.7099762E-03   0.000000       0.000000    
  1.7099762E-03  1.9036543E-03   0.000000       0.000000    
  1.9036543E-03  2.1192690E-03   0.000000       0.000000    
  2.1192690E-03  2.3593050E-03   0.000000       0.000000    
  2.3593050E-03  2.6265285E-03   0.000000       0.000000    
  2.6265285E-03  2.9240188E-03   0.000000       0.000000    
  2.9240188E-03  3.2552036E-03   0.000000       0.000000    
  3.2552036E-03  3.6238998E-03   0.000000       0.000000    
  3.6238998E-03  4.0343557E-03   0.000000       0.000000    
  4.0343557E-03  4.4913013E-03   0.000000       0.000000    
  4.4913013E-03  5.0000022E-03   0.000000       0.000000    
  5.0000022E-03  5.5663204E-03   0.000000       0.000000    
  5.5663204E-03  6.1967820E-03   5.860584       32.62025    
  6.1967820E-03  6.8986518E-03   134.0065       6.479277    
  6.8986518E-03  7.6800184E-03   95.14362       6.842387    
  7.6800184E-03  8.5498849E-03   11.80438       20.33603    
  8.5498849E-03  9.5182760E-03  0.4242719       99.00000    
  9.5182760E-03  1.0596350E-02  0.3811064       99.00000    
  1.0596350E-02  1.1796530E-02   0.000000       0.000000    
  1.1796530E-02  1.3132649E-02   0.000000       0.000000    
  1.3132649E-02  1.4620099E-02   0.000000       0.000000    
  1.4620099E-02  1.6276024E-02   0.000000       0.000000    
  1.6276024E-02  1.8119507E-02   0.000000       0.000000    
  1.8119507E-02  2.0171786E-02  0.2001973       99.00000    
  2.0171786E-02  2.2456516E-02   0.000000       0.000000    
  2.2456516E-02  2.5000021E-02   0.000000       0.000000    


 # Detector n:           19   2         
 # N. of x1 intervals          30
  1.0000000E-03  1.1132637E-03   0.000000       0.000000    
  1.1132637E-03  1.2393559E-03   0.000000       0.000000    
  1.2393559E-03  1.3797298E-03   0.000000       0.000000    
  1.3797298E-03  1.5360030E-03   0.000000       0.000000    
  1.5360030E-03  1.7099762E-03   0.000000       0.000000    
  1.7099762E-03  1.9036543E-03   0.000000       0.000000    
  1.9036543E-03  2.1192690E-03   0.000000       0.000000    
  2.1192690E-03  2.3593050E-03   0.000000       0.000000    
  2.3593050E-03  2.6265285E-03   0.000000       0.000000    
  2.6265285E-03  2.9240188E-03   0.000000       0.000000    
  2.9240188E-03  3.2552036E-03   0.000000       0.000000    
  3.2552036E-03  3.6238998E-03   0.000000       0.000000    
  3.6238998E-03  4.0343557E-03   0.000000       0.000000    
  4.0343557E-03  4.4913013E-03   31.11114       11.07524    
  4.4913013E-03  5.0000022E-03   47.39762       8.382290    
  5.0000022E-03  5.5663204E-03   6.988892       22.06803    
  5.5663204E-03  6.1967820E-03   2.283708       34.69444    
  6.1967820E-03  6.8986518E-03  0.2564524       99.00000    
  6.8986518E-03  7.6800184E-03  0.4607218       70.52336    
  7.6800184E-03  8.5498849E-03   0.000000       0.000000    
  8.5498849E-03  9.5182760E-03   0.000000       0.000000    
  9.5182760E-03  1.0596350E-02   0.000000       0.000000    
  1.0596350E-02  1.1796530E-02   0.000000       0.000000    
  1.1796530E-02  1.3132649E-02   0.000000       0.000000    
  1.3132649E-02  1.4620099E-02   0.000000       0.000000    
  1.4620099E-02  1.6276024E-02   0.000000       0.000000    
  1.6276024E-02  1.8119507E-02   0.000000       0.000000    
  1.8119507E-02  2.0171786E-02   0.000000       0.000000    
  2.0171786E-02  2.2456516E-02   0.000000       0.000000    
  2.2456516E-02  2.5000021E-02   0.000000       0.000000    


 # Detector n:           20   1         
 # N. of x1 intervals          30
  1.0000000E-03  1.1132637E-03   0.000000       0.000000    
  1.1132637E-03  1.2393559E-03   0.000000       0.000000    
  1.2393559E-03  1.3797298E-03   0.000000       0.000000    
  1.3797298E-03  1.5360030E-03   0.000000       0.000000    
  1.5360030E-03  1.7099762E-03   0.000000       0.000000    
  1.7099762E-03  1.9036543E-03   2.304869       23.71796    
  1.9036543E-03  2.1192690E-03   4.831229       15.63183    
  2.1192690E-03  2.3593050E-03   3.277565       17.51853    
  2.3593050E-03  2.6265285E-03   3.500760       14.73510    
  2.6265285E-03  2.9240188E-03   1.715154       20.87602    
  2.9240188E-03  3.2552036E-03  0.1282916       70.52340    
  3.2552036E-03  3.6238998E-03  5.7619568E-02   99.00000    
  3.6238998E-03  4.0343557E-03  5.1809154E-02   99.00000    
  4.0343557E-03  4.4913013E-03   0.000000       0.000000    
  4.4913013E-03  5.0000022E-03  4.1761491E-02   99.00000    
  5.0000022E-03  5.5663204E-03   0.000000       0.000000    
  5.5663204E-03  6.1967820E-03   0.000000       0.000000    
  6.1967820E-03  6.8986518E-03   0.000000       0.000000    
  6.8986518E-03  7.6800184E-03   0.000000       0.000000    
  7.6800184E-03  8.5498849E-03   0.000000       0.000000    
  8.5498849E-03  9.5182760E-03   0.000000       0.000000    
  9.5182760E-03  1.0596350E-02   0.000000       0.000000    
  1.0596350E-02  1.1796530E-02   0.000000       0.000000    
  1.1796530E-02  1.3132649E-02   0.000000       0.000000    
  1.3132649E-02  1.4620099E-02   0.000000       0.000000    
  1.4620099E-02  1.6276024E-02   0.000000       0.000000    
  1.6276024E-02  1.8119507E-02   0.000000       0.000000    
  1.8119507E-02  2.0171786E-02   0.000000       0.000000    
  2.0171786E-02  2.2456516E-02   0.000000       0.000000    
  2.2456516E-02  2.5000021E-02   0.000000       0.000000    
