 # Detector n:            1   10        
 # N. of x1 intervals          30
  1.1000000E-02  1.1182065E-02   0.000000       0.000000    
  1.1182065E-02  1.1367144E-02   0.000000       0.000000    
  1.1367144E-02  1.1555285E-02   0.000000       0.000000    
  1.1555285E-02  1.1746542E-02   0.000000       0.000000    
  1.1746542E-02  1.1940963E-02   0.000000       0.000000    
  1.1940963E-02  1.2138602E-02   0.000000       0.000000    
  1.2138602E-02  1.2339513E-02   216.5372       49.62169    
  1.2339513E-02  1.2543748E-02   319.5173       40.30870    
  1.2543748E-02  1.2751365E-02   366.6745       37.22229    
  1.2751365E-02  1.2962418E-02   515.4319       30.89942    
  1.2962418E-02  1.3176964E-02   50.71919       99.00000    
  1.3176964E-02  1.3395060E-02   49.89338       99.00000    
  1.3395060E-02  1.3616767E-02   0.000000       0.000000    
  1.3616767E-02  1.3842143E-02   0.000000       0.000000    
  1.3842143E-02  1.4071249E-02   0.000000       0.000000    
  1.4071249E-02  1.4304148E-02   0.000000       0.000000    
  1.4304148E-02  1.4540901E-02   0.000000       0.000000    
  1.4540901E-02  1.4781574E-02   0.000000       0.000000    
  1.4781574E-02  1.5026229E-02   0.000000       0.000000    
  1.5026229E-02  1.5274934E-02   0.000000       0.000000    
  1.5274934E-02  1.5527755E-02   0.000000       0.000000    
  1.5527755E-02  1.5784761E-02   0.000000       0.000000    
  1.5784761E-02  1.6046019E-02   0.000000       0.000000    
  1.6046019E-02  1.6311603E-02   0.000000       0.000000    
  1.6311603E-02  1.6581584E-02   0.000000       0.000000    
  1.6581584E-02  1.6856031E-02   0.000000       0.000000    
  1.6856031E-02  1.7135022E-02   0.000000       0.000000    
  1.7135022E-02  1.7418630E-02   0.000000       0.000000    
  1.7418630E-02  1.7706933E-02   0.000000       0.000000    
  1.7706933E-02  1.8000007E-02   0.000000       0.000000    


 # Detector n:            2   9         
 # N. of x1 intervals          30
  8.9999996E-03  9.1928337E-03   0.000000       0.000000    
  9.1928337E-03  9.3897982E-03   0.000000       0.000000    
  9.3897982E-03  9.5909843E-03   0.000000       0.000000    
  9.5909843E-03  9.7964797E-03   0.000000       0.000000    
  9.7964797E-03  1.0006379E-02   0.000000       0.000000    
  1.0006379E-02  1.0220775E-02   0.000000       0.000000    
  1.0220775E-02  1.0439766E-02   0.000000       0.000000    
  1.0439766E-02  1.0663447E-02   0.000000       0.000000    
  1.0663447E-02  1.0891922E-02   34.35402       99.00000    
  1.0891922E-02  1.1125292E-02   268.9663       34.72796    
  1.1125292E-02  1.1363662E-02   362.0750       29.38381    
  1.1363662E-02  1.1607139E-02   161.1214       44.26962    
  1.1607139E-02  1.1855833E-02   220.8635       42.37863    
  1.1855833E-02  1.2109856E-02   154.4328       44.26962    
  1.2109856E-02  1.2369322E-02   60.44102       70.53279    
  1.2369322E-02  1.2634346E-02   59.20280       70.53280    
  1.2634346E-02  1.2905049E-02   0.000000       0.000000    
  1.2905049E-02  1.3181552E-02   0.000000       0.000000    
  1.3181552E-02  1.3463980E-02   0.000000       0.000000    
  1.3463980E-02  1.3752459E-02   0.000000       0.000000    
  1.3752459E-02  1.4047118E-02   0.000000       0.000000    
  1.4047118E-02  1.4348092E-02   0.000000       0.000000    
  1.4348092E-02  1.4655513E-02   0.000000       0.000000    
  1.4655513E-02  1.4969521E-02   0.000000       0.000000    
  1.4969521E-02  1.5290258E-02   0.000000       0.000000    
  1.5290258E-02  1.5617866E-02   0.000000       0.000000    
  1.5617866E-02  1.5952494E-02   0.000000       0.000000    
  1.5952494E-02  1.6294291E-02   0.000000       0.000000    
  1.6294291E-02  1.6643412E-02   0.000000       0.000000    
  1.6643412E-02  1.7000014E-02   0.000000       0.000000    


 # Detector n:            3   8         
 # N. of x1 intervals          30
  8.0000004E-03  8.1869913E-03   0.000000       0.000000    
  8.1869913E-03  8.3783530E-03   0.000000       0.000000    
  8.3783530E-03  8.5741868E-03   0.000000       0.000000    
  8.5741868E-03  8.7745981E-03   0.000000       0.000000    
  8.7745981E-03  8.9796949E-03   0.000000       0.000000    
  8.9796949E-03  9.1895843E-03   0.000000       0.000000    
  9.1895843E-03  9.4043808E-03   0.000000       0.000000    
  9.4043808E-03  9.6241971E-03   25.13224       99.00000    
  9.6241971E-03  9.8491516E-03   220.9995       32.65644    
  9.8491516E-03  1.0079364E-02   191.9305       34.72795    
  1.0079364E-02  1.0314957E-02   375.0936       25.61814    
  1.0314957E-02  1.0556058E-02   274.8949       28.05833    
  1.0556058E-02  1.0802793E-02   179.0775       34.72795    
  1.0802793E-02  1.1055296E-02   43.73590       70.53280    
  1.1055296E-02  1.1313701E-02   21.37918       99.00000    
  1.1313701E-02  1.1578145E-02   0.000000       0.000000    
  1.1578145E-02  1.1848771E-02   0.000000       0.000000    
  1.1848771E-02  1.2125722E-02   19.94748       99.00000    
  1.2125722E-02  1.2409147E-02   0.000000       0.000000    
  1.2409147E-02  1.2699197E-02   0.000000       0.000000    
  1.2699197E-02  1.2996025E-02   0.000000       0.000000    
  1.2996025E-02  1.3299793E-02   0.000000       0.000000    
  1.3299793E-02  1.3610660E-02   0.000000       0.000000    
  1.3610660E-02  1.3928793E-02   0.000000       0.000000    
  1.3928793E-02  1.4254363E-02   0.000000       0.000000    
  1.4254363E-02  1.4587542E-02   0.000000       0.000000    
  1.4587542E-02  1.4928509E-02   0.000000       0.000000    
  1.4928509E-02  1.5277445E-02   0.000000       0.000000    
  1.5277445E-02  1.5634539E-02   0.000000       0.000000    
  1.5634539E-02  1.5999977E-02   0.000000       0.000000    


 # Detector n:            4   7         
 # N. of x1 intervals          30
  7.0000002E-03  7.1636173E-03   0.000000       0.000000    
  7.1636173E-03  7.3310584E-03   21.99571       99.00000    
  7.3310584E-03  7.5024134E-03   0.000000       0.000000    
  7.5024134E-03  7.6777735E-03   0.000000       0.000000    
  7.6777735E-03  7.8572324E-03   0.000000       0.000000    
  7.8572324E-03  8.0408864E-03   0.000000       0.000000    
  8.0408864E-03  8.2288329E-03   0.000000       0.000000    
  8.2288329E-03  8.4211724E-03   38.29675       70.53279    
  8.4211724E-03  8.6180074E-03   355.3412       21.87943    
  8.6180074E-03  8.8194432E-03   402.0945       22.12726    
  8.8194432E-03  9.0255877E-03   517.9552       17.89282    
  9.0255877E-03  9.2365500E-03   366.5134       21.76801    
  9.2365500E-03  9.4524436E-03   306.9474       23.87851    
  9.4524436E-03  9.6733840E-03   149.9767       32.65645    
  9.6733840E-03  9.8994877E-03   65.13929       49.62169    
  9.8994877E-03  1.0130877E-02   47.75057       57.44417    
  1.0130877E-02  1.0367675E-02   31.09108       70.53280    
  1.0367675E-02  1.0610007E-02   0.000000       0.000000    
  1.0610007E-02  1.0858004E-02   14.85095       99.00000    
  1.0858004E-02  1.1111797E-02   28.99450       70.53282    
  1.1111797E-02  1.1371522E-02   28.36061       70.53279    
  1.1371522E-02  1.1637319E-02   0.000000       0.000000    
  1.1637319E-02  1.1909327E-02   0.000000       0.000000    
  1.1909327E-02  1.2187694E-02   0.000000       0.000000    
  1.2187694E-02  1.2472567E-02   0.000000       0.000000    
  1.2472567E-02  1.2764099E-02   0.000000       0.000000    
  1.2764099E-02  1.3062445E-02   0.000000       0.000000    
  1.3062445E-02  1.3367765E-02   0.000000       0.000000    
  1.3367765E-02  1.3680221E-02   0.000000       0.000000    
  1.3680221E-02  1.3999980E-02   0.000000       0.000000    


 # Detector n:            5   6         
 # N. of x1 intervals          30
  6.2000002E-03  6.3379873E-03   0.000000       0.000000    
  6.3379873E-03  6.4790458E-03   0.000000       0.000000    
  6.4790458E-03  6.6232434E-03   16.01468       99.00000    
  6.6232434E-03  6.7706504E-03   0.000000       0.000000    
  6.7706504E-03  6.9213384E-03   0.000000       0.000000    
  6.9213384E-03  7.0753796E-03   44.94392       57.44418    
  7.0753796E-03  7.2328495E-03   219.9444       26.62940    
  7.2328495E-03  7.3938239E-03   501.9110       16.91436    
  7.3938239E-03  7.5583812E-03   448.9960       17.96293    
  7.5583812E-03  7.7266004E-03   370.5406       19.41986    
  7.7266004E-03  7.8985635E-03   402.6930       19.34060    
  7.8985635E-03  8.0743544E-03   499.0576       16.42938    
  8.0743544E-03  8.2540577E-03   256.9339       23.51115    
  8.2540577E-03  8.4377602E-03   87.94516       37.22230    
  8.4377602E-03  8.6255511E-03   73.77026       46.72606    
  8.6255511E-03  8.8175209E-03   24.04670       70.53280    
  8.8175209E-03  9.0137636E-03   47.04636       49.62170    
  9.0137636E-03  9.2143742E-03   11.51128       99.00000    
  9.2143742E-03  9.4194496E-03   11.26066       99.00000    
  9.4194496E-03  9.6290894E-03   11.00448       99.00000    
  9.6290894E-03  9.8433942E-03   10.77567       99.00000    
  9.8433942E-03  1.0062469E-02   0.000000       0.000000    
  1.0062469E-02  1.0286420E-02   0.000000       0.000000    
  1.0286420E-02  1.0515355E-02   0.000000       0.000000    
  1.0515355E-02  1.0749384E-02   0.000000       0.000000    
  1.0749384E-02  1.0988623E-02   0.000000       0.000000    
  1.0988623E-02  1.1233185E-02   0.000000       0.000000    
  1.1233185E-02  1.1483192E-02   0.000000       0.000000    
  1.1483192E-02  1.1738761E-02   0.000000       0.000000    
  1.1738761E-02  1.2000020E-02   0.000000       0.000000    


 # Detector n:            6   5         
 # N. of x1 intervals          30
  4.9999999E-03  5.0989306E-03   0.000000       0.000000    
  5.0989306E-03  5.1998184E-03   0.000000       0.000000    
  5.1998184E-03  5.3027025E-03   0.000000       0.000000    
  5.3027025E-03  5.4076225E-03   12.79455       99.00000    
  5.4076225E-03  5.5146185E-03   12.53376       99.00000    
  5.5146185E-03  5.6237313E-03   0.000000       0.000000    
  5.6237313E-03  5.7350034E-03   24.11629       70.53280    
  5.7350034E-03  5.8484767E-03   47.28495       49.62170    
  5.8484767E-03  5.9641954E-03   255.1431       21.16813    
  5.9641954E-03  6.0822037E-03   534.5234       15.07618    
  6.0822037E-03  6.2025469E-03   401.4944       16.12212    
  6.2025469E-03  6.3252710E-03   503.0006       15.62813    
  6.3252710E-03  6.4504240E-03   461.0736       14.69994    
  6.4504240E-03  6.5780524E-03   483.6608       15.32016    
  6.5780524E-03  6.7082066E-03   463.9525       14.24356    
  6.7082066E-03  6.8409364E-03   475.1987       13.81664    
  6.8409364E-03  6.9762915E-03   277.6434       20.27806    
  6.9762915E-03  7.1143257E-03   58.33165       40.30870    
  7.1143257E-03  7.2550904E-03   66.73640       37.21679    
  7.2550904E-03  7.3986403E-03   37.38717       49.62170    
  7.3986403E-03  7.5450307E-03   55.02016       40.30869    
  7.5450307E-03  7.6943175E-03   17.98421       70.53279    
  7.6943175E-03  7.8465585E-03   35.26175       49.62169    
  7.8465585E-03  8.0018118E-03   0.000000       0.000000    
  8.0018118E-03  8.1601357E-03   0.000000       0.000000    
  8.1601357E-03  8.3215935E-03   0.000000       0.000000    
  8.3215935E-03  8.4862458E-03   8.144821       99.00000    
  8.4862458E-03  8.6541558E-03   0.000000       0.000000    
  8.6541558E-03  8.8253878E-03   0.000000       0.000000    
  8.8253878E-03  9.0000080E-03   0.000000       0.000000    


 # Detector n:            7   4         
 # N. of x1 intervals          30
  4.0000002E-03  4.0753162E-03   0.000000       0.000000    
  4.0753162E-03  4.1520502E-03   0.000000       0.000000    
  4.1520502E-03  4.2302292E-03   0.000000       0.000000    
  4.2302292E-03  4.3098801E-03   8.628400       99.00000    
  4.3098801E-03  4.3910309E-03   0.000000       0.000000    
  4.3910309E-03  4.4737095E-03   16.62485       70.53279    
  4.4737095E-03  4.5579448E-03   8.158803       99.00000    
  4.5579448E-03  4.6437662E-03   360.2729       15.25203    
  4.6437662E-03  4.7312039E-03   432.1913       14.56842    
  4.7312039E-03  4.8202877E-03   539.8715       11.23067    
  4.8202877E-03  4.9110488E-03   507.2230       12.91947    
  4.9110488E-03  5.0035189E-03   453.1887       13.59205    
  5.0035189E-03  5.0977301E-03   532.3375       11.18657    
  5.0977301E-03  5.1937150E-03   529.6237       11.05779    
  5.1937150E-03  5.2915076E-03   449.6566       12.67831    
  5.2915076E-03  5.3911409E-03   530.9567       11.15109    
  5.3911409E-03  5.4926509E-03   453.4538       12.92034    
  5.4926509E-03  5.5960719E-03   511.5262       11.59863    
  5.5960719E-03  5.7014404E-03   286.9229       16.48019    
  5.7014404E-03  5.8087925E-03   108.7814       23.25813    
  5.8087925E-03  5.9181661E-03   94.22890       28.25831    
  5.9181661E-03  6.0295993E-03   49.33981       34.72794    
  6.0295993E-03  6.1431308E-03   24.22003       49.60904    
  6.1431308E-03  6.2587997E-03   29.69622       44.26962    
  6.2587997E-03  6.3766465E-03   11.65779       70.53280    
  6.3766465E-03  6.4967121E-03   5.724036       99.00000    
  6.4967121E-03  6.6190390E-03   5.618251       99.00000    
  6.6190390E-03  6.7436686E-03   27.57210       44.26962    
  6.7436686E-03  6.8706451E-03   27.05172       44.26963    
  6.8706451E-03  7.0000123E-03   0.000000       0.000000    


 # Detector n:            8   3         
 # N. of x1 intervals          30
  3.0000000E-03  3.0701216E-03   0.000000       0.000000    
  3.0701216E-03  3.1418821E-03   0.000000       0.000000    
  3.1418821E-03  3.2153199E-03   15.93415       57.44418    
  3.2153199E-03  3.2904744E-03   0.000000       0.000000    
  3.2904744E-03  3.3673854E-03   0.000000       0.000000    
  3.3673854E-03  3.4460940E-03   59.47331       28.05833    
  3.4460940E-03  3.5266425E-03   435.9517       10.65494    
  3.5266425E-03  3.6090738E-03   430.7485       10.07228    
  3.6090738E-03  3.6934316E-03   508.8724       10.12778    
  3.6934316E-03  3.7797613E-03   528.8441       10.15829    
  3.7797613E-03  3.8681088E-03   627.1438       8.907605    
  3.8681088E-03  3.9585214E-03   586.9261       7.991386    
  3.9585214E-03  4.0510474E-03   438.6143       10.73028    
  4.0510474E-03  4.1457359E-03   523.3596       8.942903    
  4.1457359E-03  4.2426377E-03   414.7752       10.11336    
  4.2426377E-03  4.3418044E-03   192.7795       14.02499    
  4.3418044E-03  4.4432892E-03   130.7354       17.24813    
  4.4432892E-03  4.5471457E-03   86.43531       21.51086    
  4.5471457E-03  4.6534301E-03   66.05882       23.87793    
  4.6534301E-03  4.7621988E-03   46.63980       26.88578    
  4.7621988E-03  4.8735095E-03   35.04440       30.89943    
  4.8735095E-03  4.9874219E-03   30.83124       32.65645    
  4.9874219E-03  5.1039974E-03   20.08916       40.30869    
  5.1039974E-03  5.2232975E-03   6.543441       70.53279    
  5.2232975E-03  5.3453860E-03   15.98177       44.26962    
  5.3453860E-03  5.4703280E-03   12.49278       49.62169    
  5.4703280E-03  5.5981907E-03   9.157870       57.44417    
  5.5981907E-03  5.7290420E-03   5.959840       70.53282    
  5.7290420E-03  5.8629517E-03   0.000000       0.000000    
  5.8629517E-03  5.9999912E-03   2.845350       99.00000    


 # Detector n:            9   2         
 # N. of x1 intervals          30
  2.0000001E-03  2.0620285E-03   0.000000       0.000000    
  2.0620285E-03  2.1259806E-03   0.000000       0.000000    
  2.1259806E-03  2.1919163E-03   2.593380       99.00000    
  2.1919163E-03  2.2598968E-03   0.000000       0.000000    
  2.2598968E-03  2.3299856E-03   75.59417       17.17227    
  2.3299856E-03  2.4022483E-03   123.0033       12.85759    
  2.4022483E-03  2.4767523E-03   172.0935       11.71875    
  2.4767523E-03  2.5535666E-03   189.1487       11.24391    
  2.5535666E-03  2.6327635E-03   192.1105       10.03668    
  2.6327635E-03  2.7144165E-03   236.5688       10.00385    
  2.7144165E-03  2.7986020E-03   219.2945       9.360543    
  2.7986020E-03  2.8853985E-03   108.3190       12.87270    
  2.8853985E-03  2.9748869E-03   45.84627       21.75295    
  2.9748869E-03  3.0671505E-03   42.61011       20.60746    
  3.0671505E-03  3.1622758E-03   28.75063       24.03934    
  3.1622758E-03  3.2603513E-03   15.68814       32.65645    
  3.2603513E-03  3.3614684E-03   10.14133       40.30870    
  3.3614684E-03  3.4657216E-03   11.48138       37.22229    
  3.4657216E-03  3.5732083E-03   9.543558       40.30869    
  3.5732083E-03  3.6840285E-03   4.629009       57.44417    
  3.6840285E-03  3.7982857E-03   5.984854       49.62169    
  3.7982857E-03  3.9160866E-03   5.806273       49.62169    
  3.9160866E-03  4.0375409E-03   9.855322       42.37586    
  4.0375409E-03  4.1627618E-03   1.365552       99.00000    
  4.1627618E-03  4.2918669E-03   2.647624       70.53280    
  4.2918669E-03  4.4249757E-03   5.135959       49.62169    
  4.4249757E-03  4.5622126E-03   2.490731       70.53280    
  4.5622126E-03  4.7037061E-03   1.207299       99.00000    
  4.7037061E-03  4.8495876E-03   5.858428       44.26963    
  4.8495876E-03  4.9999938E-03   1.136894       99.00000    


 # Detector n:           10   1         
 # N. of x1 intervals          30
  7.9999998E-04  8.4034173E-04   0.000000       0.000000    
  8.4034173E-04  8.8271784E-04   0.000000       0.000000    
  8.8271784E-04  9.2723081E-04   0.000000       0.000000    
  9.2723081E-04  9.7398844E-04   0.000000       0.000000    
  9.7398844E-04  1.0231039E-03   0.000000       0.000000    
  1.0231039E-03  1.0746962E-03  0.8310691       99.00000    
  1.0746962E-03  1.1288902E-03   0.000000       0.000000    
  1.1288902E-03  1.1858169E-03   24.84628       16.51584    
  1.1858169E-03  1.2456144E-03   33.69053       14.77017    
  1.2456144E-03  1.3084272E-03   42.98881       11.38129    
  1.3084272E-03  1.3744076E-03   30.53151       14.76856    
  1.3744076E-03  1.4437151E-03   16.07735       18.33840    
  1.4437151E-03  1.5165175E-03   4.710392       34.72795    
  1.5165175E-03  1.5929913E-03   6.164600       29.38381    
  1.5929913E-03  1.6733214E-03   3.735766       37.22229    
  1.6733214E-03  1.7577022E-03   1.523892       57.44418    
  1.7577022E-03  1.8463383E-03   2.418216       44.26962    
  1.8463383E-03  1.9394439E-03  0.9210346       70.53279    
  1.9394439E-03  2.0372446E-03  0.4375331       99.00000    
  2.0372446E-03  2.1399772E-03  0.4173631       99.00000    
  2.1399772E-03  2.2478902E-03  0.7946541       70.53279    
  2.2478902E-03  2.3612450E-03   1.512633       49.62169    
  2.3612450E-03  2.4803160E-03   1.079923       57.44418    
  2.4803160E-03  2.6053914E-03   0.000000       0.000000    
  2.6053914E-03  2.7367740E-03  0.3260242       99.00000    
  2.7367740E-03  2.8747818E-03  0.3106837       99.00000    
  2.8747818E-03  3.0197490E-03   0.000000       0.000000    
  3.0197490E-03  3.1720265E-03   0.000000       0.000000    
  3.1720265E-03  3.3319830E-03  0.5358379       70.53280    
  3.3319830E-03  3.5000055E-03  0.2549296       99.00000    
