 # Detector n:            1   8         
 # N. of x1 intervals          40
  8.0000004E-03  8.0639450E-03   0.000000       0.000000    
  8.0639450E-03  8.1284009E-03   0.000000       0.000000    
  8.1284009E-03  8.1933718E-03   0.000000       0.000000    
  8.1933718E-03  8.2588624E-03   0.000000       0.000000    
  8.2588624E-03  8.3248764E-03   0.000000       0.000000    
  8.3248764E-03  8.3914185E-03   0.000000       0.000000    
  8.3914185E-03  8.4584914E-03   0.000000       0.000000    
  8.4584914E-03  8.5261017E-03   0.000000       0.000000    
  8.5261017E-03  8.5942512E-03   0.000000       0.000000    
  8.5942512E-03  8.6629456E-03   0.000000       0.000000    
  8.6629456E-03  8.7321894E-03   0.000000       0.000000    
  8.7321894E-03  8.8019874E-03   0.000000       0.000000    
  8.8019874E-03  8.8723423E-03   0.000000       0.000000    
  8.8723423E-03  8.9432597E-03   0.000000       0.000000    
  8.9432597E-03  9.0147443E-03   0.000000       0.000000    
  9.0147443E-03  9.0867998E-03   0.000000       0.000000    
  9.0867998E-03  9.1594318E-03   0.000000       0.000000    
  9.1594318E-03  9.2326440E-03   0.000000       0.000000    
  9.2326440E-03  9.3064411E-03   0.000000       0.000000    
  9.3064411E-03  9.3808286E-03   0.000000       0.000000    
  9.3808286E-03  9.4558103E-03   0.000000       0.000000    
  9.4558103E-03  9.5313918E-03   0.000000       0.000000    
  9.5313918E-03  9.6075777E-03   0.000000       0.000000    
  9.6075777E-03  9.6843718E-03   0.000000       0.000000    
  9.6843718E-03  9.7617796E-03   0.000000       0.000000    
  9.7617796E-03  9.8398067E-03   0.000000       0.000000    
  9.8398067E-03  9.9184578E-03   0.000000       0.000000    
  9.9184578E-03  9.9977367E-03   161.7661       99.00000    
  9.9977367E-03  1.0077650E-02   0.000000       0.000000    
  1.0077650E-02  1.0158202E-02   1114.316       37.22229    
  1.0158202E-02  1.0239397E-02   631.4769       49.62169    
  1.0239397E-02  1.0321241E-02   783.4785       44.26962    
  1.0321241E-02  1.0403740E-02   310.9063       70.53279    
  1.0403740E-02  1.0486898E-02   0.000000       0.000000    
  1.0486898E-02  1.0570721E-02   305.9950       70.53279    
  1.0570721E-02  1.0655214E-02   0.000000       0.000000    
  1.0655214E-02  1.0740382E-02   150.5807       99.00000    
  1.0740382E-02  1.0826231E-02   0.000000       0.000000    
  1.0826231E-02  1.0912767E-02   0.000000       0.000000    
  1.0912767E-02  1.0999993E-02   146.8798       99.00000    


 # Detector n:            2   7         
 # N. of x1 intervals          40
  8.2000000E-03  8.2213767E-03   0.000000       0.000000    
  8.2213767E-03  8.2428083E-03   0.000000       0.000000    
  8.2428083E-03  8.2642967E-03   0.000000       0.000000    
  8.2642967E-03  8.2858400E-03   0.000000       0.000000    
  8.2858400E-03  8.3074402E-03   0.000000       0.000000    
  8.3074402E-03  8.3290972E-03   0.000000       0.000000    
  8.3290972E-03  8.3508100E-03   0.000000       0.000000    
  8.3508100E-03  8.3725788E-03   0.000000       0.000000    
  8.3725788E-03  8.3944052E-03   0.000000       0.000000    
  8.3944052E-03  8.4162885E-03   0.000000       0.000000    
  8.4162885E-03  8.4382286E-03   0.000000       0.000000    
  8.4382286E-03  8.4602255E-03   408.1036       99.00000    
  8.4602255E-03  8.4822802E-03   0.000000       0.000000    
  8.4822802E-03  8.5043926E-03   0.000000       0.000000    
  8.5043926E-03  8.5265627E-03   0.000000       0.000000    
  8.5265627E-03  8.5487906E-03   0.000000       0.000000    
  8.5487906E-03  8.5710762E-03   0.000000       0.000000    
  8.5710762E-03  8.5934196E-03   0.000000       0.000000    
  8.5934196E-03  8.6158216E-03   0.000000       0.000000    
  8.6158216E-03  8.6382814E-03   0.000000       0.000000    
  8.6382814E-03  8.6608008E-03   0.000000       0.000000    
  8.6608008E-03  8.6833779E-03   397.6158       99.00000    
  8.6833779E-03  8.7060146E-03   0.000000       0.000000    
  8.7060146E-03  8.7287100E-03   0.000000       0.000000    
  8.7287100E-03  8.7514650E-03   0.000000       0.000000    
  8.7514650E-03  8.7742787E-03   393.1029       99.00000    
  8.7742787E-03  8.7971520E-03   392.4733       99.00000    
  8.7971520E-03  8.8200849E-03   782.9056       70.53279    
  8.8200849E-03  8.8430783E-03   390.4350       99.00000    
  8.8430783E-03  8.8661304E-03   1556.511       49.62170    
  8.8661304E-03  8.8892430E-03   776.8145       70.53279    
  8.8892430E-03  8.9124162E-03   774.7947       70.53279    
  8.9124162E-03  8.9356499E-03   772.3938       70.53280    
  8.9356499E-03  8.9589441E-03   1156.156       57.44417    
  8.9589441E-03  8.9822989E-03   383.2314       99.00000    
  8.9822989E-03  9.0057142E-03   383.3839       99.00000    
  9.0057142E-03  9.0291910E-03   382.3871       99.00000    
  9.0291910E-03  9.0527292E-03   762.7857       70.53279    
  9.0527292E-03  9.0763280E-03   0.000000       0.000000    
  9.0763280E-03  9.0999892E-03   758.0654       70.53279    


 # Detector n:            3   6         
 # N. of x1 intervals          40
  7.0000002E-03  7.0211990E-03   0.000000       0.000000    
  7.0211990E-03  7.0424620E-03   0.000000       0.000000    
  7.0424620E-03  7.0637893E-03   0.000000       0.000000    
  7.0637893E-03  7.0851813E-03   0.000000       0.000000    
  7.0851813E-03  7.1066380E-03   0.000000       0.000000    
  7.1066380E-03  7.1281595E-03   0.000000       0.000000    
  7.1281595E-03  7.1497466E-03   0.000000       0.000000    
  7.1497466E-03  7.1713985E-03   0.000000       0.000000    
  7.1713985E-03  7.1931165E-03   0.000000       0.000000    
  7.1931165E-03  7.2149001E-03   0.000000       0.000000    
  7.2149001E-03  7.2367499E-03   0.000000       0.000000    
  7.2367499E-03  7.2586653E-03   0.000000       0.000000    
  7.2586653E-03  7.2806473E-03   0.000000       0.000000    
  7.2806473E-03  7.3026959E-03   0.000000       0.000000    
  7.3026959E-03  7.3248115E-03   0.000000       0.000000    
  7.3248115E-03  7.3469938E-03   0.000000       0.000000    
  7.3469938E-03  7.3692435E-03   0.000000       0.000000    
  7.3692435E-03  7.3915604E-03   0.000000       0.000000    
  7.3915604E-03  7.4139452E-03   0.000000       0.000000    
  7.4139452E-03  7.4363975E-03   0.000000       0.000000    
  7.4363975E-03  7.4589178E-03   0.000000       0.000000    
  7.4589178E-03  7.4815061E-03   264.9518       99.00000    
  7.4815061E-03  7.5041633E-03   1056.343       49.62169    
  7.5041633E-03  7.5268885E-03   1052.891       49.62169    
  7.5268885E-03  7.5496831E-03   525.1184       70.53279    
  7.5496831E-03  7.5725466E-03   1308.571       44.26962    
  7.5725466E-03  7.5954790E-03   521.6913       70.53280    
  7.5954790E-03  7.6184813E-03   1300.681       44.26962    
  7.6184813E-03  7.6415529E-03   2592.729       30.89942    
  7.6415529E-03  7.6646945E-03   1293.097       52.57204    
  7.6646945E-03  7.6879063E-03   1546.258       40.30870    
  7.6879063E-03  7.7111884E-03   1541.590       46.73005    
  7.7111884E-03  7.7345408E-03   2049.759       34.72795    
  7.7345408E-03  7.7579641E-03   766.0198       57.44419    
  7.7579641E-03  7.7814581E-03   254.7387       99.00000    
  7.7814581E-03  7.8050233E-03   761.6548       57.44418    
  7.8050233E-03  7.8286603E-03   253.2028       99.00000    
  7.8286603E-03  7.8523681E-03   0.000000       0.000000    
  7.8523681E-03  7.8761484E-03   502.8492       70.53282    
  7.8761484E-03  7.9000005E-03   0.000000       0.000000    


 # Detector n:            4   5         
 # N. of x1 intervals          40
  6.0000001E-03  6.0120183E-03   0.000000       0.000000    
  6.0120183E-03  6.0240612E-03   0.000000       0.000000    
  6.0240612E-03  6.0361275E-03   0.000000       0.000000    
  6.0361275E-03  6.0482183E-03   0.000000       0.000000    
  6.0482183E-03  6.0603335E-03   0.000000       0.000000    
  6.0603335E-03  6.0724728E-03   0.000000       0.000000    
  6.0724728E-03  6.0846363E-03   0.000000       0.000000    
  6.0846363E-03  6.0968245E-03   0.000000       0.000000    
  6.0968245E-03  6.1090370E-03   0.000000       0.000000    
  6.1090370E-03  6.1212736E-03   0.000000       0.000000    
  6.1212736E-03  6.1335349E-03   0.000000       0.000000    
  6.1335349E-03  6.1458210E-03   0.000000       0.000000    
  6.1458210E-03  6.1581316E-03   0.000000       0.000000    
  6.1581316E-03  6.1704665E-03   0.000000       0.000000    
  6.1704665E-03  6.1828266E-03   0.000000       0.000000    
  6.1828266E-03  6.1952113E-03   0.000000       0.000000    
  6.1952113E-03  6.2076207E-03   0.000000       0.000000    
  6.2076207E-03  6.2200548E-03   0.000000       0.000000    
  6.2200548E-03  6.2325140E-03   0.000000       0.000000    
  6.2325140E-03  6.2449984E-03   0.000000       0.000000    
  6.2449984E-03  6.2575075E-03   552.0443       99.00000    
  6.2575075E-03  6.2700417E-03   1101.331       70.53280    
  6.2700417E-03  6.2826010E-03   1648.968       57.44418    
  6.2826010E-03  6.2951855E-03   548.7402       99.00000    
  6.2951855E-03  6.3077952E-03   1642.930       57.44417    
  6.3077952E-03  6.3204304E-03   2186.194       49.62169    
  6.3204304E-03  6.3330908E-03   1636.368       57.44417    
  6.3330908E-03  6.3457764E-03   3264.561       40.30870    
  6.3457764E-03  6.3584875E-03   2716.386       44.26962    
  6.3584875E-03  6.3712238E-03   1626.574       57.44417    
  6.3712238E-03  6.3839857E-03   1081.674       70.53280    
  6.3839857E-03  6.3967737E-03   2698.508       44.26962    
  6.3967737E-03  6.4095869E-03   2693.114       44.26963    
  6.4095869E-03  6.4224256E-03   2149.861       49.62169    
  6.4224256E-03  6.4352900E-03   1073.587       70.53279    
  6.4352900E-03  6.4481804E-03   0.000000       0.000000    
  6.4481804E-03  6.4610969E-03   1069.299       70.53279    
  6.4610969E-03  6.4740386E-03   533.0471       99.00000    
  6.4740386E-03  6.4870068E-03   532.5140       99.00000    
  6.4870068E-03  6.5000006E-03   0.000000       0.000000    


 # Detector n:            5   4         
 # N. of x1 intervals          40
  3.8999999E-03  3.9300211E-03   0.000000       0.000000    
  3.9300211E-03  3.9602732E-03   0.000000       0.000000    
  3.9602732E-03  3.9907582E-03   0.000000       0.000000    
  3.9907582E-03  4.0214779E-03   0.000000       0.000000    
  4.0214779E-03  4.0524337E-03   0.000000       0.000000    
  4.0524337E-03  4.0836283E-03   0.000000       0.000000    
  4.0836283E-03  4.1150628E-03   0.000000       0.000000    
  4.1150628E-03  4.1467394E-03   0.000000       0.000000    
  4.1467394E-03  4.1786595E-03   0.000000       0.000000    
  4.1786595E-03  4.2108260E-03   0.000000       0.000000    
  4.2108260E-03  4.2432393E-03   0.000000       0.000000    
  4.2432393E-03  4.2759026E-03   0.000000       0.000000    
  4.2759026E-03  4.3088174E-03   0.000000       0.000000    
  4.3088174E-03  4.3419851E-03   0.000000       0.000000    
  4.3419851E-03  4.3754084E-03   0.000000       0.000000    
  4.3754084E-03  4.4090892E-03   0.000000       0.000000    
  4.4090892E-03  4.4430289E-03   0.000000       0.000000    
  4.4430289E-03  4.4772304E-03   0.000000       0.000000    
  4.4772304E-03  4.5116944E-03   0.000000       0.000000    
  4.5116944E-03  4.5464244E-03   0.000000       0.000000    
  4.5464244E-03  4.5814211E-03   0.000000       0.000000    
  4.5814211E-03  4.6166875E-03   0.000000       0.000000    
  4.6166875E-03  4.6522254E-03   0.000000       0.000000    
  4.6522254E-03  4.6880371E-03   0.000000       0.000000    
  4.6880371E-03  4.7241240E-03   0.000000       0.000000    
  4.7241240E-03  4.7604889E-03   0.000000       0.000000    
  4.7604889E-03  4.7971336E-03   0.000000       0.000000    
  4.7971336E-03  4.8340606E-03   0.000000       0.000000    
  4.8340606E-03  4.8712720E-03   0.000000       0.000000    
  4.8712720E-03  4.9087694E-03   0.000000       0.000000    
  4.9087694E-03  4.9465555E-03   0.000000       0.000000    
  4.9465555E-03  4.9846326E-03   90.67895       99.00000    
  4.9846326E-03  5.0230031E-03   899.5027       30.89942    
  5.0230031E-03  5.0616683E-03   1963.950       20.16379    
  5.0616683E-03  5.1006316E-03   2657.527       17.52385    
  5.1006316E-03  5.1398948E-03   2637.402       18.14958    
  5.1398948E-03  5.1794602E-03   1220.706       25.83843    
  5.1794602E-03  5.2193301E-03   952.5286       29.38381    
  5.2193301E-03  5.2595069E-03   1289.012       26.62750    
  5.2595069E-03  5.2999933E-03   426.3314       44.26962    


 # Detector n:            6   3         
 # N. of x1 intervals          40
  3.5000001E-03  3.5094817E-03   0.000000       0.000000    
  3.5094817E-03  3.5189891E-03   0.000000       0.000000    
  3.5189891E-03  3.5285221E-03   0.000000       0.000000    
  3.5285221E-03  3.5380810E-03   0.000000       0.000000    
  3.5380810E-03  3.5476657E-03   0.000000       0.000000    
  3.5476657E-03  3.5572764E-03   153.1314       99.00000    
  3.5572764E-03  3.5669133E-03   0.000000       0.000000    
  3.5669133E-03  3.5765760E-03   0.000000       0.000000    
  3.5765760E-03  3.5862653E-03   0.000000       0.000000    
  3.5862653E-03  3.5959803E-03   0.000000       0.000000    
  3.5959803E-03  3.6057220E-03   0.000000       0.000000    
  3.6057220E-03  3.6154902E-03   0.000000       0.000000    
  3.6154902E-03  3.6252846E-03   0.000000       0.000000    
  3.6252846E-03  3.6351057E-03   0.000000       0.000000    
  3.6351057E-03  3.6449532E-03   0.000000       0.000000    
  3.6449532E-03  3.6548276E-03   0.000000       0.000000    
  3.6548276E-03  3.6647285E-03   0.000000       0.000000    
  3.6647285E-03  3.6746564E-03   0.000000       0.000000    
  3.6746564E-03  3.6846111E-03   0.000000       0.000000    
  3.6846111E-03  3.6945930E-03   0.000000       0.000000    
  3.6945930E-03  3.7046017E-03   0.000000       0.000000    
  3.7046017E-03  3.7146376E-03   146.4978       99.00000    
  3.7146376E-03  3.7247005E-03   146.2482       99.00000    
  3.7247005E-03  3.7347910E-03   437.4135       57.44418    
  3.7347910E-03  3.7449086E-03   872.6089       40.30869    
  3.7449086E-03  3.7550537E-03   1160.384       34.72795    
  3.7550537E-03  3.7652261E-03   1879.752       26.88580    
  3.7652261E-03  3.7754264E-03   1009.695       37.22229    
  3.7754264E-03  3.7856540E-03   1870.040       26.88578    
  3.7856540E-03  3.7959095E-03   1578.409       29.38381    
  3.7959095E-03  3.8061927E-03   2861.768       22.41612    
  3.8061927E-03  3.8165038E-03   1569.749       32.08461    
  3.8165038E-03  3.8268429E-03   2419.292       24.70880    
  3.8268429E-03  3.8372099E-03   2837.784       21.26644    
  3.8372099E-03  3.8476051E-03   1981.932       25.83842    
  3.8476051E-03  3.8580284E-03   2681.418       23.11801    
  3.8580284E-03  3.8684797E-03   2533.784       22.54099    
  3.8684797E-03  3.8789597E-03   1684.766       30.44547    
  3.8789597E-03  3.8894678E-03   1259.916       32.65645    
  3.8894678E-03  3.9000046E-03   977.7214       42.37586    


 # Detector n:            7   2.5       
 # N. of x1 intervals          40
  2.9000000E-03  2.9093828E-03   0.000000       0.000000    
  2.9093828E-03  2.9187959E-03   0.000000       0.000000    
  2.9187959E-03  2.9282395E-03   0.000000       0.000000    
  2.9282395E-03  2.9377139E-03   0.000000       0.000000    
  2.9377139E-03  2.9472187E-03   0.000000       0.000000    
  2.9472187E-03  2.9567543E-03   0.000000       0.000000    
  2.9567543E-03  2.9663208E-03   85.30890       99.00000    
  2.9663208E-03  2.9759181E-03   0.000000       0.000000    
  2.9759181E-03  2.9855466E-03   0.000000       0.000000    
  2.9855466E-03  2.9952063E-03   0.000000       0.000000    
  2.9952063E-03  3.0048972E-03   0.000000       0.000000    
  3.0048972E-03  3.0146192E-03   0.000000       0.000000    
  3.0146192E-03  3.0243730E-03   0.000000       0.000000    
  3.0243730E-03  3.0341581E-03   83.40154       99.00000    
  3.0341581E-03  3.0439752E-03   0.000000       0.000000    
  3.0439752E-03  3.0538237E-03   0.000000       0.000000    
  3.0538237E-03  3.0637044E-03   0.000000       0.000000    
  3.0637044E-03  3.0736169E-03   0.000000       0.000000    
  3.0736169E-03  3.0835613E-03   0.000000       0.000000    
  3.0835613E-03  3.0935381E-03   245.2384       57.44419    
  3.0935381E-03  3.1035470E-03   244.2845       57.44419    
  3.1035470E-03  3.1135886E-03   243.8216       57.44417    
  3.1135886E-03  3.1236624E-03   728.9436       32.65645    
  3.1236624E-03  3.1337689E-03   645.7616       38.98344    
  3.1337689E-03  3.1439080E-03   1770.539       21.16884    
  3.1439080E-03  3.1540801E-03   1283.206       24.03934    
  3.1540801E-03  3.1642849E-03   1039.312       26.88578    
  3.1642849E-03  3.1745229E-03   1354.656       23.25812    
  3.1745229E-03  3.1847940E-03   1350.208       23.25812    
  3.1847940E-03  3.1950981E-03   1266.891       29.86307    
  3.1950981E-03  3.2054358E-03   1183.938       29.79731    
  3.2054358E-03  3.2158068E-03   2202.781       18.28420    
  3.2158068E-03  3.2262115E-03   2038.960       19.13147    
  3.2262115E-03  3.2366498E-03   2188.283       18.97376    
  3.2366498E-03  3.2471218E-03   1947.899       19.59420    
  3.2471218E-03  3.2576278E-03   1475.768       24.29183    
  3.2576278E-03  3.2681676E-03   1161.290       26.62940    
  3.2681676E-03  3.2787416E-03   1234.416       24.03934    
  3.2787416E-03  3.2893498E-03   538.2096       37.22230    
  3.2893498E-03  3.2999925E-03   383.2613       44.26962    


 # Detector n:            8   2         
 # N. of x1 intervals          40
  2.2000000E-03  2.2092073E-03   0.000000       0.000000    
  2.2092073E-03  2.2184530E-03   0.000000       0.000000    
  2.2184530E-03  2.2277373E-03   0.000000       0.000000    
  2.2277373E-03  2.2370606E-03   0.000000       0.000000    
  2.2370606E-03  2.2464229E-03   0.000000       0.000000    
  2.2464229E-03  2.2558242E-03   0.000000       0.000000    
  2.2558242E-03  2.2652650E-03   0.000000       0.000000    
  2.2652650E-03  2.2747454E-03   0.000000       0.000000    
  2.2747454E-03  2.2842654E-03   0.000000       0.000000    
  2.2842654E-03  2.2938251E-03   0.000000       0.000000    
  2.2938251E-03  2.3034250E-03   0.000000       0.000000    
  2.3034250E-03  2.3130651E-03   0.000000       0.000000    
  2.3130651E-03  2.3227455E-03   0.000000       0.000000    
  2.3227455E-03  2.3324664E-03   0.000000       0.000000    
  2.3324664E-03  2.3422278E-03   0.000000       0.000000    
  2.3422278E-03  2.3520302E-03   0.000000       0.000000    
  2.3520302E-03  2.3618736E-03   0.000000       0.000000    
  2.3618736E-03  2.3717585E-03   0.000000       0.000000    
  2.3717585E-03  2.3816843E-03   0.000000       0.000000    
  2.3816843E-03  2.3916520E-03   0.000000       0.000000    
  2.3916520E-03  2.4016611E-03   0.000000       0.000000    
  2.4016611E-03  2.4117124E-03   0.000000       0.000000    
  2.4117124E-03  2.4218056E-03   0.000000       0.000000    
  2.4218056E-03  2.4319410E-03   0.000000       0.000000    
  2.4319410E-03  2.4421189E-03   0.000000       0.000000    
  2.4421189E-03  2.4523393E-03   0.000000       0.000000    
  2.4523393E-03  2.4626025E-03   83.30514       70.53279    
  2.4626025E-03  2.4729087E-03   331.7903       34.72795    
  2.4729087E-03  2.4832580E-03   454.2432       29.38381    
  2.4832580E-03  2.4936507E-03   575.8342       25.83644    
  2.4936507E-03  2.5040868E-03   696.1991       23.25812    
  2.5040868E-03  2.5145665E-03   366.9631       32.65645    
  2.5145665E-03  2.5250902E-03   446.6367       34.58011    
  2.5250902E-03  2.5356580E-03   485.3896       28.05833    
  2.5356580E-03  2.5462699E-03   523.4493       26.88579    
  2.5462699E-03  2.5569263E-03   441.1159       29.38381    
  2.5569263E-03  2.5676272E-03   678.7708       24.70822    
  2.5676272E-03  2.5783728E-03   755.6656       21.87943    
  2.5783728E-03  2.5891636E-03   792.0931       23.51221    
  2.5891636E-03  2.5999995E-03   552.2806       25.83644    


 # Detector n:            9   1.5       
 # N. of x1 intervals          40
  1.6000000E-03  1.6089506E-03   0.000000       0.000000    
  1.6089506E-03  1.6179512E-03   0.000000       0.000000    
  1.6179512E-03  1.6270023E-03   0.000000       0.000000    
  1.6270023E-03  1.6361040E-03   0.000000       0.000000    
  1.6361040E-03  1.6452565E-03   0.000000       0.000000    
  1.6452565E-03  1.6544603E-03   0.000000       0.000000    
  1.6544603E-03  1.6637156E-03   0.000000       0.000000    
  1.6637156E-03  1.6730226E-03   0.000000       0.000000    
  1.6730226E-03  1.6823817E-03   0.000000       0.000000    
  1.6823817E-03  1.6917932E-03   0.000000       0.000000    
  1.6917932E-03  1.7012573E-03   0.000000       0.000000    
  1.7012573E-03  1.7107744E-03   0.000000       0.000000    
  1.7107744E-03  1.7203448E-03   0.000000       0.000000    
  1.7203448E-03  1.7299686E-03   0.000000       0.000000    
  1.7299686E-03  1.7396462E-03   0.000000       0.000000    
  1.7396462E-03  1.7493780E-03   0.000000       0.000000    
  1.7493780E-03  1.7591643E-03   0.000000       0.000000    
  1.7591643E-03  1.7690053E-03   0.000000       0.000000    
  1.7690053E-03  1.7789013E-03   0.000000       0.000000    
  1.7789013E-03  1.7888527E-03   0.000000       0.000000    
  1.7888527E-03  1.7988599E-03   0.000000       0.000000    
  1.7988599E-03  1.8089230E-03   0.000000       0.000000    
  1.8089230E-03  1.8190423E-03   0.000000       0.000000    
  1.8190423E-03  1.8292182E-03   0.000000       0.000000    
  1.8292182E-03  1.8394511E-03   0.000000       0.000000    
  1.8394511E-03  1.8497413E-03   34.89643       99.00000    
  1.8497413E-03  1.8600890E-03   0.000000       0.000000    
  1.8600890E-03  1.8704946E-03   172.5462       44.26962    
  1.8704946E-03  1.8809583E-03   240.0836       37.22229    
  1.8809583E-03  1.8914808E-03   272.9767       38.98948    
  1.8914808E-03  1.9020619E-03   305.4286       32.65644    
  1.9020619E-03  1.9127023E-03   269.9143       34.72795    
  1.9127023E-03  1.9234022E-03   234.8527       42.37863    
  1.9234022E-03  1.9341620E-03   200.2063       40.30869    
  1.9341620E-03  1.9449820E-03   66.37525       70.53279    
  1.9449820E-03  1.9558624E-03   33.00300       99.00000    
  1.9558624E-03  1.9668038E-03   32.78659       99.00000    
  1.9668038E-03  1.9778064E-03   32.63683       99.00000    
  1.9778064E-03  1.9888706E-03   64.91054       70.53279    
  1.9888706E-03  1.9999964E-03   32.27472       99.00000    


 # Detector n:           10   1.4       
 # N. of x1 intervals          40
  1.6000000E-03  1.6068887E-03   0.000000       0.000000    
  1.6068887E-03  1.6138072E-03   43.20967       99.00000    
  1.6138072E-03  1.6207554E-03   0.000000       0.000000    
  1.6207554E-03  1.6277335E-03   0.000000       0.000000    
  1.6277335E-03  1.6347417E-03   0.000000       0.000000    
  1.6347417E-03  1.6417800E-03   0.000000       0.000000    
  1.6417800E-03  1.6488486E-03   0.000000       0.000000    
  1.6488486E-03  1.6559478E-03   0.000000       0.000000    
  1.6559478E-03  1.6630774E-03   0.000000       0.000000    
  1.6630774E-03  1.6702377E-03   0.000000       0.000000    
  1.6702377E-03  1.6774290E-03   0.000000       0.000000    
  1.6774290E-03  1.6846511E-03   0.000000       0.000000    
  1.6846511E-03  1.6919044E-03   0.000000       0.000000    
  1.6919044E-03  1.6991888E-03   0.000000       0.000000    
  1.6991888E-03  1.7065046E-03   0.000000       0.000000    
  1.7065046E-03  1.7138519E-03   0.000000       0.000000    
  1.7138519E-03  1.7212309E-03   0.000000       0.000000    
  1.7212309E-03  1.7286417E-03   0.000000       0.000000    
  1.7286417E-03  1.7360842E-03   0.000000       0.000000    
  1.7360842E-03  1.7435589E-03   40.03413       99.00000    
  1.7435589E-03  1.7510658E-03   119.5875       57.44417    
  1.7510658E-03  1.7586050E-03   158.7664       49.62169    
  1.7586050E-03  1.7661767E-03   118.5643       57.44417    
  1.7661767E-03  1.7737809E-03   236.0334       40.30870    
  1.7737809E-03  1.7814179E-03   391.5981       33.99143    
  1.7814179E-03  1.7890878E-03   273.0293       37.22230    
  1.7890878E-03  1.7967906E-03   155.3534       49.62169    
  1.7967906E-03  1.8045267E-03   154.5714       49.62170    
  1.8045267E-03  1.8122960E-03   115.5086       57.44418    
  1.8122960E-03  1.8200988E-03   115.0134       57.44418    
  1.8200988E-03  1.8279352E-03   152.6302       49.62170    
  1.8279352E-03  1.8358054E-03   0.000000       0.000000    
  1.8358054E-03  1.8437094E-03   113.5405       57.44418    
  1.8437094E-03  1.8516475E-03   0.000000       0.000000    
  1.8516475E-03  1.8596196E-03   75.03355       70.53280    
  1.8596196E-03  1.8676262E-03   37.37463       99.00000    
  1.8676262E-03  1.8756673E-03   74.42880       70.53279    
  1.8756673E-03  1.8837430E-03   74.10973       70.53279    
  1.8837430E-03  1.8918534E-03   0.000000       0.000000    
  1.8918534E-03  1.8999986E-03   0.000000       0.000000    


 # Detector n:           11   1.3       
 # N. of x1 intervals          40
  1.5000000E-03  1.5044791E-03   0.000000       0.000000    
  1.5044791E-03  1.5089716E-03   0.000000       0.000000    
  1.5089716E-03  1.5134775E-03   0.000000       0.000000    
  1.5134775E-03  1.5179969E-03   0.000000       0.000000    
  1.5179969E-03  1.5225298E-03   0.000000       0.000000    
  1.5225298E-03  1.5270761E-03   0.000000       0.000000    
  1.5270761E-03  1.5316361E-03   0.000000       0.000000    
  1.5316361E-03  1.5362096E-03   0.000000       0.000000    
  1.5362096E-03  1.5407968E-03   0.000000       0.000000    
  1.5407968E-03  1.5453978E-03   0.000000       0.000000    
  1.5453978E-03  1.5500125E-03   0.000000       0.000000    
  1.5500125E-03  1.5546409E-03   0.000000       0.000000    
  1.5546409E-03  1.5592832E-03   0.000000       0.000000    
  1.5592832E-03  1.5639394E-03   0.000000       0.000000    
  1.5639394E-03  1.5686094E-03   0.000000       0.000000    
  1.5686094E-03  1.5732934E-03   0.000000       0.000000    
  1.5732934E-03  1.5779913E-03   0.000000       0.000000    
  1.5779913E-03  1.5827033E-03   0.000000       0.000000    
  1.5827033E-03  1.5874294E-03   0.000000       0.000000    
  1.5874294E-03  1.5921695E-03   0.000000       0.000000    
  1.5921695E-03  1.5969239E-03   51.03410       99.00000    
  1.5969239E-03  1.6016924E-03   0.000000       0.000000    
  1.6016924E-03  1.6064752E-03   0.000000       0.000000    
  1.6064752E-03  1.6112722E-03   50.52906       99.00000    
  1.6112722E-03  1.6160837E-03   201.6154       49.62169    
  1.6160837E-03  1.6209094E-03   150.7865       57.44418    
  1.6209094E-03  1.6257495E-03   100.2585       70.53279    
  1.6257495E-03  1.6306042E-03   99.95999       70.53279    
  1.6306042E-03  1.6354732E-03   298.8377       40.30870    
  1.6354732E-03  1.6403568E-03   49.68284       99.00000    
  1.6403568E-03  1.6452551E-03   247.6251       44.26962    
  1.6452551E-03  1.6501680E-03   493.8252       33.99734    
  1.6501680E-03  1.6550955E-03   98.48085       70.53279    
  1.6550955E-03  1.6600378E-03   294.4157       40.30870    
  1.6600378E-03  1.6649948E-03   195.7417       49.62169    
  1.6649948E-03  1.6699665E-03   195.1102       49.62169    
  1.6699665E-03  1.6749531E-03   194.6266       49.62169    
  1.6749531E-03  1.6799547E-03   0.000000       0.000000    
  1.6799547E-03  1.6849712E-03   48.36737       99.00000    
  1.6849712E-03  1.6900026E-03   48.17515       99.00000    


 # Detector n:           12   1.2       
 # N. of x1 intervals          40
  1.4000000E-03  1.4046812E-03   0.000000       0.000000    
  1.4046812E-03  1.4093783E-03   0.000000       0.000000    
  1.4093783E-03  1.4140910E-03   0.000000       0.000000    
  1.4140910E-03  1.4188194E-03   0.000000       0.000000    
  1.4188194E-03  1.4235638E-03   0.000000       0.000000    
  1.4235638E-03  1.4283239E-03   0.000000       0.000000    
  1.4283239E-03  1.4331000E-03   0.000000       0.000000    
  1.4331000E-03  1.4378920E-03   0.000000       0.000000    
  1.4378920E-03  1.4427000E-03   38.89823       99.00000    
  1.4427000E-03  1.4475242E-03   0.000000       0.000000    
  1.4475242E-03  1.4523644E-03   0.000000       0.000000    
  1.4523644E-03  1.4572209E-03   0.000000       0.000000    
  1.4572209E-03  1.4620936E-03   0.000000       0.000000    
  1.4620936E-03  1.4669825E-03   0.000000       0.000000    
  1.4669825E-03  1.4718878E-03   0.000000       0.000000    
  1.4718878E-03  1.4768096E-03   37.99979       99.00000    
  1.4768096E-03  1.4817477E-03   0.000000       0.000000    
  1.4817477E-03  1.4867025E-03   37.74693       99.00000    
  1.4867025E-03  1.4916738E-03   75.20464       70.53280    
  1.4916738E-03  1.4966617E-03   149.9455       49.62169    
  1.4966617E-03  1.5016661E-03   112.0750       57.44418    
  1.5016661E-03  1.5066875E-03   111.7387       57.44417    
  1.5066875E-03  1.5117256E-03   148.4142       49.62169    
  1.5117256E-03  1.5167806E-03   147.9936       49.62169    
  1.5167806E-03  1.5218523E-03   368.6771       30.89942    
  1.5218523E-03  1.5269412E-03   73.46764       70.53280    
  1.5269412E-03  1.5320469E-03   146.4822       49.62169    
  1.5320469E-03  1.5371699E-03   109.5229       57.44417    
  1.5371699E-03  1.5423099E-03   181.8934       44.26962    
  1.5423099E-03  1.5474671E-03   289.9726       34.72795    
  1.5474671E-03  1.5526415E-03   108.3954       57.44418    
  1.5526415E-03  1.5578333E-03   36.02338       99.00000    
  1.5578333E-03  1.5630424E-03   35.86742       99.00000    
  1.5630424E-03  1.5682690E-03   71.56734       70.53279    
  1.5682690E-03  1.5735130E-03   0.000000       0.000000    
  1.5735130E-03  1.5787745E-03   0.000000       0.000000    
  1.5787745E-03  1.5840536E-03   177.1000       44.26962    
  1.5840536E-03  1.5893504E-03   35.27371       99.00000    
  1.5893504E-03  1.5946650E-03   35.19135       99.00000    
  1.5946650E-03  1.5999973E-03   0.000000       0.000000    


 # Detector n:           13   1.1       
 # N. of x1 intervals          40
  1.3900000E-03  1.3914693E-03   0.000000       0.000000    
  1.3914693E-03  1.3929401E-03   0.000000       0.000000    
  1.3929401E-03  1.3944125E-03   0.000000       0.000000    
  1.3944125E-03  1.3958864E-03   0.000000       0.000000    
  1.3958864E-03  1.3973619E-03   0.000000       0.000000    
  1.3973619E-03  1.3988389E-03   0.000000       0.000000    
  1.3988389E-03  1.4003175E-03   0.000000       0.000000    
  1.4003175E-03  1.4017978E-03   0.000000       0.000000    
  1.4017978E-03  1.4032795E-03   0.000000       0.000000    
  1.4032795E-03  1.4047627E-03   0.000000       0.000000    
  1.4047627E-03  1.4062476E-03   0.000000       0.000000    
  1.4062476E-03  1.4077341E-03   0.000000       0.000000    
  1.4077341E-03  1.4092221E-03   0.000000       0.000000    
  1.4092221E-03  1.4107117E-03   0.000000       0.000000    
  1.4107117E-03  1.4122028E-03   0.000000       0.000000    
  1.4122028E-03  1.4136956E-03   0.000000       0.000000    
  1.4136956E-03  1.4151899E-03   0.000000       0.000000    
  1.4151899E-03  1.4166858E-03   0.000000       0.000000    
  1.4166858E-03  1.4181833E-03   0.000000       0.000000    
  1.4181833E-03  1.4196824E-03   0.000000       0.000000    
  1.4196824E-03  1.4211830E-03   0.000000       0.000000    
  1.4211830E-03  1.4226852E-03   0.000000       0.000000    
  1.4226852E-03  1.4241891E-03   0.000000       0.000000    
  1.4241891E-03  1.4256944E-03   0.000000       0.000000    
  1.4256944E-03  1.4272014E-03   0.000000       0.000000    
  1.4272014E-03  1.4287101E-03   0.000000       0.000000    
  1.4287101E-03  1.4302202E-03   0.000000       0.000000    
  1.4302202E-03  1.4317320E-03   0.000000       0.000000    
  1.4317320E-03  1.4332454E-03   0.000000       0.000000    
  1.4332454E-03  1.4347604E-03   0.000000       0.000000    
  1.4347604E-03  1.4362769E-03   0.000000       0.000000    
  1.4362769E-03  1.4377951E-03   0.000000       0.000000    
  1.4377951E-03  1.4393149E-03   0.000000       0.000000    
  1.4393149E-03  1.4408363E-03   0.000000       0.000000    
  1.4408363E-03  1.4423593E-03   0.000000       0.000000    
  1.4423593E-03  1.4438840E-03   0.000000       0.000000    
  1.4438840E-03  1.4454102E-03   0.000000       0.000000    
  1.4454102E-03  1.4469380E-03   158.8019       99.00000    
  1.4469380E-03  1.4484675E-03   0.000000       0.000000    
  1.4484675E-03  1.4499986E-03   0.000000       0.000000    


 # Detector n:           14   1.0       
 # N. of x1 intervals          40
  1.0000000E-03  1.0065808E-03   0.000000       0.000000    
  1.0065808E-03  1.0132048E-03   0.000000       0.000000    
  1.0132048E-03  1.0198724E-03   0.000000       0.000000    
  1.0198724E-03  1.0265838E-03   0.000000       0.000000    
  1.0265838E-03  1.0333395E-03   0.000000       0.000000    
  1.0333395E-03  1.0401396E-03   0.000000       0.000000    
  1.0401396E-03  1.0469845E-03   0.000000       0.000000    
  1.0469845E-03  1.0538744E-03   0.000000       0.000000    
  1.0538744E-03  1.0608096E-03   0.000000       0.000000    
  1.0608096E-03  1.0677906E-03   0.000000       0.000000    
  1.0677906E-03  1.0748174E-03   0.000000       0.000000    
  1.0748174E-03  1.0818904E-03   0.000000       0.000000    
  1.0818904E-03  1.0890100E-03   0.000000       0.000000    
  1.0890100E-03  1.0961764E-03   0.000000       0.000000    
  1.0961764E-03  1.1033901E-03   0.000000       0.000000    
  1.1033901E-03  1.1106512E-03   0.000000       0.000000    
  1.1106512E-03  1.1179601E-03   0.000000       0.000000    
  1.1179601E-03  1.1253171E-03   0.000000       0.000000    
  1.1253171E-03  1.1327224E-03   0.000000       0.000000    
  1.1327224E-03  1.1401766E-03   0.000000       0.000000    
  1.1401766E-03  1.1476796E-03   0.000000       0.000000    
  1.1476796E-03  1.1552322E-03   0.000000       0.000000    
  1.1552322E-03  1.1628345E-03   0.000000       0.000000    
  1.1628345E-03  1.1704868E-03   32.94087       44.26962    
  1.1704868E-03  1.1781894E-03   45.81442       42.38002    
  1.1781894E-03  1.1859427E-03   65.02314       30.89942    
  1.1859427E-03  1.1937470E-03   58.12919       36.25777    
  1.1937470E-03  1.2016027E-03   51.34828       34.72795    
  1.2016027E-03  1.2095101E-03   102.0315       24.03933    
  1.2095101E-03  1.2174696E-03   76.01862       28.05584    
  1.2174696E-03  1.2254814E-03   56.64909       32.65644    
  1.2254814E-03  1.2335459E-03   50.01235       34.72795    
  1.2335459E-03  1.2416636E-03   24.84580       49.62169    
  1.2416636E-03  1.2498345E-03   74.03159       28.05833    
  1.2498345E-03  1.2580594E-03   61.29579       30.89617    
  1.2580594E-03  1.2663383E-03   97.45281       24.03934    
  1.2663383E-03  1.2746718E-03   66.54301       32.08603    
  1.2746718E-03  1.2830599E-03   60.10745       30.89942    
  1.2830599E-03  1.2915034E-03   77.62228       29.01508    
  1.2915034E-03  1.3000024E-03   23.73083       49.62169    
