 # Detector n:            3   ntofA1    
 # N. of x1 intervals         100
  9.9999997E-06  1.0715193E-05   0.000000       0.000000    
  1.0715193E-05  1.1481535E-05   0.000000       0.000000    
  1.1481535E-05  1.2302686E-05   0.000000       0.000000    
  1.2302686E-05  1.3182565E-05   0.000000       0.000000    
  1.3182565E-05  1.4125372E-05   0.000000       0.000000    
  1.4125372E-05  1.5135608E-05   0.000000       0.000000    
  1.5135608E-05  1.6218095E-05   0.000000       0.000000    
  1.6218095E-05  1.7378001E-05   0.000000       0.000000    
  1.7378001E-05  1.8620864E-05   0.000000       0.000000    
  1.8620864E-05  1.9952613E-05   0.000000       0.000000    
  1.9952613E-05  2.1379610E-05   0.000000       0.000000    
  2.1379610E-05  2.2908664E-05   0.000000       0.000000    
  2.2908664E-05  2.4547075E-05   0.000000       0.000000    
  2.4547075E-05  2.6302661E-05   0.000000       0.000000    
  2.6302661E-05  2.8183809E-05   0.000000       0.000000    
  2.8183809E-05  3.0199493E-05   0.000000       0.000000    
  3.0199493E-05  3.2359338E-05   0.000000       0.000000    
  3.2359338E-05  3.4673656E-05   0.000000       0.000000    
  3.4673656E-05  3.7153488E-05   0.000000       0.000000    
  3.7153488E-05  3.9810679E-05   0.000000       0.000000    
  3.9810679E-05  4.2657910E-05   0.000000       0.000000    
  4.2657910E-05  4.5708770E-05   0.000000       0.000000    
  4.5708770E-05  4.8977829E-05   0.000000       0.000000    
  4.8977829E-05  5.2480686E-05   0.000000       0.000000    
  5.2480686E-05  5.6234065E-05   0.000000       0.000000    
  5.6234065E-05  6.0255883E-05   0.000000       0.000000    
  6.0255883E-05  6.4565342E-05   0.000000       0.000000    
  6.4565342E-05  6.9183006E-05   0.000000       0.000000    
  6.9183006E-05  7.4130920E-05   0.000000       0.000000    
  7.4130920E-05  7.9432713E-05   0.000000       0.000000    
  7.9432713E-05  8.5113679E-05   0.000000       0.000000    
  8.5113679E-05  9.1200949E-05   0.000000       0.000000    
  9.1200949E-05  9.7723569E-05   0.000000       0.000000    
  9.7723569E-05  1.0471269E-04   0.000000       0.000000    
  1.0471269E-04  1.1220166E-04   0.000000       0.000000    
  1.1220166E-04  1.2022624E-04   0.000000       0.000000    
  1.2022624E-04  1.2882473E-04   0.000000       0.000000    
  1.2882473E-04  1.3803819E-04   0.000000       0.000000    
  1.3803819E-04  1.4791057E-04   0.000000       0.000000    
  1.4791057E-04  1.5848903E-04   0.000000       0.000000    
  1.5848903E-04  1.6982404E-04   0.000000       0.000000    
  1.6982404E-04  1.8196972E-04   0.000000       0.000000    
  1.8196972E-04  1.9498407E-04   0.000000       0.000000    
  1.9498407E-04  2.0892918E-04   0.000000       0.000000    
  2.0892918E-04  2.2387164E-04   0.000000       0.000000    
  2.2387164E-04  2.3988278E-04   0.000000       0.000000    
  2.3988278E-04  2.5703901E-04   155060.8       99.00000    
  2.5703901E-04  2.7542224E-04   0.000000       0.000000    
  2.7542224E-04  2.9512023E-04   135052.3       99.00000    
  2.9512023E-04  3.1622703E-04   0.000000       0.000000    
  3.1622703E-04  3.3884335E-04   0.000000       0.000000    
  3.3884335E-04  3.6307718E-04   0.000000       0.000000    
  3.6307718E-04  3.8904417E-04   102447.7       99.00000    
  3.8904417E-04  4.1686834E-04   95609.71       99.00000    
  4.1686834E-04  4.4668245E-04   0.000000       0.000000    
  4.4668245E-04  4.7862885E-04   0.000000       0.000000    
  4.7862885E-04  5.1286002E-04   0.000000       0.000000    
  5.1286002E-04  5.4953940E-04   0.000000       0.000000    
  5.4953940E-04  5.8884203E-04   0.000000       0.000000    
  5.8884203E-04  6.3095556E-04   0.000000       0.000000    
  6.3095556E-04  6.7608105E-04   0.000000       0.000000    
  6.7608105E-04  7.2443386E-04   0.000000       0.000000    
  7.2443386E-04  7.7624485E-04   0.000000       0.000000    
  7.7624485E-04  8.3176128E-04   95836.73       57.73503    
  8.3176128E-04  8.9124823E-04   0.000000       0.000000    
  8.9124823E-04  9.5498963E-04   125205.5       33.33333    
  9.5498963E-04  1.0232897E-03   0.000000       0.000000    
  1.0232897E-03  1.0964747E-03   0.000000       0.000000    
  1.0964747E-03  1.1748938E-03   33923.61       99.00000    
  1.1748938E-03  1.2589213E-03   94978.05       63.82847    
  1.2589213E-03  1.3489585E-03   147731.1       20.00000    
  1.3489585E-03  1.4454349E-03   220593.1       54.00617    
  1.4454349E-03  1.5488113E-03   154402.1       33.33333    
  1.5488113E-03  1.6595812E-03   360241.1       12.76569    
  1.6595812E-03  1.7782731E-03   403435.9       27.96235    
  1.7782731E-03  1.9054540E-03   397425.4       26.31579    
  1.9054540E-03  2.0417306E-03   370899.0       13.24532    
  2.0417306E-03  2.1877536E-03   400797.2       26.24319    
  2.1877536E-03  2.3442202E-03   323039.5       17.97711    
  2.3442202E-03  2.5118771E-03   444283.3       13.04101    
  2.5118771E-03  2.6915246E-03   340588.4       22.86918    
  2.6915246E-03  2.8840206E-03   497513.1       4.536091    
  2.8840206E-03  3.0902834E-03   593280.2       8.325453    
  3.0902834E-03  3.3112983E-03   625900.6       12.16261    
  3.3112983E-03  3.5481199E-03   584124.4       11.32277    
  3.5481199E-03  3.8018788E-03   503203.0       7.607257    
  3.8018788E-03  4.0737861E-03   577236.8       10.12230    
  4.0737861E-03  4.3651406E-03   529578.1       16.53735    
  4.3651406E-03  4.6773320E-03   357891.4       17.60402    
  4.6773320E-03  5.0118514E-03   334003.7       11.33560    
  5.0118514E-03  5.3702951E-03   274602.0       12.77247    
  5.3702951E-03  5.7543749E-03   242420.9       11.78030    
  5.7543749E-03  6.1659236E-03   226240.3       18.88022    
  6.1659236E-03  6.6069057E-03   156846.7       7.692308    
  6.6069057E-03  7.0794267E-03   163267.6       10.34483    
  7.0794267E-03  7.5857420E-03   131353.6       22.97825    
  7.5857420E-03  8.1282686E-03   78455.25       17.67767    
  8.1282686E-03  8.7095965E-03   73218.70       10.20621    
  8.7095965E-03  9.3325004E-03   64060.94       12.76569    
  9.3325004E-03  9.9999532E-03   35871.09       27.96235    


 # Detector n:            4   ntofA3    
 # N. of x1 intervals         300
  9.9999997E-06  1.0232930E-05   0.000000       0.000000    
  1.0232930E-05  1.0471285E-05   0.000000       0.000000    
  1.0471285E-05  1.0715194E-05   0.000000       0.000000    
  1.0715194E-05  1.0964783E-05   0.000000       0.000000    
  1.0964783E-05  1.1220186E-05   0.000000       0.000000    
  1.1220186E-05  1.1481538E-05   0.000000       0.000000    
  1.1481538E-05  1.1748977E-05   0.000000       0.000000    
  1.1748977E-05  1.2022647E-05   0.000000       0.000000    
  1.2022647E-05  1.2302690E-05   0.000000       0.000000    
  1.2302690E-05  1.2589257E-05   0.000000       0.000000    
  1.2589257E-05  1.2882499E-05   0.000000       0.000000    
  1.2882499E-05  1.3182571E-05   0.000000       0.000000    
  1.3182571E-05  1.3489633E-05   0.000000       0.000000    
  1.3489633E-05  1.3803848E-05   0.000000       0.000000    
  1.3803848E-05  1.4125380E-05   0.000000       0.000000    
  1.4125380E-05  1.4454403E-05   0.000000       0.000000    
  1.4454403E-05  1.4791090E-05   0.000000       0.000000    
  1.4791090E-05  1.5135619E-05   0.000000       0.000000    
  1.5135619E-05  1.5488173E-05   0.000000       0.000000    
  1.5488173E-05  1.5848940E-05   0.000000       0.000000    
  1.5848940E-05  1.6218110E-05   0.000000       0.000000    
  1.6218110E-05  1.6595877E-05   0.000000       0.000000    
  1.6595877E-05  1.6982445E-05   0.000000       0.000000    
  1.6982445E-05  1.7378019E-05   0.000000       0.000000    
  1.7378019E-05  1.7782804E-05   0.000000       0.000000    
  1.7782804E-05  1.8197021E-05   0.000000       0.000000    
  1.8197021E-05  1.8620884E-05   0.000000       0.000000    
  1.8620884E-05  1.9054620E-05   0.000000       0.000000    
  1.9054620E-05  1.9498460E-05   0.000000       0.000000    
  1.9498460E-05  1.9952638E-05   0.000000       0.000000    
  1.9952638E-05  2.0417396E-05   0.000000       0.000000    
  2.0417396E-05  2.0892978E-05   0.000000       0.000000    
  2.0892978E-05  2.1379637E-05   0.000000       0.000000    
  2.1379637E-05  2.1877635E-05   0.000000       0.000000    
  2.1877635E-05  2.2387230E-05   0.000000       0.000000    
  2.2387230E-05  2.2908696E-05   0.000000       0.000000    
  2.2908696E-05  2.3442310E-05   0.000000       0.000000    
  2.3442310E-05  2.3988352E-05   0.000000       0.000000    
  2.3988352E-05  2.4547113E-05   0.000000       0.000000    
  2.4547113E-05  2.5118889E-05   0.000000       0.000000    
  2.5118889E-05  2.5703985E-05   0.000000       0.000000    
  2.5703985E-05  2.6302707E-05   0.000000       0.000000    
  2.6302707E-05  2.6915377E-05   0.000000       0.000000    
  2.6915377E-05  2.7542317E-05   0.000000       0.000000    
  2.7542317E-05  2.8183860E-05   0.000000       0.000000    
  2.8183860E-05  2.8840348E-05   0.000000       0.000000    
  2.8840348E-05  2.9512126E-05   0.000000       0.000000    
  2.9512126E-05  3.0199553E-05   0.000000       0.000000    
  3.0199553E-05  3.0902993E-05   0.000000       0.000000    
  3.0902993E-05  3.1622814E-05   0.000000       0.000000    
  3.1622814E-05  3.2359407E-05   0.000000       0.000000    
  3.2359407E-05  3.3113156E-05   0.000000       0.000000    
  3.3113156E-05  3.3884462E-05   0.000000       0.000000    
  3.3884462E-05  3.4673732E-05   0.000000       0.000000    
  3.4673732E-05  3.5481389E-05   0.000000       0.000000    
  3.5481389E-05  3.6307858E-05   0.000000       0.000000    
  3.6307858E-05  3.7153575E-05   0.000000       0.000000    
  3.7153575E-05  3.8018996E-05   0.000000       0.000000    
  3.8018996E-05  3.8904571E-05   0.000000       0.000000    
  3.8904571E-05  3.9810777E-05   0.000000       0.000000    
  3.9810777E-05  4.0738090E-05   0.000000       0.000000    
  4.0738090E-05  4.1687003E-05   0.000000       0.000000    
  4.1687003E-05  4.2658019E-05   0.000000       0.000000    
  4.2658019E-05  4.3651653E-05   0.000000       0.000000    
  4.3651653E-05  4.4668432E-05   0.000000       0.000000    
  4.4668432E-05  4.5708894E-05   0.000000       0.000000    
  4.5708894E-05  4.6773592E-05   0.000000       0.000000    
  4.6773592E-05  4.7863090E-05   0.000000       0.000000    
  4.7863090E-05  4.8977967E-05   0.000000       0.000000    
  4.8977967E-05  5.0118811E-05   0.000000       0.000000    
  5.0118811E-05  5.1286232E-05   0.000000       0.000000    
  5.1286232E-05  5.2480842E-05   0.000000       0.000000    
  5.2480842E-05  5.3703279E-05   0.000000       0.000000    
  5.3703279E-05  5.4954191E-05   0.000000       0.000000    
  5.4954191E-05  5.6234239E-05   0.000000       0.000000    
  5.6234239E-05  5.7544104E-05   0.000000       0.000000    
  5.7544104E-05  5.8884478E-05   0.000000       0.000000    
  5.8884478E-05  6.0256076E-05   0.000000       0.000000    
  6.0256076E-05  6.1659623E-05   0.000000       0.000000    
  6.1659623E-05  6.3095860E-05   0.000000       0.000000    
  6.3095860E-05  6.4565553E-05   0.000000       0.000000    
  6.4565553E-05  6.6069479E-05   0.000000       0.000000    
  6.6069479E-05  6.7608438E-05   0.000000       0.000000    
  6.7608438E-05  6.9183247E-05   0.000000       0.000000    
  6.9183247E-05  7.0794733E-05   0.000000       0.000000    
  7.0794733E-05  7.2443756E-05   0.000000       0.000000    
  7.2443756E-05  7.4131189E-05   0.000000       0.000000    
  7.4131189E-05  7.5857926E-05   0.000000       0.000000    
  7.5857926E-05  7.7624885E-05   0.000000       0.000000    
  7.7624885E-05  7.9433004E-05   0.000000       0.000000    
  7.9433004E-05  8.1283237E-05   0.000000       0.000000    
  8.1283237E-05  8.3176572E-05   0.000000       0.000000    
  8.3176572E-05  8.5114007E-05   0.000000       0.000000    
  8.5114007E-05  8.7096567E-05   0.000000       0.000000    
  8.7096567E-05  8.9125308E-05   0.000000       0.000000    
  8.9125308E-05  9.1201306E-05   0.000000       0.000000    
  9.1201306E-05  9.3325660E-05   0.000000       0.000000    
  9.3325660E-05  9.5499498E-05   0.000000       0.000000    
  9.5499498E-05  9.7723969E-05   0.000000       0.000000    
  9.7723969E-05  1.0000025E-04   0.000000       0.000000    
  1.0000025E-04  1.0232956E-04   0.000000       0.000000    
  1.0232956E-04  1.0471312E-04   0.000000       0.000000    
  1.0471312E-04  1.0715221E-04   0.000000       0.000000    
  1.0715221E-04  1.0964811E-04   0.000000       0.000000    
  1.0964811E-04  1.1220214E-04   0.000000       0.000000    
  1.1220214E-04  1.1481567E-04   0.000000       0.000000    
  1.1481567E-04  1.1749008E-04   0.000000       0.000000    
  1.1749008E-04  1.2022677E-04   0.000000       0.000000    
  1.2022677E-04  1.2302722E-04   0.000000       0.000000    
  1.2302722E-04  1.2589290E-04   0.000000       0.000000    
  1.2589290E-04  1.2882531E-04   0.000000       0.000000    
  1.2882531E-04  1.3182605E-04   0.000000       0.000000    
  1.3182605E-04  1.3489668E-04   0.000000       0.000000    
  1.3489668E-04  1.3803883E-04   0.000000       0.000000    
  1.3803883E-04  1.4125416E-04   0.000000       0.000000    
  1.4125416E-04  1.4454441E-04   0.000000       0.000000    
  1.4454441E-04  1.4791127E-04   0.000000       0.000000    
  1.4791127E-04  1.5135658E-04   0.000000       0.000000    
  1.5135658E-04  1.5488213E-04   0.000000       0.000000    
  1.5488213E-04  1.5848980E-04   0.000000       0.000000    
  1.5848980E-04  1.6218150E-04   0.000000       0.000000    
  1.6218150E-04  1.6595921E-04   0.000000       0.000000    
  1.6595921E-04  1.6982490E-04   0.000000       0.000000    
  1.6982490E-04  1.7378063E-04   0.000000       0.000000    
  1.7378063E-04  1.7782851E-04   0.000000       0.000000    
  1.7782851E-04  1.8197067E-04   0.000000       0.000000    
  1.8197067E-04  1.8620930E-04   0.000000       0.000000    
  1.8620930E-04  1.9054669E-04   0.000000       0.000000    
  1.9054669E-04  1.9498510E-04   0.000000       0.000000    
  1.9498510E-04  1.9952688E-04   0.000000       0.000000    
  1.9952688E-04  2.0417447E-04   0.000000       0.000000    
  2.0417447E-04  2.0893032E-04   0.000000       0.000000    
  2.0893032E-04  2.1379693E-04   0.000000       0.000000    
  2.1379693E-04  2.1877690E-04   0.000000       0.000000    
  2.1877690E-04  2.2387288E-04   0.000000       0.000000    
  2.2387288E-04  2.2908756E-04   0.000000       0.000000    
  2.2908756E-04  2.3442370E-04   0.000000       0.000000    
  2.3442370E-04  2.3988413E-04   0.000000       0.000000    
  2.3988413E-04  2.4547175E-04   0.000000       0.000000    
  2.4547175E-04  2.5118954E-04   0.000000       0.000000    
  2.5118954E-04  2.5704049E-04   454673.9       99.00000    
  2.5704049E-04  2.6302773E-04   0.000000       0.000000    
  2.6302773E-04  2.6915447E-04   0.000000       0.000000    
  2.6915447E-04  2.7542387E-04   0.000000       0.000000    
  2.7542387E-04  2.8183934E-04   0.000000       0.000000    
  2.8183934E-04  2.8840420E-04   405228.5       99.00000    
  2.8840420E-04  2.9512201E-04   0.000000       0.000000    
  2.9512201E-04  3.0199630E-04   0.000000       0.000000    
  3.0199630E-04  3.0903070E-04   0.000000       0.000000    
  3.0903070E-04  3.1622898E-04   0.000000       0.000000    
  3.1622898E-04  3.2359490E-04   0.000000       0.000000    
  3.2359490E-04  3.3113238E-04   0.000000       0.000000    
  3.3113238E-04  3.3884548E-04   0.000000       0.000000    
  3.3884548E-04  3.4673820E-04   0.000000       0.000000    
  3.4673820E-04  3.5481478E-04   0.000000       0.000000    
  3.5481478E-04  3.6307948E-04   0.000000       0.000000    
  3.6307948E-04  3.7153671E-04   0.000000       0.000000    
  3.7153671E-04  3.8019090E-04   0.000000       0.000000    
  3.8019090E-04  3.8904671E-04   300400.1       99.00000    
  3.8904671E-04  3.9810879E-04   0.000000       0.000000    
  3.9810879E-04  4.0738194E-04   0.000000       0.000000    
  4.0738194E-04  4.1687110E-04   280349.7       99.00000    
  4.1687110E-04  4.2658127E-04   0.000000       0.000000    
  4.2658127E-04  4.3651764E-04   0.000000       0.000000    
  4.3651764E-04  4.4668544E-04   0.000000       0.000000    
  4.4668544E-04  4.5709012E-04   0.000000       0.000000    
  4.5709012E-04  4.6773712E-04   0.000000       0.000000    
  4.6773712E-04  4.7863214E-04   0.000000       0.000000    
  4.7863214E-04  4.8978091E-04   0.000000       0.000000    
  4.8978091E-04  5.0118938E-04   0.000000       0.000000    
  5.0118938E-04  5.1286363E-04   0.000000       0.000000    
  5.1286363E-04  5.2480976E-04   0.000000       0.000000    
  5.2480976E-04  5.3703412E-04   0.000000       0.000000    
  5.3703412E-04  5.4954330E-04   0.000000       0.000000    
  5.4954330E-04  5.6234380E-04   0.000000       0.000000    
  5.6234380E-04  5.7544251E-04   0.000000       0.000000    
  5.7544251E-04  5.8884628E-04   0.000000       0.000000    
  5.8884628E-04  6.0256233E-04   0.000000       0.000000    
  6.0256233E-04  6.1659777E-04   0.000000       0.000000    
  6.1659777E-04  6.3096022E-04   0.000000       0.000000    
  6.3096022E-04  6.4565719E-04   0.000000       0.000000    
  6.4565719E-04  6.6069647E-04   0.000000       0.000000    
  6.6069647E-04  6.7608611E-04   0.000000       0.000000    
  6.7608611E-04  6.9183420E-04   0.000000       0.000000    
  6.9183420E-04  7.0794910E-04   0.000000       0.000000    
  7.0794910E-04  7.2443939E-04   0.000000       0.000000    
  7.2443939E-04  7.4131374E-04   0.000000       0.000000    
  7.4131374E-04  7.5858121E-04   0.000000       0.000000    
  7.5858121E-04  7.7625085E-04   0.000000       0.000000    
  7.7625085E-04  7.9433207E-04   0.000000       0.000000    
  7.9433207E-04  8.1283448E-04   143780.5       99.00000    
  8.1283448E-04  8.3176780E-04   140507.7       99.00000    
  8.3176780E-04  8.5114222E-04   0.000000       0.000000    
  8.5114222E-04  8.7096787E-04   0.000000       0.000000    
  8.7096787E-04  8.9125533E-04   0.000000       0.000000    
  8.9125533E-04  9.1201538E-04   0.000000       0.000000    
  9.1201538E-04  9.3325897E-04   250455.2       57.73503    
  9.3325897E-04  9.5499738E-04   122377.1       99.00000    
  9.5499738E-04  9.7724213E-04   0.000000       0.000000    
  9.7724213E-04  1.0000051E-03   0.000000       0.000000    
  1.0000051E-03  1.0232982E-03   0.000000       0.000000    
  1.0232982E-03  1.0471339E-03   0.000000       0.000000    
  1.0471339E-03  1.0715248E-03   0.000000       0.000000    
  1.0715248E-03  1.0964839E-03   0.000000       0.000000    
  1.0964839E-03  1.1220243E-03   104159.8       99.00000    
  1.1220243E-03  1.1481596E-03   0.000000       0.000000    
  1.1481596E-03  1.1749037E-03   0.000000       0.000000    
  1.1749037E-03  1.2022707E-03   0.000000       0.000000    
  1.2022707E-03  1.2302753E-03   94994.84       99.00000    
  1.2302753E-03  1.2589322E-03   185665.0       99.00000    
  1.2589322E-03  1.2882565E-03   181438.7       57.73503    
  1.2882565E-03  1.3182638E-03   177308.7       57.73503    
  1.3182638E-03  1.3489701E-03   86636.33       99.00000    
  1.3489701E-03  1.3803918E-03   169328.5       99.00000    
  1.3803918E-03  1.4125452E-03   82737.05       99.00000    
  1.4125452E-03  1.4454477E-03   404268.6       38.29708    
  1.4454477E-03  1.4791165E-03   158026.5       57.73503    
  1.4791165E-03  1.5135696E-03   154429.4       57.73503    
  1.5135696E-03  1.5488252E-03   150914.2       57.73503    
  1.5488252E-03  1.5849021E-03   221218.4       63.82847    
  1.5849021E-03  1.6218192E-03   504426.7       35.95160    
  1.6218192E-03  1.6595962E-03   352103.2       20.00000    
  1.6595962E-03  1.6982532E-03   137635.4       57.73503    
  1.6982532E-03  1.7378107E-03   538009.6       20.41241    
  1.7378107E-03  1.7782896E-03   525763.0       50.00000    
  1.7782896E-03  1.8197113E-03   449570.8       35.95159    
  1.8197113E-03  1.8620979E-03   376574.8       19.24501    
  1.8620979E-03  1.9054718E-03   368002.9       43.03315    
  1.9054718E-03  1.9498559E-03   479501.5       45.64355    
  1.9498559E-03  1.9952739E-03   410013.4       14.28571    
  1.9952739E-03  2.0417499E-03   228960.2       40.82483    
  2.0417499E-03  2.0893083E-03   335622.7       33.33333    
  2.0893083E-03  2.1379748E-03   327982.9       19.24501    
  2.1379748E-03  2.1877745E-03   534195.2       38.29708    
  2.1877745E-03  2.2387344E-03   365424.8       48.79500    
  2.2387344E-03  2.2908815E-03   153045.8       33.33333    
  2.2908815E-03  2.3442430E-03   448686.0       21.27616    
  2.3442430E-03  2.3988474E-03   438472.7       27.96235    
  2.3988474E-03  2.4547237E-03   428491.8       21.27616    
  2.4547237E-03  2.5119018E-03   465264.6       25.81989    
  2.5119018E-03  2.5704114E-03   181869.6       57.73503    
  2.5704114E-03  2.6302841E-03   399891.8       45.81229    
  2.6302841E-03  2.6915513E-03   434210.2       11.54701    
  2.6915513E-03  2.7542457E-03   297028.5       48.79500    
  2.7542457E-03  2.8184005E-03   497601.1       19.24501    
  2.8184005E-03  2.8840494E-03   688888.5       11.26385    
  2.8840494E-03  2.9512278E-03   594006.6       6.666667    
  2.9512278E-03  3.0199706E-03   541786.3       14.28571    
  3.0199706E-03  3.0903150E-03   642908.2       11.26385    
  3.0903150E-03  3.1622977E-03   702188.4       15.78947    
  3.1622977E-03  3.2359571E-03   686204.6       10.07818    
  3.2359571E-03  3.3113323E-03   494115.0       35.95160    
  3.3113323E-03  3.3884633E-03   586339.2       17.64706    
  3.3884633E-03  3.4673908E-03   572992.5       20.09206    
  3.4673908E-03  3.5481569E-03   592887.8       21.27616    
  3.5481569E-03  3.6308041E-03   611580.5       17.97711    
  3.6308041E-03  3.7153766E-03   534747.7       11.26385    
  3.7153766E-03  3.8019188E-03   368876.8       0.000000    
  3.8019188E-03  3.8904771E-03   600800.1       16.32993    
  3.8904771E-03  3.9810981E-03   763261.5       18.31135    
  3.9810981E-03  4.0738299E-03   372943.8       14.72965    
  4.0738299E-03  4.1687214E-03   532664.3       31.43241    
  4.1687214E-03  4.2658239E-03   602729.9       9.090909    
  4.2658239E-03  4.3651876E-03   455144.1       24.25356    
  4.3651876E-03  4.4668661E-03   287801.3       27.27273    
  4.4668661E-03  4.5709126E-03   434659.3       17.64706    
  4.5709126E-03  4.6773832E-03   349806.7       27.35506    
  4.6773832E-03  4.7863335E-03   488348.7       14.14213    
  4.7863335E-03  4.8978217E-03   405647.6       20.09206    
  4.8978217E-03  5.0119068E-03   116592.3       50.33223    
  5.0119068E-03  5.1286491E-03   341815.1       16.77741    
  5.1286491E-03  5.2481107E-03   200420.7       21.27616    
  5.2481107E-03  5.3703552E-03   282906.8       38.46154    
  5.3703552E-03  5.4954467E-03   233933.7       17.40777    
  5.4954467E-03  5.6234524E-03   290956.5       24.74358    
  5.6234524E-03  5.7544396E-03   203095.4       25.81989    
  5.7544396E-03  5.8884779E-03   198472.4       20.00000    
  5.8884779E-03  6.0256384E-03   290931.9       20.00000    
  6.0256384E-03  6.1659939E-03   189539.6       47.60952    
  6.1659939E-03  6.3096182E-03   166702.7       33.33333    
  6.3096182E-03  6.4565884E-03   199109.8       31.05136    
  6.4565884E-03  6.6069816E-03   106133.2       19.24501    
  6.6069816E-03  6.7608785E-03   86431.09       50.33223    
  6.7608785E-03  6.9183595E-03   202712.8       23.57023    
  6.9183595E-03  7.0795091E-03   198098.5       36.00412    
  7.0795091E-03  7.2444123E-03   209721.7       23.07692    
  7.2444123E-03  7.4131563E-03   63060.88       40.82483    
  7.4131563E-03  7.5858310E-03   123250.9       28.86751    
  7.5858310E-03  7.7625280E-03   90334.01       33.33333    
  7.7625280E-03  7.9433406E-03   88277.75       19.24501    
  7.9433406E-03  8.1283655E-03   57512.20       40.82483    
  8.1283655E-03  8.3176997E-03   98355.37       14.28571    
  8.3176997E-03  8.5114436E-03   96116.53       27.35506    
  8.5114436E-03  8.7097008E-03   26836.76       99.00000    
  8.7097008E-03  8.9125764E-03   78677.63       43.03315    
  8.9125764E-03  9.1201765E-03   102515.6       28.86751    
  9.1201765E-03  9.3326131E-03   12522.76       99.00000    
  9.3326131E-03  9.5499977E-03   24475.41       57.73503    
  9.5499977E-03  9.7724460E-03   35877.43       33.33333    
  9.7724460E-03  1.0000076E-02   46747.68       40.82483    


 # Detector n:            5   1-2A      
 # N. of x1 intervals          50
  9.9999997E-06  1.1481537E-05   0.000000       0.000000    
  1.1481537E-05  1.3182568E-05   0.000000       0.000000    
  1.3182568E-05  1.5135613E-05   0.000000       0.000000    
  1.5135613E-05  1.7378010E-05   0.000000       0.000000    
  1.7378010E-05  1.9952626E-05   0.000000       0.000000    
  1.9952626E-05  2.2908682E-05   0.000000       0.000000    
  2.2908682E-05  2.6302685E-05   0.000000       0.000000    
  2.6302685E-05  3.0199526E-05   0.000000       0.000000    
  3.0199526E-05  3.4673696E-05   0.000000       0.000000    
  3.4673696E-05  3.9810730E-05   0.000000       0.000000    
  3.9810730E-05  4.5708835E-05   0.000000       0.000000    
  4.5708835E-05  5.2480766E-05   0.000000       0.000000    
  5.2480766E-05  6.0255985E-05   0.000000       0.000000    
  6.0255985E-05  6.9183130E-05   0.000000       0.000000    
  6.9183130E-05  7.9432866E-05   0.000000       0.000000    
  7.9432866E-05  9.1201131E-05   0.000000       0.000000    
  9.1201131E-05  1.0471292E-04   0.000000       0.000000    
  1.0471292E-04  1.2022652E-04   0.000000       0.000000    
  1.2022652E-04  1.3803852E-04   0.000000       0.000000    
  1.3803852E-04  1.5848943E-04   0.000000       0.000000    
  1.5848943E-04  1.8197022E-04   0.000000       0.000000    
  1.8197022E-04  2.0892978E-04   0.000000       0.000000    
  2.0892978E-04  2.3988348E-04   0.000000       0.000000    
  2.3988348E-04  2.7542311E-04   0.000000       0.000000    
  2.7542311E-04  3.1622805E-04   95494.76       99.00000    
  3.1622805E-04  3.6307838E-04   0.000000       0.000000    
  3.6307838E-04  4.1686976E-04   144880.4       99.00000    
  4.1686976E-04  4.7863057E-04   0.000000       0.000000    
  4.7863057E-04  5.4954144E-04   0.000000       0.000000    
  5.4954144E-04  6.3095801E-04   0.000000       0.000000    
  6.3095801E-04  7.2443677E-04   0.000000       0.000000    
  7.2443677E-04  8.3176472E-04   72612.19       57.73503    
  8.3176472E-04  9.5499371E-04   94863.86       33.33333    
  9.5499371E-04  1.0964795E-03   0.000000       0.000000    
  1.0964795E-03  1.2589269E-03   0.000000       0.000000    
  1.2589269E-03  1.4454416E-03   229811.8       31.05137    
  1.4454416E-03  1.6595891E-03   327530.7       11.11111    
  1.6595891E-03  1.9054633E-03   570534.6       22.68046    
  1.9054633E-03  2.1877647E-03   538324.5       10.57206    
  2.1877647E-03  2.5118899E-03   553015.6       10.34990    
  2.5118899E-03  2.8840357E-03   376948.5       7.856742    
  2.8840357E-03  3.3113160E-03   291829.7       11.41089    
  3.3113160E-03  3.8018997E-03   119143.6       29.56474    
  3.8018997E-03  4.3651653E-03   117605.7       11.26385    
  4.3651653E-03  5.0118803E-03   36151.87       19.24501    
  5.0118803E-03  5.7544089E-03   36734.79       42.85714    
  5.7544089E-03  6.6069453E-03   31994.66       27.35506    
  6.6069453E-03  7.5857886E-03   11942.65       33.33333    
  7.5857886E-03  8.7096514E-03   10401.62       63.82847    
  8.7096514E-03  1.0000017E-02   0.000000       0.000000    


 # Detector n:            6   2-3A      
 # N. of x1 intervals          50
  9.9999997E-06  1.1481537E-05   0.000000       0.000000    
  1.1481537E-05  1.3182568E-05   0.000000       0.000000    
  1.3182568E-05  1.5135613E-05   0.000000       0.000000    
  1.5135613E-05  1.7378010E-05   0.000000       0.000000    
  1.7378010E-05  1.9952626E-05   0.000000       0.000000    
  1.9952626E-05  2.2908682E-05   0.000000       0.000000    
  2.2908682E-05  2.6302685E-05   0.000000       0.000000    
  2.6302685E-05  3.0199526E-05   0.000000       0.000000    
  3.0199526E-05  3.4673696E-05   0.000000       0.000000    
  3.4673696E-05  3.9810730E-05   0.000000       0.000000    
  3.9810730E-05  4.5708835E-05   0.000000       0.000000    
  4.5708835E-05  5.2480766E-05   0.000000       0.000000    
  5.2480766E-05  6.0255985E-05   0.000000       0.000000    
  6.0255985E-05  6.9183130E-05   0.000000       0.000000    
  6.9183130E-05  7.9432866E-05   0.000000       0.000000    
  7.9432866E-05  9.1201131E-05   0.000000       0.000000    
  9.1201131E-05  1.0471292E-04   0.000000       0.000000    
  1.0471292E-04  1.2022652E-04   0.000000       0.000000    
  1.2022652E-04  1.3803852E-04   0.000000       0.000000    
  1.3803852E-04  1.5848943E-04   0.000000       0.000000    
  1.5848943E-04  1.8197022E-04   0.000000       0.000000    
  1.8197022E-04  2.0892978E-04   0.000000       0.000000    
  2.0892978E-04  2.3988348E-04   0.000000       0.000000    
  2.3988348E-04  2.7542311E-04   592056.6       99.00000    
  2.7542311E-04  3.1622805E-04   0.000000       0.000000    
  3.1622805E-04  3.6307838E-04   0.000000       0.000000    
  3.6307838E-04  4.1686976E-04   0.000000       0.000000    
  4.1686976E-04  4.7863057E-04   0.000000       0.000000    
  4.7863057E-04  5.4954144E-04   0.000000       0.000000    
  5.4954144E-04  6.3095801E-04   0.000000       0.000000    
  6.3095801E-04  7.2443677E-04   0.000000       0.000000    
  7.2443677E-04  8.3176472E-04   0.000000       0.000000    
  8.3176472E-04  9.5499371E-04   0.000000       0.000000    
  9.5499371E-04  1.0964795E-03   0.000000       0.000000    
  1.0964795E-03  1.2589269E-03   0.000000       0.000000    
  1.2589269E-03  1.4454416E-03   112814.1       99.00000    
  1.4454416E-03  1.6595891E-03   0.000000       0.000000    
  1.6595891E-03  1.9054633E-03   0.000000       0.000000    
  1.9054633E-03  2.1877647E-03   74535.52       99.00000    
  2.1877647E-03  2.5118899E-03   0.000000       0.000000    
  2.5118899E-03  2.8840357E-03   1130819.       8.164966    
  2.8840357E-03  3.3113160E-03   3200933.       10.47209    
  3.3113160E-03  3.8018997E-03   3559929.       13.10616    
  3.8018997E-03  4.3651653E-03   1681031.       15.55555    
  4.3651653E-03  5.0118803E-03   650718.6       24.49490    
  5.0118803E-03  5.7544089E-03   311713.7       27.27273    
  5.7544089E-03  6.6069453E-03   246810.3       41.63332    
  6.6069453E-03  7.5857886E-03   150473.9       35.95159    
  7.5857886E-03  8.7096514E-03   37444.95       57.73503    
  8.7096514E-03  1.0000017E-02   48919.78       33.33333    


 # Detector n:            7   3-4A      
 # N. of x1 intervals          50
  9.9999997E-06  1.1481537E-05   0.000000       0.000000    
  1.1481537E-05  1.3182568E-05   0.000000       0.000000    
  1.3182568E-05  1.5135613E-05   0.000000       0.000000    
  1.5135613E-05  1.7378010E-05   0.000000       0.000000    
  1.7378010E-05  1.9952626E-05   0.000000       0.000000    
  1.9952626E-05  2.2908682E-05   0.000000       0.000000    
  2.2908682E-05  2.6302685E-05   0.000000       0.000000    
  2.6302685E-05  3.0199526E-05   0.000000       0.000000    
  3.0199526E-05  3.4673696E-05   0.000000       0.000000    
  3.4673696E-05  3.9810730E-05   0.000000       0.000000    
  3.9810730E-05  4.5708835E-05   0.000000       0.000000    
  4.5708835E-05  5.2480766E-05   0.000000       0.000000    
  5.2480766E-05  6.0255985E-05   0.000000       0.000000    
  6.0255985E-05  6.9183130E-05   0.000000       0.000000    
  6.9183130E-05  7.9432866E-05   0.000000       0.000000    
  7.9432866E-05  9.1201131E-05   0.000000       0.000000    
  9.1201131E-05  1.0471292E-04   0.000000       0.000000    
  1.0471292E-04  1.2022652E-04   0.000000       0.000000    
  1.2022652E-04  1.3803852E-04   0.000000       0.000000    
  1.3803852E-04  1.5848943E-04   0.000000       0.000000    
  1.5848943E-04  1.8197022E-04   0.000000       0.000000    
  1.8197022E-04  2.0892978E-04   0.000000       0.000000    
  2.0892978E-04  2.3988348E-04   0.000000       0.000000    
  2.3988348E-04  2.7542311E-04   0.000000       0.000000    
  2.7542311E-04  3.1622805E-04   0.000000       0.000000    
  3.1622805E-04  3.6307838E-04   0.000000       0.000000    
  3.6307838E-04  4.1686976E-04   0.000000       0.000000    
  4.1686976E-04  4.7863057E-04   0.000000       0.000000    
  4.7863057E-04  5.4954144E-04   0.000000       0.000000    
  5.4954144E-04  6.3095801E-04   0.000000       0.000000    
  6.3095801E-04  7.2443677E-04   0.000000       0.000000    
  7.2443677E-04  8.3176472E-04   0.000000       0.000000    
  8.3176472E-04  9.5499371E-04   0.000000       0.000000    
  9.5499371E-04  1.0964795E-03   0.000000       0.000000    
  1.0964795E-03  1.2589269E-03   0.000000       0.000000    
  1.2589269E-03  1.4454416E-03   0.000000       0.000000    
  1.4454416E-03  1.6595891E-03   0.000000       0.000000    
  1.6595891E-03  1.9054633E-03   0.000000       0.000000    
  1.9054633E-03  2.1877647E-03   0.000000       0.000000    
  2.1877647E-03  2.5118899E-03   0.000000       0.000000    
  2.5118899E-03  2.8840357E-03   0.000000       0.000000    
  2.8840357E-03  3.3113160E-03   0.000000       0.000000    
  3.3113160E-03  3.8018997E-03   122546.6       99.00000    
  3.8018997E-03  4.3651653E-03   5870348.       20.00000    
  4.3651653E-03  5.0118803E-03   5391743.       10.72113    
  5.0118803E-03  5.7544089E-03   2105109.       16.01281    
  5.7544089E-03  6.6069453E-03   634663.8       11.11111    
  6.6069453E-03  7.5857886E-03   368512.7       19.24501    
  7.5857886E-03  8.7096514E-03   53493.52       99.00000    
  8.7096514E-03  1.0000017E-02   93181.82       57.73503    


 # Detector n:            8   4-5A      
 # N. of x1 intervals          50
  9.9999997E-06  1.1481537E-05   0.000000       0.000000    
  1.1481537E-05  1.3182568E-05   0.000000       0.000000    
  1.3182568E-05  1.5135613E-05   0.000000       0.000000    
  1.5135613E-05  1.7378010E-05   0.000000       0.000000    
  1.7378010E-05  1.9952626E-05   0.000000       0.000000    
  1.9952626E-05  2.2908682E-05   0.000000       0.000000    
  2.2908682E-05  2.6302685E-05   0.000000       0.000000    
  2.6302685E-05  3.0199526E-05   0.000000       0.000000    
  3.0199526E-05  3.4673696E-05   0.000000       0.000000    
  3.4673696E-05  3.9810730E-05   0.000000       0.000000    
  3.9810730E-05  4.5708835E-05   0.000000       0.000000    
  4.5708835E-05  5.2480766E-05   0.000000       0.000000    
  5.2480766E-05  6.0255985E-05   0.000000       0.000000    
  6.0255985E-05  6.9183130E-05   0.000000       0.000000    
  6.9183130E-05  7.9432866E-05   0.000000       0.000000    
  7.9432866E-05  9.1201131E-05   0.000000       0.000000    
  9.1201131E-05  1.0471292E-04   0.000000       0.000000    
  1.0471292E-04  1.2022652E-04   0.000000       0.000000    
  1.2022652E-04  1.3803852E-04   0.000000       0.000000    
  1.3803852E-04  1.5848943E-04   0.000000       0.000000    
  1.5848943E-04  1.8197022E-04   0.000000       0.000000    
  1.8197022E-04  2.0892978E-04   0.000000       0.000000    
  2.0892978E-04  2.3988348E-04   0.000000       0.000000    
  2.3988348E-04  2.7542311E-04   0.000000       0.000000    
  2.7542311E-04  3.1622805E-04   0.000000       0.000000    
  3.1622805E-04  3.6307838E-04   0.000000       0.000000    
  3.6307838E-04  4.1686976E-04   0.000000       0.000000    
  4.1686976E-04  4.7863057E-04   0.000000       0.000000    
  4.7863057E-04  5.4954144E-04   0.000000       0.000000    
  5.4954144E-04  6.3095801E-04   0.000000       0.000000    
  6.3095801E-04  7.2443677E-04   0.000000       0.000000    
  7.2443677E-04  8.3176472E-04   0.000000       0.000000    
  8.3176472E-04  9.5499371E-04   0.000000       0.000000    
  9.5499371E-04  1.0964795E-03   0.000000       0.000000    
  1.0964795E-03  1.2589269E-03   0.000000       0.000000    
  1.2589269E-03  1.4454416E-03   0.000000       0.000000    
  1.4454416E-03  1.6595891E-03   0.000000       0.000000    
  1.6595891E-03  1.9054633E-03   0.000000       0.000000    
  1.9054633E-03  2.1877647E-03   0.000000       0.000000    
  2.1877647E-03  2.5118899E-03   0.000000       0.000000    
  2.5118899E-03  2.8840357E-03   0.000000       0.000000    
  2.8840357E-03  3.3113160E-03   0.000000       0.000000    
  3.3113160E-03  3.8018997E-03   264760.7       99.00000    
  3.8018997E-03  4.3651653E-03   0.000000       0.000000    
  4.3651653E-03  5.0118803E-03   0.000000       0.000000    
  5.0118803E-03  5.7544089E-03   4897919.       10.10153    
  5.7544089E-03  6.6069453E-03   5027678.       17.40777    
  6.6069453E-03  7.5857886E-03   2123115.       10.20621    
  7.5857886E-03  8.7096514E-03   577861.2       20.00000    
  8.7096514E-03  1.0000017E-02   100659.2       99.00000    


 # Detector n:            9   5-6A      
 # N. of x1 intervals          50
  9.9999997E-06  1.1481537E-05   0.000000       0.000000    
  1.1481537E-05  1.3182568E-05   0.000000       0.000000    
  1.3182568E-05  1.5135613E-05   0.000000       0.000000    
  1.5135613E-05  1.7378010E-05   0.000000       0.000000    
  1.7378010E-05  1.9952626E-05   0.000000       0.000000    
  1.9952626E-05  2.2908682E-05   0.000000       0.000000    
  2.2908682E-05  2.6302685E-05   0.000000       0.000000    
  2.6302685E-05  3.0199526E-05   0.000000       0.000000    
  3.0199526E-05  3.4673696E-05   0.000000       0.000000    
  3.4673696E-05  3.9810730E-05   0.000000       0.000000    
  3.9810730E-05  4.5708835E-05   0.000000       0.000000    
  4.5708835E-05  5.2480766E-05   0.000000       0.000000    
  5.2480766E-05  6.0255985E-05   0.000000       0.000000    
  6.0255985E-05  6.9183130E-05   0.000000       0.000000    
  6.9183130E-05  7.9432866E-05   0.000000       0.000000    
  7.9432866E-05  9.1201131E-05   0.000000       0.000000    
  9.1201131E-05  1.0471292E-04   0.000000       0.000000    
  1.0471292E-04  1.2022652E-04   0.000000       0.000000    
  1.2022652E-04  1.3803852E-04   0.000000       0.000000    
  1.3803852E-04  1.5848943E-04   0.000000       0.000000    
  1.5848943E-04  1.8197022E-04   0.000000       0.000000    
  1.8197022E-04  2.0892978E-04   0.000000       0.000000    
  2.0892978E-04  2.3988348E-04   0.000000       0.000000    
  2.3988348E-04  2.7542311E-04   0.000000       0.000000    
  2.7542311E-04  3.1622805E-04   0.000000       0.000000    
  3.1622805E-04  3.6307838E-04   0.000000       0.000000    
  3.6307838E-04  4.1686976E-04   0.000000       0.000000    
  4.1686976E-04  4.7863057E-04   0.000000       0.000000    
  4.7863057E-04  5.4954144E-04   0.000000       0.000000    
  5.4954144E-04  6.3095801E-04   0.000000       0.000000    
  6.3095801E-04  7.2443677E-04   0.000000       0.000000    
  7.2443677E-04  8.3176472E-04   0.000000       0.000000    
  8.3176472E-04  9.5499371E-04   0.000000       0.000000    
  9.5499371E-04  1.0964795E-03   0.000000       0.000000    
  1.0964795E-03  1.2589269E-03   0.000000       0.000000    
  1.2589269E-03  1.4454416E-03   0.000000       0.000000    
  1.4454416E-03  1.6595891E-03   0.000000       0.000000    
  1.6595891E-03  1.9054633E-03   0.000000       0.000000    
  1.9054633E-03  2.1877647E-03   0.000000       0.000000    
  2.1877647E-03  2.5118899E-03   0.000000       0.000000    
  2.5118899E-03  2.8840357E-03   0.000000       0.000000    
  2.8840357E-03  3.3113160E-03   0.000000       0.000000    
  3.3113160E-03  3.8018997E-03   0.000000       0.000000    
  3.8018997E-03  4.3651653E-03   0.000000       0.000000    
  4.3651653E-03  5.0118803E-03   0.000000       0.000000    
  5.0118803E-03  5.7544089E-03   0.000000       0.000000    
  5.7544089E-03  6.6069453E-03   560933.8       99.00000    
  6.6069453E-03  7.5857886E-03   5374082.       11.73631    
  7.5857886E-03  8.7096514E-03   1914803.       11.11111    
  8.7096514E-03  1.0000017E-02   741210.6       70.71068    


 # Detector n:           10   6-7A      
 # N. of x1 intervals          50
  9.9999997E-06  1.1481537E-05   0.000000       0.000000    
  1.1481537E-05  1.3182568E-05   0.000000       0.000000    
  1.3182568E-05  1.5135613E-05   0.000000       0.000000    
  1.5135613E-05  1.7378010E-05   0.000000       0.000000    
  1.7378010E-05  1.9952626E-05   0.000000       0.000000    
  1.9952626E-05  2.2908682E-05   0.000000       0.000000    
  2.2908682E-05  2.6302685E-05   0.000000       0.000000    
  2.6302685E-05  3.0199526E-05   0.000000       0.000000    
  3.0199526E-05  3.4673696E-05   0.000000       0.000000    
  3.4673696E-05  3.9810730E-05   0.000000       0.000000    
  3.9810730E-05  4.5708835E-05   0.000000       0.000000    
  4.5708835E-05  5.2480766E-05   0.000000       0.000000    
  5.2480766E-05  6.0255985E-05   0.000000       0.000000    
  6.0255985E-05  6.9183130E-05   0.000000       0.000000    
  6.9183130E-05  7.9432866E-05   0.000000       0.000000    
  7.9432866E-05  9.1201131E-05   0.000000       0.000000    
  9.1201131E-05  1.0471292E-04   0.000000       0.000000    
  1.0471292E-04  1.2022652E-04   0.000000       0.000000    
  1.2022652E-04  1.3803852E-04   0.000000       0.000000    
  1.3803852E-04  1.5848943E-04   0.000000       0.000000    
  1.5848943E-04  1.8197022E-04   0.000000       0.000000    
  1.8197022E-04  2.0892978E-04   0.000000       0.000000    
  2.0892978E-04  2.3988348E-04   0.000000       0.000000    
  2.3988348E-04  2.7542311E-04   0.000000       0.000000    
  2.7542311E-04  3.1622805E-04   0.000000       0.000000    
  3.1622805E-04  3.6307838E-04   0.000000       0.000000    
  3.6307838E-04  4.1686976E-04   0.000000       0.000000    
  4.1686976E-04  4.7863057E-04   0.000000       0.000000    
  4.7863057E-04  5.4954144E-04   0.000000       0.000000    
  5.4954144E-04  6.3095801E-04   0.000000       0.000000    
  6.3095801E-04  7.2443677E-04   0.000000       0.000000    
  7.2443677E-04  8.3176472E-04   0.000000       0.000000    
  8.3176472E-04  9.5499371E-04   0.000000       0.000000    
  9.5499371E-04  1.0964795E-03   0.000000       0.000000    
  1.0964795E-03  1.2589269E-03   0.000000       0.000000    
  1.2589269E-03  1.4454416E-03   0.000000       0.000000    
  1.4454416E-03  1.6595891E-03   0.000000       0.000000    
  1.6595891E-03  1.9054633E-03   0.000000       0.000000    
  1.9054633E-03  2.1877647E-03   0.000000       0.000000    
  2.1877647E-03  2.5118899E-03   0.000000       0.000000    
  2.5118899E-03  2.8840357E-03   0.000000       0.000000    
  2.8840357E-03  3.3113160E-03   0.000000       0.000000    
  3.3113160E-03  3.8018997E-03   0.000000       0.000000    
  3.8018997E-03  4.3651653E-03   0.000000       0.000000    
  4.3651653E-03  5.0118803E-03   0.000000       0.000000    
  5.0118803E-03  5.7544089E-03   0.000000       0.000000    
  5.7544089E-03  6.6069453E-03   0.000000       0.000000    
  6.6069453E-03  7.5857886E-03   0.000000       0.000000    
  7.5857886E-03  8.7096514E-03   4234114.       13.60828    
  8.7096514E-03  1.0000017E-02   2765819.       49.27457    


 # Detector n:           11   7-8A      
 # N. of x1 intervals          50
  9.9999997E-06  1.1481537E-05   0.000000       0.000000    
  1.1481537E-05  1.3182568E-05   0.000000       0.000000    
  1.3182568E-05  1.5135613E-05   0.000000       0.000000    
  1.5135613E-05  1.7378010E-05   0.000000       0.000000    
  1.7378010E-05  1.9952626E-05   0.000000       0.000000    
  1.9952626E-05  2.2908682E-05   0.000000       0.000000    
  2.2908682E-05  2.6302685E-05   0.000000       0.000000    
  2.6302685E-05  3.0199526E-05   0.000000       0.000000    
  3.0199526E-05  3.4673696E-05   0.000000       0.000000    
  3.4673696E-05  3.9810730E-05   0.000000       0.000000    
  3.9810730E-05  4.5708835E-05   0.000000       0.000000    
  4.5708835E-05  5.2480766E-05   0.000000       0.000000    
  5.2480766E-05  6.0255985E-05   0.000000       0.000000    
  6.0255985E-05  6.9183130E-05   0.000000       0.000000    
  6.9183130E-05  7.9432866E-05   0.000000       0.000000    
  7.9432866E-05  9.1201131E-05   0.000000       0.000000    
  9.1201131E-05  1.0471292E-04   0.000000       0.000000    
  1.0471292E-04  1.2022652E-04   0.000000       0.000000    
  1.2022652E-04  1.3803852E-04   0.000000       0.000000    
  1.3803852E-04  1.5848943E-04   0.000000       0.000000    
  1.5848943E-04  1.8197022E-04   0.000000       0.000000    
  1.8197022E-04  2.0892978E-04   0.000000       0.000000    
  2.0892978E-04  2.3988348E-04   0.000000       0.000000    
  2.3988348E-04  2.7542311E-04   0.000000       0.000000    
  2.7542311E-04  3.1622805E-04   0.000000       0.000000    
  3.1622805E-04  3.6307838E-04   0.000000       0.000000    
  3.6307838E-04  4.1686976E-04   0.000000       0.000000    
  4.1686976E-04  4.7863057E-04   0.000000       0.000000    
  4.7863057E-04  5.4954144E-04   0.000000       0.000000    
  5.4954144E-04  6.3095801E-04   0.000000       0.000000    
  6.3095801E-04  7.2443677E-04   0.000000       0.000000    
  7.2443677E-04  8.3176472E-04   0.000000       0.000000    
  8.3176472E-04  9.5499371E-04   0.000000       0.000000    
  9.5499371E-04  1.0964795E-03   0.000000       0.000000    
  1.0964795E-03  1.2589269E-03   0.000000       0.000000    
  1.2589269E-03  1.4454416E-03   0.000000       0.000000    
  1.4454416E-03  1.6595891E-03   0.000000       0.000000    
  1.6595891E-03  1.9054633E-03   0.000000       0.000000    
  1.9054633E-03  2.1877647E-03   0.000000       0.000000    
  2.1877647E-03  2.5118899E-03   0.000000       0.000000    
  2.5118899E-03  2.8840357E-03   0.000000       0.000000    
  2.8840357E-03  3.3113160E-03   0.000000       0.000000    
  3.3113160E-03  3.8018997E-03   0.000000       0.000000    
  3.8018997E-03  4.3651653E-03   0.000000       0.000000    
  4.3651653E-03  5.0118803E-03   0.000000       0.000000    
  5.0118803E-03  5.7544089E-03   0.000000       0.000000    
  5.7544089E-03  6.6069453E-03   0.000000       0.000000    
  6.6069453E-03  7.5857886E-03   0.000000       0.000000    
  7.5857886E-03  8.7096514E-03   0.000000       0.000000    
  8.7096514E-03  1.0000017E-02   2367598.       20.00000    
