 # Detector n:            1   8         
 # N. of x1 intervals          40
  9.7000003E-03  9.7370958E-03   0.000000       0.000000    
  9.7370958E-03  9.7743319E-03   0.000000       0.000000    
  9.7743319E-03  9.8117115E-03   0.000000       0.000000    
  9.8117115E-03  9.8492336E-03   0.000000       0.000000    
  9.8492336E-03  9.8869000E-03   4.716445       99.00000    
  9.8869000E-03  9.9247098E-03   0.000000       0.000000    
  9.9247098E-03  9.9626640E-03   28.07411       40.56824    
  9.9626640E-03  1.0000763E-02   60.59705       27.31476    
  1.0000763E-02  1.0039009E-02   292.5504       11.79448    
  1.0039009E-02  1.0077400E-02   430.2082       10.17811    
  1.0077400E-02  1.0115938E-02   663.6388       8.053745    
  1.0115938E-02  1.0154624E-02   784.9733       7.357539    
  1.0154624E-02  1.0193458E-02   809.5036       7.561660    
  1.0193458E-02  1.0232440E-02   838.2653       7.527471    
  1.0232440E-02  1.0271572E-02   916.7385       7.250743    
  1.0271572E-02  1.0310852E-02   746.0032       7.602162    
  1.0310852E-02  1.0350283E-02   644.0853       8.741488    
  1.0350283E-02  1.0389865E-02   466.6530       9.576875    
  1.0389865E-02  1.0429598E-02   303.9182       12.35774    
  1.0429598E-02  1.0469484E-02   293.8568       13.14771    
  1.0469484E-02  1.0509522E-02   217.3168       14.59270    
  1.0509522E-02  1.0549712E-02   216.5463       13.70679    
  1.0549712E-02  1.0590057E-02   162.8863       16.13890    
  1.0590057E-02  1.0630555E-02   135.9336       17.27213    
  1.0630555E-02  1.0671210E-02   104.8228       21.50121    
  1.0671210E-02  1.0712019E-02   91.38573       21.26785    
  1.0712019E-02  1.0752984E-02   112.7074       19.75347    
  1.0752984E-02  1.0794106E-02   86.34911       21.82179    
  1.0794106E-02  1.0835385E-02   94.64884       20.75044    
  1.0835385E-02  1.0876822E-02   42.84194       31.26411    
  1.0876822E-02  1.0918418E-02   46.96666       29.77091    
  1.0918418E-02  1.0960172E-02   51.05509       30.81552    
  1.0960172E-02  1.1002086E-02   33.89434       35.04383    
  1.1002086E-02  1.1044161E-02   21.09851       44.49664    
  1.1044161E-02  1.1086397E-02   33.63659       35.04383    
  1.1086397E-02  1.1128793E-02   25.11563       40.56826    
  1.1128793E-02  1.1171353E-02   12.51832       57.59015    
  1.1171353E-02  1.1214075E-02   29.09535       37.51119    
  1.1214075E-02  1.1256960E-02   8.280697       70.62202    
  1.1256960E-02  1.1300009E-02   8.245025       70.62201    


 # Detector n:            2   7         
 # N. of x1 intervals          40
  8.3999997E-03  8.4214015E-03   0.000000       0.000000    
  8.4214015E-03  8.4428582E-03   0.000000       0.000000    
  8.4428582E-03  8.4643699E-03   0.000000       0.000000    
  8.4643699E-03  8.4859356E-03   0.000000       0.000000    
  8.4859356E-03  8.5075563E-03   0.000000       0.000000    
  8.5075563E-03  8.5292328E-03   5.731280       99.00000    
  8.5292328E-03  8.5509643E-03   0.000000       0.000000    
  8.5509643E-03  8.5727507E-03   0.000000       0.000000    
  8.5727507E-03  8.5945930E-03   0.000000       0.000000    
  8.5945930E-03  8.6164903E-03   0.000000       0.000000    
  8.6164903E-03  8.6384444E-03   5.664488       99.00000    
  8.6384444E-03  8.6604534E-03   0.000000       0.000000    
  8.6604534E-03  8.6825192E-03   0.000000       0.000000    
  8.6825192E-03  8.7046409E-03   28.10144       44.49663    
  8.7046409E-03  8.7268194E-03   123.3287       20.75144    
  8.7268194E-03  8.7490538E-03   285.1472       14.22456    
  8.7490538E-03  8.7713450E-03   368.0635       12.24128    
  8.7713450E-03  8.7936940E-03   606.2786       9.153689    
  8.7936940E-03  8.8160988E-03   643.6069       9.469238    
  8.8160988E-03  8.8385604E-03   819.0646       8.536361    
  8.8385604E-03  8.8610807E-03   789.4661       8.853142    
  8.8610807E-03  8.8836569E-03   1040.718       7.334571    
  8.8836569E-03  8.9062918E-03   1065.506       7.859731    
  8.9062918E-03  8.9289835E-03   947.7856       7.594496    
  8.9289835E-03  8.9517329E-03   1092.933       6.972998    
  8.9517329E-03  8.9745410E-03   1095.630       7.455446    
  8.9745410E-03  8.9974068E-03   978.6530       7.767556    
  8.9974068E-03  9.0203313E-03   938.1985       7.324747    
  9.0203313E-03  9.0433136E-03   822.2017       8.441816    
  9.0433136E-03  9.0663545E-03   669.0515       8.680173    
  9.0663545E-03  9.0894541E-03   570.4872       10.16880    
  9.0894541E-03  9.1126133E-03   402.6290       11.08403    
  9.1126133E-03  9.1358311E-03   444.4546       11.55719    
  9.1358311E-03  9.1591077E-03   336.4966       12.82067    
  9.1591077E-03  9.1824438E-03   298.3764       12.91281    
  9.1824438E-03  9.2058396E-03   255.0527       14.48852    
  9.2058396E-03  9.2292940E-03   217.2756       14.81388    
  9.2292940E-03  9.2528090E-03   185.0618       16.16586    
  9.2528090E-03  9.2763845E-03   258.3775       14.30272    
  9.2763845E-03  9.3000196E-03   199.8702       15.45170    


 # Detector n:            3   6         
 # N. of x1 intervals          40
  7.4000000E-03  7.4167396E-03   4.952357       99.00000    
  7.4167396E-03  7.4335174E-03   9.877418       70.62202    
  7.4335174E-03  7.4503329E-03   64.07555       27.31476    
  7.4503329E-03  7.4671861E-03   177.0263       17.31534    
  7.4671861E-03  7.4840779E-03   284.5884       13.10004    
  7.4840779E-03  7.5010075E-03   494.4072       9.788483    
  7.5010075E-03  7.5179758E-03   532.3912       9.425807    
  7.5179758E-03  7.5349822E-03   784.5540       7.672066    
  7.5349822E-03  7.5520272E-03   870.3676       7.688241    
  7.5520272E-03  7.5691110E-03   1013.891       7.004862    
  7.5691110E-03  7.5862333E-03   1069.635       6.764046    
  7.5862333E-03  7.6033939E-03   1188.039       6.340830    
  7.6033939E-03  7.6205940E-03   1310.626       5.992486    
  7.6205940E-03  7.6378323E-03   1129.812       6.530554    
  7.6378323E-03  7.6551102E-03   1438.906       5.713038    
  7.6551102E-03  7.6724268E-03   1201.329       6.499609    
  7.6724268E-03  7.6897829E-03   1332.192       6.219598    
  7.6897829E-03  7.7071781E-03   1362.627       5.210490    
  7.7071781E-03  7.7246125E-03   1174.074       5.824814    
  7.7246125E-03  7.7420864E-03   1014.983       6.804080    
  7.7420864E-03  7.7595999E-03   894.3204       6.860173    
  7.7595999E-03  7.7771530E-03   831.0040       8.215214    
  7.7771530E-03  7.7947457E-03   876.2032       7.526533    
  7.7947457E-03  7.8123785E-03   672.1763       8.281058    
  7.8123785E-03  7.8300508E-03   590.9132       8.859798    
  7.8300508E-03  7.8477636E-03   360.2842       11.34908    
  7.8477636E-03  7.8655155E-03   396.8200       10.59701    
  7.8655155E-03  7.8833085E-03   475.1130       9.815670    
  7.8833085E-03  7.9011414E-03   325.3323       12.28311    
  7.9011414E-03  7.9190154E-03   301.4115       12.17174    
  7.9190154E-03  7.9369284E-03   323.8469       11.77335    
  7.9369284E-03  7.9548834E-03   304.6512       12.24119    
  7.9548834E-03  7.9728775E-03   234.8693       13.95085    
  7.9728775E-03  7.9909135E-03   234.3575       13.38702    
  7.9909135E-03  8.0089895E-03   201.7211       14.94945    
  8.0089895E-03  8.0271065E-03   205.8324       14.06117    
  8.0271065E-03  8.0452655E-03   173.4370       15.89491    
  8.0452655E-03  8.0634644E-03   236.8086       13.51137    
  8.0634644E-03  8.0817053E-03   181.7357       15.43060    
  8.0817053E-03  8.0999872E-03   163.2142       16.39781    


 # Detector n:            4   5         
 # N. of x1 intervals          40
  6.2000002E-03  6.2120333E-03   7.949384       99.00000    
  6.2120333E-03  6.2240902E-03   0.000000       0.000000    
  6.2240902E-03  6.2361700E-03   23.73210       57.59016    
  6.2361700E-03  6.2482734E-03   63.21832       35.04383    
  6.2482734E-03  6.2604006E-03   252.3440       16.97706    
  6.2604006E-03  6.2725507E-03   306.9561       16.47819    
  6.2725507E-03  6.2847249E-03   628.4065       12.00517    
  6.2847249E-03  6.2969225E-03   838.9370       9.374653    
  6.2969225E-03  6.3091442E-03   1236.302       8.252813    
  6.3091442E-03  6.3213892E-03   1358.874       7.509590    
  6.3213892E-03  6.3336580E-03   1823.804       7.019452    
  6.3336580E-03  6.3459505E-03   2014.898       6.272752    
  6.3459505E-03  6.3582673E-03   2181.781       6.021836    
  6.3582673E-03  6.3706073E-03   2332.516       5.841936    
  6.3706073E-03  6.3829720E-03   2018.677       6.241586    
  6.3829720E-03  6.3953605E-03   1945.273       6.347532    
  6.3953605E-03  6.4077727E-03   1995.504       6.249062    
  6.4077727E-03  6.4202091E-03   1860.843       6.102887    
  6.4202091E-03  6.4326697E-03   1649.943       7.084562    
  6.4326697E-03  6.4451545E-03   1248.553       7.385728    
  6.4451545E-03  6.4576636E-03   1192.491       7.942693    
  6.4576636E-03  6.4701969E-03   1167.284       8.133835    
  6.4701969E-03  6.4827548E-03   852.8614       8.878676    
  6.4827548E-03  6.4953365E-03   889.1846       9.559023    
  6.4953365E-03  6.5079434E-03   735.7869       10.19095    
  6.5079434E-03  6.5205740E-03   749.4400       10.43718    
  6.5205740E-03  6.5332297E-03   460.9667       13.89835    
  6.5332297E-03  6.5459097E-03   633.5389       11.20478    
  6.5459097E-03  6.5586143E-03   511.8878       12.18110    
  6.5586143E-03  6.5713432E-03   548.4023       10.77181    
  6.5713432E-03  6.5840972E-03   487.3461       12.17091    
  6.5840972E-03  6.5968758E-03   404.0675       12.94014    
  6.5968758E-03  6.6096797E-03   470.5699       13.01590    
  6.6096797E-03  6.6225082E-03   395.0916       13.35484    
  6.6225082E-03  6.6353614E-03   357.1227       14.78500    
  6.6353614E-03  6.6482397E-03   452.9775       12.89273    
  6.6482397E-03  6.6611427E-03   348.3418       14.36596    
  6.6611427E-03  6.6740708E-03   295.8958       15.83115    
  6.6740708E-03  6.6870241E-03   310.0995       15.73944    
  6.6870241E-03  6.7000026E-03   361.0918       14.30353    


 # Detector n:            5   4         
 # N. of x1 intervals          40
  4.8000002E-03  4.8185340E-03   0.000000       0.000000    
  4.8185340E-03  4.8371390E-03   0.000000       0.000000    
  4.8371390E-03  4.8558163E-03   0.000000       0.000000    
  4.8558163E-03  4.8745656E-03   0.000000       0.000000    
  4.8745656E-03  4.8933872E-03   0.000000       0.000000    
  4.8933872E-03  4.9122814E-03   0.000000       0.000000    
  4.9122814E-03  4.9312487E-03   0.000000       0.000000    
  4.9312487E-03  4.9502891E-03   0.000000       0.000000    
  4.9502891E-03  4.9694031E-03   2.502252       99.00000    
  4.9694031E-03  4.9885912E-03   87.19461       17.14998    
  4.9885912E-03  5.0078528E-03   379.7909       8.133744    
  5.0078528E-03  5.0271889E-03   815.9819       5.288135    
  5.0271889E-03  5.0466000E-03   1372.035       4.466566    
  5.0466000E-03  5.0660861E-03   1774.057       3.843247    
  5.0660861E-03  5.0856471E-03   2082.561       3.297222    
  5.0856471E-03  5.1052836E-03   2296.100       3.234225    
  5.1052836E-03  5.1249960E-03   2280.045       3.383441    
  5.1249960E-03  5.1447847E-03   1990.981       3.552260    
  5.1447847E-03  5.1646498E-03   1742.608       3.642010    
  5.1646498E-03  5.1845913E-03   1285.204       4.134013    
  5.1845913E-03  5.2046101E-03   1043.730       4.847276    
  5.2046101E-03  5.2247061E-03   875.5757       5.369317    
  5.2247061E-03  5.2448795E-03   756.0612       5.893736    
  5.2448795E-03  5.2651311E-03   625.6799       6.178545    
  5.2651311E-03  5.2854610E-03   578.5735       6.208998    
  5.2854610E-03  5.3058690E-03   470.9037       6.938105    
  5.3058690E-03  5.3263558E-03   492.4450       7.001038    
  5.3263558E-03  5.3469222E-03   420.8184       7.193670    
  5.3469222E-03  5.3675673E-03   405.3000       7.246960    
  5.3675673E-03  5.3882925E-03   348.3649       7.956770    
  5.3882925E-03  5.4090978E-03   314.8641       8.587597    
  5.4090978E-03  5.4299836E-03   297.6069       8.705077    
  5.4299836E-03  5.4509495E-03   253.1308       9.970943    
  5.4509495E-03  5.4719970E-03   261.2583       8.876549    
  5.4719970E-03  5.4931249E-03   235.3597       9.381763    
  5.4931249E-03  5.5143354E-03   220.9223       10.81166    
  5.5143354E-03  5.5356272E-03   184.1384       11.53202    
  5.5356272E-03  5.5570011E-03   190.1543       10.72753    
  5.5570011E-03  5.5784578E-03   140.3837       12.62222    
  5.5784578E-03  5.5999975E-03   166.4762       12.00998    


 # Detector n:            6   3         
 # N. of x1 intervals          40
  3.7000000E-03  3.7117433E-03   1.735977       99.00000    
  3.7117433E-03  3.7235236E-03   60.56004       16.16637    
  3.7235236E-03  3.7353414E-03   270.7644       7.949660    
  3.7353414E-03  3.7471969E-03   517.4321       5.490756    
  3.7471969E-03  3.7590896E-03   836.2637       4.735203    
  3.7590896E-03  3.7710203E-03   1267.439       3.743468    
  3.7710203E-03  3.7829890E-03   1529.056       3.392832    
  3.7829890E-03  3.7949956E-03   1772.070       3.001065    
  3.7949956E-03  3.8070402E-03   1996.592       2.920844    
  3.8070402E-03  3.8191231E-03   1971.661       2.952893    
  3.8191231E-03  3.8312443E-03   2084.858       2.831846    
  3.8312443E-03  3.8434041E-03   2190.546       2.682758    
  3.8434041E-03  3.8556024E-03   2165.223       2.686263    
  3.8556024E-03  3.8678395E-03   2031.796       2.730669    
  3.8678395E-03  3.8801152E-03   1809.524       3.226341    
  3.8801152E-03  3.8924301E-03   1479.507       3.367211    
  3.8924301E-03  3.9047839E-03   1247.113       3.767485    
  3.9047839E-03  3.9171772E-03   917.5858       4.401061    
  3.9171772E-03  3.9296094E-03   829.4331       4.325802    
  3.9296094E-03  3.9420812E-03   660.1461       5.418030    
  3.9420812E-03  3.9545931E-03   628.7386       5.093158    
  3.9545931E-03  3.9671441E-03   587.8170       5.265262    
  3.9671441E-03  3.9797351E-03   521.1893       5.446403    
  3.9797351E-03  3.9923661E-03   550.1926       5.352293    
  3.9923661E-03  4.0050372E-03   488.9486       5.656631    
  4.0050372E-03  4.0177484E-03   416.8363       6.197835    
  4.0177484E-03  4.0305001E-03   410.7262       6.034124    
  4.0305001E-03  4.0432923E-03   372.8100       6.726377    
  4.0432923E-03  4.0561249E-03   335.0962       7.254025    
  4.0561249E-03  4.0689986E-03   326.1056       6.446616    
  4.0689986E-03  4.0819128E-03   296.6742       7.217107    
  4.0819128E-03  4.0948680E-03   279.9859       7.563179    
  4.0948680E-03  4.1078646E-03   230.5322       7.854290    
  4.1078646E-03  4.1209022E-03   225.0854       8.053888    
  4.1209022E-03  4.1339812E-03   261.7766       7.572203    
  4.1339812E-03  4.1471017E-03   226.7911       8.077133    
  4.1471017E-03  4.1602640E-03   226.0596       8.249602    
  4.1602640E-03  4.1734679E-03   177.5045       9.613789    
  4.1734679E-03  4.1867136E-03   178.4604       9.148919    
  4.1867136E-03  4.2000017E-03   188.6396       8.736423    


 # Detector n:            7   2.5       
 # N. of x1 intervals          40
  3.0000000E-03  3.0094020E-03   0.000000       0.000000    
  3.0094020E-03  3.0188335E-03   0.000000       0.000000    
  3.0188335E-03  3.0282945E-03   0.000000       0.000000    
  3.0282945E-03  3.0377854E-03   0.000000       0.000000    
  3.0377854E-03  3.0473059E-03   0.000000       0.000000    
  3.0473059E-03  3.0568561E-03   0.000000       0.000000    
  3.0568561E-03  3.0664364E-03   0.000000       0.000000    
  3.0664364E-03  3.0760465E-03   0.000000       0.000000    
  3.0760465E-03  3.0856868E-03   0.000000       0.000000    
  3.0856868E-03  3.0953574E-03   28.05265       20.67526    
  3.0953574E-03  3.1050583E-03   154.9432       8.409263    
  3.1050583E-03  3.1147897E-03   386.7392       5.890056    
  3.1147897E-03  3.1245514E-03   603.1570       4.341474    
  3.1245514E-03  3.1343438E-03   828.6332       3.770734    
  3.1343438E-03  3.1441669E-03   1009.000       3.332855    
  3.1441669E-03  3.1540208E-03   1254.740       3.157083    
  3.1540208E-03  3.1639056E-03   1263.392       2.842947    
  3.1639056E-03  3.1738211E-03   1487.423       2.601188    
  3.1738211E-03  3.1837681E-03   1558.885       2.548892    
  3.1837681E-03  3.1937461E-03   1533.630       2.808624    
  3.1937461E-03  3.2037552E-03   1506.239       2.876831    
  3.2037552E-03  3.2137958E-03   1623.094       2.426780    
  3.2137958E-03  3.2238679E-03   1742.589       2.479963    
  3.2238679E-03  3.2339715E-03   1628.623       2.609682    
  3.2339715E-03  3.2441069E-03   1518.694       2.705181    
  3.2441069E-03  3.2542739E-03   1290.586       2.951444    
  3.2542739E-03  3.2644728E-03   1101.472       3.248223    
  3.2644728E-03  3.2747039E-03   943.3715       3.734688    
  3.2747039E-03  3.2849668E-03   727.9100       3.910985    
  3.2849668E-03  3.2952619E-03   585.0792       4.327828    
  3.2952619E-03  3.3055893E-03   527.4827       4.518570    
  3.3055893E-03  3.3159491E-03   465.7904       4.902650    
  3.3159491E-03  3.3263413E-03   435.0062       5.031159    
  3.3263413E-03  3.3367660E-03   379.4266       5.319284    
  3.3367660E-03  3.3472234E-03   357.7165       6.088444    
  3.3472234E-03  3.3577138E-03   332.9064       5.424946    
  3.3577138E-03  3.3682368E-03   360.8563       5.460260    
  3.3682368E-03  3.3787929E-03   290.1476       5.927678    
  3.3787929E-03  3.3893820E-03   294.5865       5.799069    
  3.3893820E-03  3.4000045E-03   280.8834       6.159429    


 # Detector n:            8   2         
 # N. of x1 intervals          40
  2.4000001E-03  2.4134261E-03   0.000000       0.000000    
  2.4134261E-03  2.4269270E-03   0.000000       0.000000    
  2.4269270E-03  2.4405036E-03   0.000000       0.000000    
  2.4405036E-03  2.4541561E-03   0.000000       0.000000    
  2.4541561E-03  2.4678849E-03   45.27740       9.791739    
  2.4678849E-03  2.4816906E-03   199.8144       4.643489    
  2.4816906E-03  2.4955736E-03   352.2054       3.624984    
  2.4955736E-03  2.5095341E-03   465.1676       3.090374    
  2.5095341E-03  2.5235729E-03   472.6929       3.085436    
  2.5235729E-03  2.5376901E-03   552.2573       2.733545    
  2.5376901E-03  2.5518863E-03   554.1901       2.895852    
  2.5518863E-03  2.5661618E-03   557.7394       2.775837    
  2.5661618E-03  2.5805172E-03   596.2969       2.501057    
  2.5805172E-03  2.5949529E-03   638.4926       2.578941    
  2.5949529E-03  2.6094695E-03   496.6778       3.012858    
  2.6094695E-03  2.6240672E-03   326.0527       3.789524    
  2.6240672E-03  2.6387468E-03   229.8670       4.027926    
  2.6387468E-03  2.6535082E-03   180.4606       4.973888    
  2.6535082E-03  2.6683523E-03   160.3191       5.067608    
  2.6683523E-03  2.6832793E-03   143.5629       4.981496    
  2.6832793E-03  2.6982899E-03   139.6064       5.590486    
  2.6982899E-03  2.7133846E-03   103.1395       6.279475    
  2.7133846E-03  2.7285637E-03   108.4221       5.904575    
  2.7285637E-03  2.7438276E-03   104.3197       6.575113    
  2.7438276E-03  2.7591770E-03   94.10247       6.074616    
  2.7591770E-03  2.7746120E-03   91.27139       6.576786    
  2.7746120E-03  2.7901337E-03   75.89185       7.462977    
  2.7901337E-03  2.8057420E-03   79.64741       7.003094    
  2.8057420E-03  2.8214378E-03   71.28616       7.780280    
  2.8214378E-03  2.8372214E-03   73.13237       7.150475    
  2.8372214E-03  2.8530930E-03   69.74831       7.410168    
  2.8530930E-03  2.8690537E-03   62.68286       7.531616    
  2.8690537E-03  2.8851035E-03   70.81880       6.835924    
  2.8851035E-03  2.9012433E-03   66.38350       7.064720    
  2.9012433E-03  2.9174732E-03   64.19579       7.473321    
  2.9174732E-03  2.9337939E-03   60.57362       8.072318    
  2.9337939E-03  2.9502059E-03   59.51503       7.650125    
  2.9502059E-03  2.9667097E-03   55.23754       7.490095    
  2.9667097E-03  2.9833058E-03   53.86198       8.066281    
  2.9833058E-03  2.9999949E-03   63.49046       7.605515    


 # Detector n:            9   1.5       
 # N. of x1 intervals          40
  1.8000000E-03  1.8090528E-03   0.000000       0.000000    
  1.8090528E-03  1.8181511E-03   0.000000       0.000000    
  1.8181511E-03  1.8272952E-03   0.000000       0.000000    
  1.8272952E-03  1.8364851E-03   0.000000       0.000000    
  1.8364851E-03  1.8457214E-03   0.000000       0.000000    
  1.8457214E-03  1.8550041E-03  0.5353070       99.00000    
  1.8550041E-03  1.8643336E-03   58.09700       9.244899    
  1.8643336E-03  1.8737100E-03   142.6555       6.405188    
  1.8737100E-03  1.8831334E-03   223.2251       4.744050    
  1.8831334E-03  1.8926043E-03   247.2975       4.580801    
  1.8926043E-03  1.9021227E-03   251.2852       4.629165    
  1.9021227E-03  1.9116892E-03   270.8118       4.426101    
  1.9116892E-03  1.9213037E-03   305.6506       4.093492    
  1.9213037E-03  1.9309665E-03   241.3472       4.380893    
  1.9309665E-03  1.9406780E-03   145.4217       6.329612    
  1.9406780E-03  1.9504383E-03   106.9839       6.806178    
  1.9504383E-03  1.9602478E-03   93.77570       7.330063    
  1.9602478E-03  1.9701063E-03   68.09121       8.882362    
  1.9701063E-03  1.9800146E-03   63.73388       9.216498    
  1.9800146E-03  1.9899728E-03   49.43245       10.23890    
  1.9899728E-03  1.9999810E-03   55.64458       9.654648    
  1.9999810E-03  2.0100395E-03   52.89950       10.26653    
  2.0100395E-03  2.0201488E-03   41.31643       10.68458    
  2.0201488E-03  2.0303086E-03   46.49648       9.452589    
  2.0303086E-03  2.0405198E-03   31.16728       12.29453    
  2.0405198E-03  2.0507821E-03   44.09353       10.57071    
  2.0507821E-03  2.0610963E-03   36.64425       10.82855    
  2.0610963E-03  2.0714621E-03   35.01844       11.93188    
  2.0714621E-03  2.0818801E-03   34.84750       11.28305    
  2.0818801E-03  2.0923505E-03   36.09497       10.82876    
  2.0923505E-03  2.1028738E-03   32.13525       12.00210    
  2.1028738E-03  2.1134496E-03   31.03428       12.05146    
  2.1134496E-03  2.1240790E-03   31.81631       11.81992    
  2.1240790E-03  2.1347615E-03   32.11619       13.22821    
  2.1347615E-03  2.1454981E-03   31.49543       12.00146    
  2.1454981E-03  2.1562884E-03   32.71889       11.99845    
  2.1562884E-03  2.1671331E-03   28.42763       12.95931    
  2.1671331E-03  2.1780322E-03   35.58547       11.10105    
  2.1780322E-03  2.1889864E-03   32.23197       13.10709    
  2.1889864E-03  2.1999953E-03   29.81025       11.46465    


 # Detector n:           10   1.4       
 # N. of x1 intervals          40
  1.7199999E-03  1.7264977E-03   0.000000       0.000000    
  1.7264977E-03  1.7330199E-03   3.811343       40.56823    
  1.7330199E-03  1.7395668E-03   55.06821       10.67764    
  1.7395668E-03  1.7461384E-03   126.7495       7.252840    
  1.7461384E-03  1.7527349E-03   175.2695       5.987774    
  1.7527349E-03  1.7593564E-03   187.1280       5.966842    
  1.7593564E-03  1.7660027E-03   187.6711       5.727665    
  1.7660027E-03  1.7726741E-03   228.5780       5.437679    
  1.7726741E-03  1.7793709E-03   213.4835       5.055561    
  1.7793709E-03  1.7860929E-03   228.7095       5.483765    
  1.7860929E-03  1.7928403E-03   259.1713       4.947216    
  1.7928403E-03  1.7996132E-03   233.1151       5.190538    
  1.7996132E-03  1.8064117E-03   170.6615       6.089811    
  1.8064117E-03  1.8132358E-03   128.1305       7.065468    
  1.8132358E-03  1.8200858E-03   88.32324       8.306302    
  1.8200858E-03  1.8269616E-03   85.58180       8.624057    
  1.8269616E-03  1.8338633E-03   76.85381       8.605143    
  1.8338633E-03  1.8407912E-03   63.40242       9.345939    
  1.8407912E-03  1.8477453E-03   58.99183       10.13868    
  1.8477453E-03  1.8547255E-03   51.05526       10.38107    
  1.8547255E-03  1.8617322E-03   43.17227       11.61248    
  1.8617322E-03  1.8687655E-03   41.83163       11.49121    
  1.8687655E-03  1.8758251E-03   35.21838       12.59835    
  1.8758251E-03  1.8829115E-03   35.67079       12.89325    
  1.8829115E-03  1.8900246E-03   39.61578       11.25626    
  1.8900246E-03  1.8971647E-03   29.60364       14.22394    
  1.8971647E-03  1.9043317E-03   38.16257       12.24129    
  1.9043317E-03  1.9115257E-03   32.83206       13.70557    
  1.9115257E-03  1.9187470E-03   29.26377       13.67163    
  1.9187470E-03  1.9259956E-03   34.30156       12.81781    
  1.9259956E-03  1.9332714E-03   37.01818       11.97564    
  1.9332714E-03  1.9405748E-03   32.90986       13.32580    
  1.9405748E-03  1.9479059E-03   30.52541       13.46173    
  1.9479059E-03  1.9552645E-03   33.22536       12.95676    
  1.9552645E-03  1.9626510E-03   31.41900       13.63500    
  1.9626510E-03  1.9700653E-03   30.74001       13.30742    
  1.9700653E-03  1.9775077E-03   22.27315       15.43054    
  1.9775077E-03  1.9849783E-03   28.84445       13.78272    
  1.9849783E-03  1.9924771E-03   25.42307       14.22474    
  1.9924771E-03  2.0000041E-03   32.48598       12.95722    


 # Detector n:           11   1.3       
 # N. of x1 intervals          40
  1.5700000E-03  1.5733563E-03   0.000000       0.000000    
  1.5733563E-03  1.5767198E-03   0.000000       0.000000    
  1.5767198E-03  1.5800905E-03   0.000000       0.000000    
  1.5800905E-03  1.5834683E-03   0.000000       0.000000    
  1.5834683E-03  1.5868534E-03   0.000000       0.000000    
  1.5868534E-03  1.5902458E-03   0.000000       0.000000    
  1.5902458E-03  1.5936454E-03   0.000000       0.000000    
  1.5936454E-03  1.5970522E-03   0.000000       0.000000    
  1.5970522E-03  1.6004664E-03   0.000000       0.000000    
  1.6004664E-03  1.6038879E-03   0.000000       0.000000    
  1.6038879E-03  1.6073165E-03   2.939724       57.59015    
  1.6073165E-03  1.6107527E-03   25.41903       19.75290    
  1.6107527E-03  1.6141961E-03   63.42421       12.55534    
  1.6141961E-03  1.6176469E-03   111.0088       9.357002    
  1.6176469E-03  1.6211051E-03   120.4823       8.679986    
  1.6211051E-03  1.6245707E-03   131.8525       8.320832    
  1.6245707E-03  1.6280436E-03   135.4432       8.248123    
  1.6280436E-03  1.6315241E-03   153.4995       8.157179    
  1.6315241E-03  1.6350119E-03   202.3057       6.532772    
  1.6350119E-03  1.6385071E-03   169.1786       7.429582    
  1.6385071E-03  1.6420099E-03   172.6549       7.566108    
  1.6420099E-03  1.6455202E-03   169.4314       7.259241    
  1.6455202E-03  1.6490379E-03   171.9239       7.524772    
  1.6490379E-03  1.6525632E-03   158.2077       7.797673    
  1.6525632E-03  1.6560961E-03   189.2756       6.935204    
  1.6560961E-03  1.6596364E-03   203.0967       7.057232    
  1.6596364E-03  1.6631844E-03   192.2449       7.248911    
  1.6631844E-03  1.6667399E-03   178.6075       7.523065    
  1.6667399E-03  1.6703031E-03   202.7374       6.929920    
  1.6703031E-03  1.6738737E-03   191.9651       7.009484    
  1.6738737E-03  1.6774521E-03   149.2987       7.707458    
  1.6774521E-03  1.6810382E-03   118.9977       8.588548    
  1.6810382E-03  1.6846318E-03   87.88531       9.640418    
  1.6846318E-03  1.6882332E-03   78.37183       11.07677    
  1.6882332E-03  1.6918423E-03   68.89854       11.34512    
  1.6918423E-03  1.6954590E-03   68.75622       11.66369    
  1.6954590E-03  1.6990836E-03   63.02818       12.53177    
  1.6990836E-03  1.7027159E-03   49.02786       13.35538    
  1.7027159E-03  1.7063558E-03   59.99508       12.17174    
  1.7063558E-03  1.7100037E-03   46.97894       13.38671    


 # Detector n:           12   1.2       
 # N. of x1 intervals          40
  1.4500000E-03  1.4542480E-03   0.000000       0.000000    
  1.4542480E-03  1.4585085E-03   0.000000       0.000000    
  1.4585085E-03  1.4627815E-03   0.000000       0.000000    
  1.4627815E-03  1.4670669E-03   0.000000       0.000000    
  1.4670669E-03  1.4713650E-03   0.000000       0.000000    
  1.4713650E-03  1.4756757E-03   0.000000       0.000000    
  1.4756757E-03  1.4799989E-03   6.588078       29.77091    
  1.4799989E-03  1.4843349E-03   30.46137       13.95085    
  1.4843349E-03  1.4886835E-03   61.34290       10.03035    
  1.4886835E-03  1.4930449E-03   93.23237       7.846375    
  1.4930449E-03  1.4974191E-03   89.40224       8.281727    
  1.4974191E-03  1.5018060E-03   112.7586       7.222035    
  1.5018060E-03  1.5062059E-03   138.9154       6.444772    
  1.5062059E-03  1.5106186E-03   141.4521       6.433707    
  1.5106186E-03  1.5150442E-03   149.2296       6.480865    
  1.5150442E-03  1.5194828E-03   147.0497       6.196862    
  1.5194828E-03  1.5239344E-03   164.0715       5.825394    
  1.5239344E-03  1.5283991E-03   158.9438       5.781316    
  1.5283991E-03  1.5328767E-03   158.4719       6.095861    
  1.5328767E-03  1.5373676E-03   150.5217       5.901813    
  1.5373676E-03  1.5418717E-03   163.3086       5.903210    
  1.5418717E-03  1.5463888E-03   176.0236       5.918985    
  1.5463888E-03  1.5509193E-03   126.3402       6.913649    
  1.5509193E-03  1.5554629E-03   101.4521       7.728445    
  1.5554629E-03  1.5600200E-03   77.86471       9.012552    
  1.5600200E-03  1.5645904E-03   64.60947       10.07231    
  1.5645904E-03  1.5691741E-03   52.54556       11.05152    
  1.5691741E-03  1.5737714E-03   39.43409       12.28238    
  1.5737714E-03  1.5783820E-03   49.99202       11.09151    
  1.5783820E-03  1.5830061E-03   37.52274       12.12009    
  1.5830061E-03  1.5876439E-03   31.27676       13.63558    
  1.5876439E-03  1.5922951E-03   30.07254       13.71440    
  1.5922951E-03  1.5969601E-03   35.53214       11.68213    
  1.5969601E-03  1.6016387E-03   34.32365       12.75570    
  1.6016387E-03  1.6063310E-03   29.80812       13.46114    
  1.6063310E-03  1.6110371E-03   33.02020       12.59922    
  1.6110371E-03  1.6157569E-03   34.57372       12.62213    
  1.6157569E-03  1.6204906E-03   30.63458       12.91311    
  1.6204906E-03  1.6252381E-03   21.82057       15.43060    
  1.6252381E-03  1.6299995E-03   32.09360       12.95737    


 # Detector n:           13   1.1       
 # N. of x1 intervals          40
  1.4400000E-03  1.4404966E-03   0.000000       0.000000    
  1.4404966E-03  1.4409934E-03   0.000000       0.000000    
  1.4409934E-03  1.4414904E-03   0.000000       0.000000    
  1.4414904E-03  1.4419875E-03   0.000000       0.000000    
  1.4419875E-03  1.4424848E-03   0.000000       0.000000    
  1.4424848E-03  1.4429822E-03   0.000000       0.000000    
  1.4429822E-03  1.4434799E-03   0.000000       0.000000    
  1.4434799E-03  1.4439777E-03   0.000000       0.000000    
  1.4439777E-03  1.4444757E-03   0.000000       0.000000    
  1.4444757E-03  1.4449739E-03   0.000000       0.000000    
  1.4449739E-03  1.4454722E-03   0.000000       0.000000    
  1.4454722E-03  1.4459707E-03   0.000000       0.000000    
  1.4459707E-03  1.4464695E-03   0.000000       0.000000    
  1.4464695E-03  1.4469683E-03   0.000000       0.000000    
  1.4469683E-03  1.4474672E-03   0.000000       0.000000    
  1.4474672E-03  1.4479664E-03   0.000000       0.000000    
  1.4479664E-03  1.4484659E-03   0.000000       0.000000    
  1.4484659E-03  1.4489654E-03   0.000000       0.000000    
  1.4489654E-03  1.4494651E-03   0.000000       0.000000    
  1.4494651E-03  1.4499649E-03   0.000000       0.000000    
  1.4499649E-03  1.4504651E-03   0.000000       0.000000    
  1.4504651E-03  1.4509652E-03   0.000000       0.000000    
  1.4509652E-03  1.4514657E-03   0.000000       0.000000    
  1.4514657E-03  1.4519662E-03   0.000000       0.000000    
  1.4519662E-03  1.4524669E-03   0.000000       0.000000    
  1.4524669E-03  1.4529679E-03   0.000000       0.000000    
  1.4529679E-03  1.4534689E-03   0.000000       0.000000    
  1.4534689E-03  1.4539702E-03   0.000000       0.000000    
  1.4539702E-03  1.4544716E-03   0.000000       0.000000    
  1.4544716E-03  1.4549732E-03   0.000000       0.000000    
  1.4549732E-03  1.4554750E-03   0.000000       0.000000    
  1.4554750E-03  1.4559770E-03   0.000000       0.000000    
  1.4559770E-03  1.4564791E-03   0.000000       0.000000    
  1.4564791E-03  1.4569814E-03   0.000000       0.000000    
  1.4569814E-03  1.4574839E-03   0.000000       0.000000    
  1.4574839E-03  1.4579865E-03   0.000000       0.000000    
  1.4579865E-03  1.4584893E-03   0.000000       0.000000    
  1.4584893E-03  1.4589924E-03   0.000000       0.000000    
  1.4589924E-03  1.4594955E-03   0.000000       0.000000    
  1.4594955E-03  1.4599989E-03   0.000000       0.000000    


 # Detector n:           14   1.0       
 # N. of x1 intervals          40
  1.1500000E-03  1.1556695E-03   0.000000       0.000000    
  1.1556695E-03  1.1613667E-03   0.000000       0.000000    
  1.1613667E-03  1.1670921E-03   2.805618       20.26751    
  1.1670921E-03  1.1728458E-03   22.94206       7.410919    
  1.1728458E-03  1.1786278E-03   40.10151       5.398173    
  1.1786278E-03  1.1844384E-03   46.87953       5.120160    
  1.1844384E-03  1.1902775E-03   47.00764       5.011214    
  1.1902775E-03  1.1961454E-03   57.01270       4.854568    
  1.1961454E-03  1.2020423E-03   56.49453       4.590055    
  1.2020423E-03  1.2079683E-03   57.04216       4.486376    
  1.2079683E-03  1.2139234E-03   55.47211       4.684152    
  1.2139234E-03  1.2199080E-03   57.29998       4.677911    
  1.2199080E-03  1.2259220E-03   60.96908       4.488708    
  1.2259220E-03  1.2319656E-03   58.58904       4.452723    
  1.2319656E-03  1.2380391E-03   62.09386       4.446075    
  1.2380391E-03  1.2441425E-03   62.01989       4.137149    
  1.2441425E-03  1.2502760E-03   66.04245       4.110417    
  1.2502760E-03  1.2564398E-03   66.51255       3.895733    
  1.2564398E-03  1.2626339E-03   65.28284       4.146046    
  1.2626339E-03  1.2688586E-03   65.07549       4.182378    
  1.2688586E-03  1.2751139E-03   60.29303       4.461514    
  1.2751139E-03  1.2814001E-03   70.21452       3.999974    
  1.2814001E-03  1.2877173E-03   65.67094       4.024160    
  1.2877173E-03  1.2940656E-03   65.78986       4.073895    
  1.2940656E-03  1.3004452E-03   45.32649       4.846059    
  1.3004452E-03  1.3068563E-03   35.07903       5.229090    
  1.3068563E-03  1.3132989E-03   32.84731       6.016222    
  1.3132989E-03  1.3197734E-03   25.56653       5.983289    
  1.3197734E-03  1.3262797E-03   22.22018       6.803885    
  1.3262797E-03  1.3328182E-03   24.67382       6.423202    
  1.3328182E-03  1.3393888E-03   19.66443       7.527252    
  1.3393888E-03  1.3459919E-03   18.51057       7.513072    
  1.3459919E-03  1.3526274E-03   21.05185       7.323572    
  1.3526274E-03  1.3592958E-03   21.26036       7.009492    
  1.3592958E-03  1.3659970E-03   17.19654       7.698108    
  1.3659970E-03  1.3727312E-03   17.42143       8.331555    
  1.3727312E-03  1.3794986E-03   20.02084       6.922534    
  1.3794986E-03  1.3862994E-03   19.61527       7.222080    
  1.3862994E-03  1.3931338E-03   17.98611       7.297836    
  1.3931338E-03  1.4000017E-03   17.48907       7.853803    
