 # Detector n:            1   0-50      
 # N. of energy intervals          30
   0.000000      9.9999997E-05  2.0641705E-03   1.482836    
  9.9999997E-05  1.9999999E-04  1.6609853E-03   1.322395    
  1.9999999E-04  2.9999999E-04  2.0509323E-03   1.473074    
  2.9999999E-04  3.9999999E-04  2.4639068E-03   1.603054    
  3.9999999E-04  4.9999997E-04  2.8729741E-03   1.411752    
  4.9999997E-04  5.9999997E-04  3.3354608E-03   1.712441    
  5.9999997E-04  6.9999998E-04  3.6590144E-03   1.444965    
  6.9999998E-04  7.9999998E-04  4.1570659E-03   2.450143    
  7.9999998E-04  8.9999998E-04  4.5485515E-03   2.131745    
  8.9999998E-04  9.9999993E-04  4.9962974E-03   2.602361    
  9.9999993E-04  1.1000000E-03  5.5291322E-03   1.871965    
  1.1000000E-03  1.1999999E-03  5.9690136E-03   2.026876    
  1.1999999E-03  1.3000000E-03  6.3604750E-03   2.040791    
  1.3000000E-03  1.4000000E-03  6.9455556E-03   2.328070    
  1.4000000E-03  1.5000000E-03  6.9267564E-03   1.665736    
  1.5000000E-03  1.6000000E-03  7.4475198E-03   1.373985    
  1.6000000E-03  1.6999999E-03  7.2363839E-03   2.989427    
  1.6999999E-03  1.8000000E-03  6.3690338E-03   2.038044    
  1.8000000E-03  1.8999999E-03  6.2115369E-03   4.469657    
  1.8999999E-03  1.9999999E-03  5.5530048E-03   3.065226    
  1.9999999E-03  2.0999999E-03  5.3559146E-03   5.687362    
  2.0999999E-03  2.2000000E-03  5.3689852E-03   7.284145    
  2.2000000E-03  2.3000001E-03  5.3054811E-03   5.102140    
  2.3000001E-03  2.3999999E-03  5.3511988E-03   3.814178    
  2.3999999E-03  2.4999999E-03  5.3810733E-03   3.835403    
  2.4999999E-03  2.6000000E-03  7.4746772E-03   2.032427    
  2.6000000E-03  2.6999998E-03   1.971363      2.3157116E-02
  2.6999998E-03  2.7999999E-03   53.36929      1.8571798E-02
  2.7999999E-03  2.9000000E-03   159.9477      6.2445337E-03
  2.9000000E-03  3.0000000E-03   138.3585      1.3159965E-03


 # Detector n:            2   50-75     
 # N. of energy intervals          30
   0.000000      9.9999997E-05  2.5686903E-03   1.452070    
  9.9999997E-05  1.9999999E-04  2.0625107E-03   1.376191    
  1.9999999E-04  2.9999999E-04  2.5894113E-03   1.520708    
  2.9999999E-04  3.9999999E-04  3.2147774E-03   1.717668    
  3.9999999E-04  4.9999997E-04  3.8005330E-03   1.408930    
  4.9999997E-04  5.9999997E-04  4.4398233E-03   1.730278    
  5.9999997E-04  6.9999998E-04  4.9323831E-03   1.260009    
  6.9999998E-04  7.9999998E-04  5.5330168E-03   1.742849    
  7.9999998E-04  8.9999998E-04  6.1067664E-03   2.913235    
  8.9999998E-04  9.9999993E-04  6.6829952E-03   2.488519    
  9.9999993E-04  1.1000000E-03  7.2953161E-03   2.227979    
  1.1000000E-03  1.1999999E-03  7.8177946E-03   3.628889    
  1.1999999E-03  1.3000000E-03  8.5868202E-03   3.019888    
  1.3000000E-03  1.4000000E-03  8.9627784E-03   2.678354    
  1.4000000E-03  1.5000000E-03  1.0087348E-02   3.205279    
  1.5000000E-03  1.6000000E-03  9.4854273E-03   2.007138    
  1.6000000E-03  1.6999999E-03  9.3825217E-03   2.722421    
  1.6999999E-03  1.8000000E-03  9.8853623E-03   2.999384    
  1.8000000E-03  1.8999999E-03  1.0664075E-02   3.495473    
  1.8999999E-03  1.9999999E-03  1.0436382E-02   1.431289    
  1.9999999E-03  2.0999999E-03  1.1247215E-02   4.041658    
  2.0999999E-03  2.2000000E-03  1.2203673E-02   4.024278    
  2.2000000E-03  2.3000001E-03  1.4089233E-02   3.567234    
  2.3000001E-03  2.3999999E-03  1.5355729E-02   1.213731    
  2.3999999E-03  2.4999999E-03  4.0430039E-02  0.8167136    
  2.4999999E-03  2.6000000E-03   98.79263      9.3507208E-03
  2.6000000E-03  2.6999998E-03   229.8251      3.8856342E-03
  2.6999998E-03  2.7999999E-03   24.95003      4.1774541E-02
  2.7999999E-03  2.9000000E-03  1.1067417E-08   90.11021    
  2.9000000E-03  3.0000000E-03  7.6678823E-08   46.37232    


 # Detector n:            3   75-85     
 # N. of energy intervals          30
   0.000000      9.9999997E-05  2.8435222E-03   4.950560    
  9.9999997E-05  1.9999999E-04  2.2365954E-03   4.540873    
  1.9999999E-04  2.9999999E-04  2.7568371E-03   4.096394    
  2.9999999E-04  3.9999999E-04  3.5053494E-03   4.718302    
  3.9999999E-04  4.9999997E-04  4.1637975E-03   3.832718    
  4.9999997E-04  5.9999997E-04  4.7740559E-03   2.036309    
  5.9999997E-04  6.9999998E-04  5.4996205E-03   3.563612    
  6.9999998E-04  7.9999998E-04  6.2743640E-03   3.641477    
  7.9999998E-04  8.9999998E-04  7.2000637E-03   2.831216    
  8.9999998E-04  9.9999993E-04  7.7653546E-03   4.381348    
  9.9999993E-04  1.1000000E-03  8.7405508E-03   2.614910    
  1.1000000E-03  1.1999999E-03  9.4198762E-03   3.996403    
  1.1999999E-03  1.3000000E-03  9.8663270E-03   3.347844    
  1.3000000E-03  1.4000000E-03  1.0235629E-02   3.474796    
  1.4000000E-03  1.5000000E-03  1.0620928E-02   4.708200    
  1.5000000E-03  1.6000000E-03  1.0992195E-02   1.495757    
  1.6000000E-03  1.6999999E-03  1.2187305E-02   3.621572    
  1.6999999E-03  1.8000000E-03  1.2350935E-02   3.734120    
  1.8000000E-03  1.8999999E-03  1.3774222E-02   5.093261    
  1.8999999E-03  1.9999999E-03  1.4818783E-02   2.783036    
  1.9999999E-03  2.0999999E-03  1.4952140E-02   1.317276    
  2.0999999E-03  2.2000000E-03  1.6908186E-02   3.639341    
  2.2000000E-03  2.3000001E-03  1.9742170E-02   2.951765    
  2.3000001E-03  2.3999999E-03  2.7277468E-02   2.110693    
  2.3999999E-03  2.4999999E-03   64.43140      1.3592905E-02
  2.4999999E-03  2.6000000E-03   289.1167      3.3546693E-03
  2.6000000E-03  2.6999998E-03  1.2860152E-02   1.711239    
  2.6999998E-03  2.7999999E-03  4.6117300E-08   75.10763    
  2.7999999E-03  2.9000000E-03  6.0710747E-08   62.26178    
  2.9000000E-03  3.0000000E-03  1.0305749E-08   99.00000    


 # Detector n:            4   85-95     
 # N. of energy intervals          30
   0.000000      9.9999997E-05  3.1035922E-03   3.172746    
  9.9999997E-05  1.9999999E-04  2.5297601E-03   4.282203    
  1.9999999E-04  2.9999999E-04  3.1476966E-03   3.522020    
  2.9999999E-04  3.9999999E-04  3.7423612E-03   2.691195    
  3.9999999E-04  4.9999997E-04  4.3889028E-03   2.812507    
  4.9999997E-04  5.9999997E-04  5.2399044E-03   2.391535    
  5.9999997E-04  6.9999998E-04  5.6288568E-03   3.178350    
  6.9999998E-04  7.9999998E-04  6.4567332E-03   3.014927    
  7.9999998E-04  8.9999998E-04  7.2666700E-03   3.481451    
  8.9999998E-04  9.9999993E-04  8.2634240E-03   4.550082    
  9.9999993E-04  1.1000000E-03  8.9968517E-03   1.411849    
  1.1000000E-03  1.1999999E-03  9.3106385E-03  0.4652675    
  1.1999999E-03  1.3000000E-03  1.0721586E-02   2.704260    
  1.3000000E-03  1.4000000E-03  1.1826865E-02   2.284030    
  1.4000000E-03  1.5000000E-03  1.2123151E-02   3.455845    
  1.5000000E-03  1.6000000E-03  1.3281395E-02   2.830084    
  1.6000000E-03  1.6999999E-03  1.3207215E-02   6.378154    
  1.6999999E-03  1.8000000E-03  1.4177320E-02   1.174107    
  1.8000000E-03  1.8999999E-03  1.5844995E-02   2.388188    
  1.8999999E-03  1.9999999E-03  1.6616309E-02   1.952908    
  1.9999999E-03  2.0999999E-03  1.7695924E-02   1.909061    
  2.0999999E-03  2.2000000E-03  2.0317512E-02   2.231725    
  2.2000000E-03  2.3000001E-03  2.7117647E-02   1.791667    
  2.3000001E-03  2.3999999E-03   4.830618      4.6530668E-02
  2.3999999E-03  2.4999999E-03   331.4710      5.1834933E-03
  2.4999999E-03  2.6000000E-03   17.25657      0.1069576    
  2.6000000E-03  2.6999998E-03  9.1132392E-08   22.08191    
  2.6999998E-03  2.7999999E-03  2.4268452E-08   40.83002    
  2.7999999E-03  2.9000000E-03   0.000000       0.000000    
  2.9000000E-03  3.0000000E-03  1.3019592E-08   99.00000    


 # Detector n:            5   95-105    
 # N. of energy intervals          30
   0.000000      9.9999997E-05  2.9202132E-03   3.766235    
  9.9999997E-05  1.9999999E-04  2.3523741E-03   3.971682    
  1.9999999E-04  2.9999999E-04  2.9866199E-03   4.862009    
  2.9999999E-04  3.9999999E-04  3.6848316E-03   4.000899    
  3.9999999E-04  4.9999997E-04  4.3756734E-03   2.552536    
  4.9999997E-04  5.9999997E-04  5.0967024E-03   3.366187    
  5.9999997E-04  6.9999998E-04  5.8077169E-03   3.660859    
  6.9999998E-04  7.9999998E-04  6.6443007E-03   2.819721    
  7.9999998E-04  8.9999998E-04  7.4134339E-03   1.643351    
  8.9999998E-04  9.9999993E-04  8.4826639E-03   1.420910    
  9.9999993E-04  1.1000000E-03  9.3290731E-03   1.706384    
  1.1000000E-03  1.1999999E-03  1.0743043E-02   1.705709    
  1.1999999E-03  1.3000000E-03  1.1166673E-02   2.621436    
  1.3000000E-03  1.4000000E-03  1.2650124E-02   1.836627    
  1.4000000E-03  1.5000000E-03  1.3053407E-02   3.012912    
  1.5000000E-03  1.6000000E-03  1.4544105E-02   2.671682    
  1.6000000E-03  1.6999999E-03  1.5803471E-02   1.665898    
  1.6999999E-03  1.8000000E-03  1.7202755E-02   2.957608    
  1.8000000E-03  1.8999999E-03  1.8540561E-02  0.5835625    
  1.8999999E-03  1.9999999E-03  1.8013781E-02   2.047898    
  1.9999999E-03  2.0999999E-03  2.1423332E-02   2.294717    
  2.0999999E-03  2.2000000E-03  2.7866900E-02   1.989857    
  2.2000000E-03  2.3000001E-03  0.1947321      0.5976185    
  2.3000001E-03  2.3999999E-03   207.7710      7.9077333E-03
  2.3999999E-03  2.4999999E-03   145.5896      1.0232382E-02
  2.4999999E-03  2.6000000E-03  6.3897081E-05   26.36592    
  2.6000000E-03  2.6999998E-03  5.3632604E-08   36.44079    
  2.6999998E-03  2.7999999E-03  6.3116040E-08   50.54306    
  2.7999999E-03  2.9000000E-03  1.3487733E-08   99.00000    
  2.9000000E-03  3.0000000E-03  9.2506474E-09   99.00000    


 # Detector n:            6   105-115   
 # N. of energy intervals          30
   0.000000      9.9999997E-05  3.6419421E-03   4.738297    
  9.9999997E-05  1.9999999E-04  2.8413688E-03   4.625139    
  1.9999999E-04  2.9999999E-04  3.5014725E-03   3.257881    
  2.9999999E-04  3.9999999E-04  4.2393981E-03   4.092190    
  3.9999999E-04  4.9999997E-04  4.9826670E-03   4.381257    
  4.9999997E-04  5.9999997E-04  5.7414868E-03   3.871103    
  5.9999997E-04  6.9999998E-04  6.7204358E-03   2.958159    
  6.9999998E-04  7.9999998E-04  7.2163441E-03   4.205475    
  7.9999998E-04  8.9999998E-04  8.0224462E-03   3.149797    
  8.9999998E-04  9.9999993E-04  8.9470781E-03   2.386319    
  9.9999993E-04  1.1000000E-03  1.0194883E-02   3.184224    
  1.1000000E-03  1.1999999E-03  1.1689368E-02   3.932717    
  1.1999999E-03  1.3000000E-03  1.2918052E-02   2.472437    
  1.3000000E-03  1.4000000E-03  1.3589135E-02   1.949648    
  1.4000000E-03  1.5000000E-03  1.5469388E-02   4.135012    
  1.5000000E-03  1.6000000E-03  1.6080938E-02   3.912521    
  1.6000000E-03  1.6999999E-03  1.7168775E-02  0.9440712    
  1.6999999E-03  1.8000000E-03  1.8308233E-02   1.639650    
  1.8000000E-03  1.8999999E-03  1.8973097E-02   1.942293    
  1.8999999E-03  1.9999999E-03  2.1409549E-02   2.199608    
  1.9999999E-03  2.0999999E-03  2.8417163E-02   2.415192    
  2.0999999E-03  2.2000000E-03  4.2988386E-02   1.253346    
  2.2000000E-03  2.3000001E-03   66.78049      2.0475788E-02
  2.3000001E-03  2.3999999E-03   286.1548      4.8208353E-03
  2.3999999E-03  2.4999999E-03  0.5754032      0.2619545    
  2.4999999E-03  2.6000000E-03  5.0044999E-08   48.67223    
  2.6000000E-03  2.6999998E-03  3.3310680E-08   56.92851    
  2.6999998E-03  2.7999999E-03  1.0901752E-07   30.73648    
  2.7999999E-03  2.9000000E-03  9.5627350E-08   30.64740    
  2.9000000E-03  3.0000000E-03  4.8099395E-08   78.30350    


 # Detector n:            7   115-125   
 # N. of energy intervals          30
   0.000000      9.9999997E-05  3.7281539E-03   4.476268    
  9.9999997E-05  1.9999999E-04  3.0090821E-03   3.911528    
  1.9999999E-04  2.9999999E-04  3.7372084E-03   2.882800    
  2.9999999E-04  3.9999999E-04  4.5937379E-03   2.966864    
  3.9999999E-04  4.9999997E-04  5.4279040E-03   1.729697    
  4.9999997E-04  5.9999997E-04  6.0968357E-03   2.569756    
  5.9999997E-04  6.9999998E-04  6.9238083E-03   3.051877    
  6.9999998E-04  7.9999998E-04  8.1269108E-03   3.614387    
  7.9999998E-04  8.9999998E-04  9.1953613E-03   3.372982    
  8.9999998E-04  9.9999993E-04  1.0472212E-02   3.386127    
  9.9999993E-04  1.1000000E-03  1.2047585E-02   4.158517    
  1.1000000E-03  1.1999999E-03  1.2452151E-02   4.216557    
  1.1999999E-03  1.3000000E-03  1.4247900E-02   3.795653    
  1.3000000E-03  1.4000000E-03  1.4933350E-02   3.256614    
  1.4000000E-03  1.5000000E-03  1.5879473E-02   4.378740    
  1.5000000E-03  1.6000000E-03  1.7279755E-02   3.945280    
  1.6000000E-03  1.6999999E-03  1.8204881E-02   3.137990    
  1.6999999E-03  1.8000000E-03  2.0468291E-02   2.401458    
  1.8000000E-03  1.8999999E-03  2.2665679E-02   2.333683    
  1.8999999E-03  1.9999999E-03  2.8968496E-02   1.424687    
  1.9999999E-03  2.0999999E-03  3.8510811E-02   1.925716    
  2.0999999E-03  2.2000000E-03   11.45601      4.6256784E-02
  2.2000000E-03  2.3000001E-03   316.0521      5.0387448E-03
  2.3000001E-03  2.3999999E-03   26.00629      4.6767853E-02
  2.3999999E-03  2.4999999E-03  6.0364769E-08   46.70362    
  2.4999999E-03  2.6000000E-03  6.9821077E-08   63.79935    
  2.6000000E-03  2.6999998E-03  3.4773908E-08   75.76394    
  2.6999998E-03  2.7999999E-03  6.5323292E-08   61.24010    
  2.7999999E-03  2.9000000E-03  7.5934693E-08   31.28582    
  2.9000000E-03  3.0000000E-03  7.9040944E-08   33.65039    


 # Detector n:            8   125-150   
 # N. of energy intervals          30
   0.000000      9.9999997E-05  4.5236545E-03   2.036282    
  9.9999997E-05  1.9999999E-04  3.6370673E-03   1.787680    
  1.9999999E-04  2.9999999E-04  4.5983363E-03   2.024042    
  2.9999999E-04  3.9999999E-04  5.6554587E-03   1.964520    
  3.9999999E-04  4.9999997E-04  6.6778017E-03   1.927137    
  4.9999997E-04  5.9999997E-04  7.6787095E-03   1.978841    
  5.9999997E-04  6.9999998E-04  8.8713933E-03   1.826124    
  6.9999998E-04  7.9999998E-04  1.0096814E-02   2.431679    
  7.9999998E-04  8.9999998E-04  1.1227422E-02   1.854670    
  8.9999998E-04  9.9999993E-04  1.2311934E-02   1.072834    
  9.9999993E-04  1.1000000E-03  1.3438093E-02  0.8653007    
  1.1000000E-03  1.1999999E-03  1.5066137E-02  0.9532109    
  1.1999999E-03  1.3000000E-03  1.6409628E-02   1.838059    
  1.3000000E-03  1.4000000E-03  1.7761558E-02   1.395857    
  1.4000000E-03  1.5000000E-03  1.9916667E-02   1.214670    
  1.5000000E-03  1.6000000E-03  2.1813558E-02   1.808015    
  1.6000000E-03  1.6999999E-03  2.3895165E-02  0.4207501    
  1.6999999E-03  1.8000000E-03  2.8210239E-02   1.476448    
  1.8000000E-03  1.8999999E-03  3.6790088E-02  0.9813612    
  1.8999999E-03  1.9999999E-03   1.124036      0.1580227    
  1.9999999E-03  2.0999999E-03   107.1887      6.6794381E-03
  2.0999999E-03  2.2000000E-03   200.0541      3.8712849E-03
  2.2000000E-03  2.3000001E-03   45.15471      2.9181233E-03
  2.3000001E-03  2.3999999E-03  1.1538245E-03   1.871062    
  2.3999999E-03  2.4999999E-03  2.0533385E-08   65.71298    
  2.4999999E-03  2.6000000E-03  2.6298265E-08   56.18906    
  2.6000000E-03  2.6999998E-03  5.8107496E-08   49.11460    
  2.6999998E-03  2.7999999E-03  3.2447037E-08   55.43068    
  2.7999999E-03  2.9000000E-03  3.3607339E-08   35.71155    
  2.9000000E-03  3.0000000E-03  5.7955511E-08   38.66743    


 # Detector n:            9   150-170   
 # N. of energy intervals          30
   0.000000      9.9999997E-05  5.7510771E-03   1.467306    
  9.9999997E-05  1.9999999E-04  4.6391357E-03   1.678551    
  1.9999999E-04  2.9999999E-04  5.7611773E-03   1.961894    
  2.9999999E-04  3.9999999E-04  7.1114008E-03   1.618058    
  3.9999999E-04  4.9999997E-04  8.4698424E-03   1.605162    
  4.9999997E-04  5.9999997E-04  9.7379899E-03  0.8391457    
  5.9999997E-04  6.9999998E-04  1.1315493E-02   1.344587    
  6.9999998E-04  7.9999998E-04  1.2613689E-02   1.953104    
  7.9999998E-04  8.9999998E-04  1.4212924E-02   1.406300    
  8.9999998E-04  9.9999993E-04  1.6001336E-02   1.449527    
  9.9999993E-04  1.1000000E-03  1.8111236E-02   1.493333    
  1.1000000E-03  1.1999999E-03  2.0115895E-02   1.063212    
  1.1999999E-03  1.3000000E-03  2.1946397E-02   1.627071    
  1.3000000E-03  1.4000000E-03  2.3437228E-02   1.508070    
  1.4000000E-03  1.5000000E-03  2.6551599E-02   1.991611    
  1.5000000E-03  1.6000000E-03  3.0889221E-02   1.508687    
  1.6000000E-03  1.6999999E-03  3.9635897E-02  0.9264197    
  1.6999999E-03  1.8000000E-03  0.1248145      0.4679301    
  1.8000000E-03  1.8999999E-03   39.73302      1.2779414E-02
  1.8999999E-03  1.9999999E-03   217.0303      3.2537538E-03
  1.9999999E-03  2.0999999E-03   96.41515      4.7543896E-03
  2.0999999E-03  2.2000000E-03  0.2130660      0.5562396    
  2.2000000E-03  2.3000001E-03  5.1258571E-08   53.04363    
  2.3000001E-03  2.3999999E-03  6.5807583E-08   34.85076    
  2.3999999E-03  2.4999999E-03  1.2835438E-08   99.00000    
  2.4999999E-03  2.6000000E-03  6.1292802E-08   47.34291    
  2.6000000E-03  2.6999998E-03  1.5752681E-08   61.23831    
  2.6999998E-03  2.7999999E-03  5.9981602E-08   16.04601    
  2.7999999E-03  2.9000000E-03  5.2068451E-08   8.977046    
  2.9000000E-03  3.0000000E-03  4.8004601E-08   38.03784    


 # Detector n:           10   170-180   
 # N. of energy intervals          30
   0.000000      9.9999997E-05  6.7801015E-03   2.098396    
  9.9999997E-05  1.9999999E-04  5.4563195E-03   2.155328    
  1.9999999E-04  2.9999999E-04  6.9739572E-03   1.914108    
  2.9999999E-04  3.9999999E-04  8.5879294E-03   1.662475    
  3.9999999E-04  4.9999997E-04  1.0402652E-02  0.7975656    
  4.9999997E-04  5.9999997E-04  1.2328461E-02   1.528656    
  5.9999997E-04  6.9999998E-04  1.4154072E-02  0.8807607    
  6.9999998E-04  7.9999998E-04  1.5685285E-02   1.818024    
  7.9999998E-04  8.9999998E-04  1.7513765E-02   2.298766    
  8.9999998E-04  9.9999993E-04  1.9873323E-02   1.745045    
  9.9999993E-04  1.1000000E-03  2.1737345E-02   1.673679    
  1.1000000E-03  1.1999999E-03  2.3389002E-02   1.856567    
  1.1999999E-03  1.3000000E-03  2.6258070E-02   1.489818    
  1.3000000E-03  1.4000000E-03  3.0033685E-02   1.830480    
  1.4000000E-03  1.5000000E-03  3.6814395E-02   1.218201    
  1.5000000E-03  1.6000000E-03  4.6033785E-02   1.121866    
  1.6000000E-03  1.6999999E-03  0.1009851       1.233433    
  1.6999999E-03  1.8000000E-03   36.85792      4.1019615E-02
  1.8000000E-03  1.8999999E-03   288.3364      5.1588700E-03
  1.8999999E-03  1.9999999E-03   28.19854      3.0886779E-02
  1.9999999E-03  2.0999999E-03  6.0559018E-04   4.432639    
  2.0999999E-03  2.2000000E-03  6.6342750E-08   67.82700    
  2.2000000E-03  2.3000001E-03  3.2955993E-09   98.45638    
  2.3000001E-03  2.3999999E-03  1.0111865E-07   48.72051    
  2.3999999E-03  2.4999999E-03  5.9974177E-08   51.02901    
  2.4999999E-03  2.6000000E-03  7.1535538E-08   42.95180    
  2.6000000E-03  2.6999998E-03  6.6027830E-08   41.01244    
  2.6999998E-03  2.7999999E-03  8.8401393E-08   32.25175    
  2.7999999E-03  2.9000000E-03  6.2609374E-08   62.48013    
  2.9000000E-03  3.0000000E-03  1.1319059E-07   78.74892    


 # Detector n:           11   180-300   
 # N. of energy intervals          30
   0.000000      9.9999997E-05  5.1582474E-02  0.1811319    
  9.9999997E-05  1.9999999E-04  0.1383168      0.1469602    
  1.9999999E-04  2.9999999E-04  0.7432887      9.1898181E-02
  2.9999999E-04  3.9999999E-04   2.813359      4.2623397E-02
  3.9999999E-04  4.9999997E-04   8.515183      7.3685120E-03
  4.9999997E-04  5.9999997E-04   16.27452      3.9041811E-03
  5.9999997E-04  6.9999998E-04   16.01739      5.6647891E-03
  6.9999998E-04  7.9999998E-04   19.42992      5.2025034E-03
  7.9999998E-04  8.9999998E-04   21.94933      4.3547843E-03
  8.9999998E-04  9.9999993E-04   22.26126      7.6378016E-03
  9.9999993E-04  1.1000000E-03   22.79233      3.9004157E-03
  1.1000000E-03  1.1999999E-03   28.03230      7.8954110E-03
  1.1999999E-03  1.3000000E-03   34.72297      7.6619238E-03
  1.3000000E-03  1.4000000E-03   23.57905      1.1842688E-02
  1.4000000E-03  1.5000000E-03   27.21548      1.0811444E-02
  1.5000000E-03  1.6000000E-03   46.69193      3.4453811E-03
  1.6000000E-03  1.6999999E-03   25.10102      1.1279190E-02
  1.6999999E-03  1.8000000E-03   31.75635      3.7567723E-03
  1.8000000E-03  1.8999999E-03   5.706349      7.5184898E-03
  1.8999999E-03  1.9999999E-03  2.6554558E-03   1.115537    
  1.9999999E-03  2.0999999E-03  6.2627464E-08   10.68545    
  2.0999999E-03  2.2000000E-03  4.3034014E-08   25.36324    
  2.2000000E-03  2.3000001E-03  3.7254036E-08   24.38162    
  2.3000001E-03  2.3999999E-03  6.1932546E-08   34.78354    
  2.3999999E-03  2.4999999E-03  3.1907518E-08   14.24460    
  2.4999999E-03  2.6000000E-03  6.0224302E-08   30.74380    
  2.6000000E-03  2.6999998E-03  4.5675709E-08   25.26272    
  2.6999998E-03  2.7999999E-03  6.3022398E-08   23.58737    
  2.7999999E-03  2.9000000E-03  5.7697001E-08   38.66722    
  2.9000000E-03  3.0000000E-03  2.8558604E-08   60.19196    
